#
# There is insufficient memory for the Java Runtime Environment to continue.
# Native memory allocation (malloc) failed to allocate 65552 bytes. Error detail: Chunk::new
# Possible reasons:
#   The system is out of physical RAM or swap space
#   This process is running with CompressedOops enabled, and the Java Heap may be blocking the growth of the native heap
# Possible solutions:
#   Reduce memory load on the system
#   Increase physical memory or swap space
#   Check if swap backing store is full
#   Decrease Java heap size (-Xmx/-Xms)
#   Decrease number of Java threads
#   Decrease Java thread stack sizes (-Xss)
#   Set larger code cache with -XX:ReservedCodeCacheSize=
#   JVM is running with Unscaled Compressed Oops mode in which the Java heap is
#     placed in the first 4GB address space. The Java Heap base address is the
#     maximum limit for the native heap growth. Please use -XX:HeapBaseMinAddress
#     to set the Java Heap base and to place the Java Heap above 4GB virtual address.
# This output file may be truncated or incomplete.
#
#  Out of Memory Error (arena.cpp:168), pid=10500, tid=28452
#
# JRE version: OpenJDK Runtime Environment Temurin-21.0.6+7 (21.0.6+7) (build 21.0.6+7-LTS)
# Java VM: OpenJDK 64-Bit Server VM Temurin-21.0.6+7 (21.0.6+7-LTS, mixed mode, sharing, tiered, compressed oops, compressed class ptrs, g1 gc, windows-amd64)
# No core dump will be written. Minidumps are not enabled by default on client versions of Windows
#

---------------  S U M M A R Y ------------

Command Line: -Dfile.encoding=UTF-8 -Dstdout.encoding=UTF-8 -Dstderr.encoding=UTF-8 -XX:+ShowCodeDetailsInExceptionMessages com.wallet.gateway.ApiGatewayApplication

Host: 11th Gen Intel(R) Core(TM) i5-11300H @ 3.10GHz, 8 cores, 7G,  Windows 11 , 64 bit Build 26100 (10.0.26100.7920)
Time: Fri Mar 27 10:52:55 2026 India Standard Time elapsed time: 555.919344 seconds (0d 0h 9m 15s)

---------------  T H R E A D  ---------------

Current thread (0x0000026c9680a5b0):  JavaThread "C2 CompilerThread0" daemon [_thread_in_native, id=28452, stack(0x000000e818700000,0x000000e818800000) (1024K)]


Current CompileTask:
C2:555919 8330   !   4       sun.reflect.annotation.AnnotationParser::parseAnnotation2 (275 bytes)

Stack: [0x000000e818700000,0x000000e818800000]
Native frames: (J=compiled Java code, j=interpreted, Vv=VM code, C=native code)
V  [jvm.dll+0x6cdee9]
V  [jvm.dll+0x8a83d1]
V  [jvm.dll+0x8aa8fe]
V  [jvm.dll+0x8aafe3]
V  [jvm.dll+0x27f706]
V  [jvm.dll+0xc500d]
V  [jvm.dll+0xc5543]
V  [jvm.dll+0xc5135]
V  [jvm.dll+0x72409c]
V  [jvm.dll+0x601537]
V  [jvm.dll+0x5e66fa]
V  [jvm.dll+0x5e3958]
V  [jvm.dll+0x5e5c7b]
V  [jvm.dll+0x5e5539]
V  [jvm.dll+0x5e4d8e]
V  [jvm.dll+0x5e4da1]
V  [jvm.dll+0x5e4d55]
V  [jvm.dll+0x5f7195]
V  [jvm.dll+0x250bb2]
V  [jvm.dll+0x249526]
V  [jvm.dll+0x246ec4]
V  [jvm.dll+0x1c75ee]
V  [jvm.dll+0x25685a]
V  [jvm.dll+0x254dfa]
V  [jvm.dll+0x3f0256]
V  [jvm.dll+0x851f8b]
V  [jvm.dll+0x6cc5ed]
C  [ucrtbase.dll+0x37b0]
C  [KERNEL32.DLL+0x2e8d7]
C  [ntdll.dll+0x8c48c]


---------------  P R O C E S S  ---------------

Threads class SMR info:
_java_thread_list=0x0000026cdf4e7990, length=39, elements={
0x0000026cff4fd5b0, 0x0000026cff4fe100, 0x0000026c967fcd50, 0x0000026c967fd7a0,
0x0000026c96806860, 0x0000026c96807730, 0x0000026c9680a5b0, 0x0000026c9680f850,
0x0000026c96950360, 0x0000026c96957160, 0x0000026cdf320b80, 0x0000026cdfc575a0,
0x0000026ce0f4d590, 0x0000026ce1dd7970, 0x0000026cddc8fee0, 0x0000026cdf7cae80,
0x0000026cdd1b70d0, 0x0000026cdd1b8480, 0x0000026cdd1b5690, 0x0000026cdd1b7760,
0x0000026cdd1b5d20, 0x0000026cdd1b7df0, 0x0000026cddb79870, 0x0000026cddb78b50,
0x0000026cddb77110, 0x0000026cddb763f0, 0x0000026cddb77e30, 0x0000026cddb777a0,
0x0000026cddb79f00, 0x0000026cddb76a80, 0x0000026cddb7a590, 0x0000026cddb791e0,
0x0000026cddb7b940, 0x0000026cddb7ac20, 0x0000026cddb7bfd0, 0x0000026cddb7c660,
0x0000026cddb7da10, 0x0000026cddb7ccf0, 0x0000026cddb7d380
}

Java Threads: ( => current thread )
  0x0000026cff4fd5b0 JavaThread "Reference Handler"          daemon [_thread_blocked, id=17872, stack(0x000000e818100000,0x000000e818200000) (1024K)]
  0x0000026cff4fe100 JavaThread "Finalizer"                  daemon [_thread_blocked, id=30876, stack(0x000000e818200000,0x000000e818300000) (1024K)]
  0x0000026c967fcd50 JavaThread "Signal Dispatcher"          daemon [_thread_blocked, id=12496, stack(0x000000e818300000,0x000000e818400000) (1024K)]
  0x0000026c967fd7a0 JavaThread "Attach Listener"            daemon [_thread_blocked, id=28752, stack(0x000000e818400000,0x000000e818500000) (1024K)]
  0x0000026c96806860 JavaThread "Service Thread"             daemon [_thread_blocked, id=14332, stack(0x000000e818500000,0x000000e818600000) (1024K)]
  0x0000026c96807730 JavaThread "Monitor Deflation Thread"   daemon [_thread_blocked, id=22780, stack(0x000000e818600000,0x000000e818700000) (1024K)]
=>0x0000026c9680a5b0 JavaThread "C2 CompilerThread0"         daemon [_thread_in_native, id=28452, stack(0x000000e818700000,0x000000e818800000) (1024K)]
  0x0000026c9680f850 JavaThread "C1 CompilerThread0"         daemon [_thread_blocked, id=8272, stack(0x000000e818800000,0x000000e818900000) (1024K)]
  0x0000026c96950360 JavaThread "Notification Thread"        daemon [_thread_blocked, id=16840, stack(0x000000e818900000,0x000000e818a00000) (1024K)]
  0x0000026c96957160 JavaThread "Common-Cleaner"             daemon [_thread_blocked, id=22656, stack(0x000000e818a00000,0x000000e818b00000) (1024K)]
  0x0000026cdf320b80 JavaThread "boundedElastic-evictor-1"   daemon [_thread_blocked, id=14424, stack(0x000000e818b00000,0x000000e818c00000) (1024K)]
  0x0000026cdfc575a0 JavaThread "spring.cloud.inetutils"     daemon [_thread_blocked, id=25956, stack(0x000000e819600000,0x000000e819700000) (1024K)]
  0x0000026ce0f4d590 JavaThread "AsyncResolver-bootstrap-0"  daemon [_thread_blocked, id=23280, stack(0x000000e819700000,0x000000e819800000) (1024K)]
  0x0000026ce1dd7970 JavaThread "DiscoveryClient-0"          daemon [_thread_blocked, id=14468, stack(0x000000e819900000,0x000000e819a00000) (1024K)]
  0x0000026cddc8fee0 JavaThread "DiscoveryClient-1"          daemon [_thread_blocked, id=26024, stack(0x000000e819a00000,0x000000e819b00000) (1024K)]
  0x0000026cdf7cae80 JavaThread "DiscoveryClient-InstanceInfoReplicator-0" daemon [_thread_blocked, id=19080, stack(0x000000e819b00000,0x000000e819c00000) (1024K)]
  0x0000026cdd1b70d0 JavaThread "reactor-http-nio-1"         daemon [_thread_in_native, id=23396, stack(0x000000e819500000,0x000000e819600000) (1024K)]
  0x0000026cdd1b8480 JavaThread "server"                            [_thread_blocked, id=30436, stack(0x000000e819c00000,0x000000e819d00000) (1024K)]
  0x0000026cdd1b5690 JavaThread "DestroyJavaVM"                     [_thread_blocked, id=12824, stack(0x000000e817900000,0x000000e817a00000) (1024K)]
  0x0000026cdd1b7760 JavaThread "DiscoveryClient-CacheRefreshExecutor-0" daemon [_thread_blocked, id=13240, stack(0x000000e819e00000,0x000000e819f00000) (1024K)]
  0x0000026cdd1b5d20 JavaThread "DiscoveryClient-HeartbeatExecutor-0" daemon [_thread_blocked, id=8468, stack(0x000000e819f00000,0x000000e81a000000) (1024K)]
  0x0000026cdd1b7df0 JavaThread "reactor-http-nio-2"         daemon [_thread_in_native, id=21780, stack(0x000000e817600000,0x000000e817700000) (1024K)]
  0x0000026cddb79870 JavaThread "parallel-1"                 daemon [_thread_blocked, id=152, stack(0x000000e817700000,0x000000e817800000) (1024K)]
  0x0000026cddb78b50 JavaThread "pool-11-thread-1"           daemon [_thread_blocked, id=30724, stack(0x000000e817800000,0x000000e817900000) (1024K)]
  0x0000026cddb77110 JavaThread "reactor-http-nio-3"         daemon [_thread_in_native, id=16040, stack(0x000000e819d00000,0x000000e819e00000) (1024K)]
  0x0000026cddb763f0 JavaThread "reactor-http-nio-4"         daemon [_thread_in_native, id=808, stack(0x000000e81a000000,0x000000e81a100000) (1024K)]
  0x0000026cddb77e30 JavaThread "reactor-http-nio-5"         daemon [_thread_in_native, id=1472, stack(0x000000e81a100000,0x000000e81a200000) (1024K)]
  0x0000026cddb777a0 JavaThread "reactor-http-nio-6"         daemon [_thread_in_native, id=28320, stack(0x000000e81a200000,0x000000e81a300000) (1024K)]
  0x0000026cddb79f00 JavaThread "reactor-http-nio-7"         daemon [_thread_in_native, id=23628, stack(0x000000e81a300000,0x000000e81a400000) (1024K)]
  0x0000026cddb76a80 JavaThread "reactor-http-nio-8"         daemon [_thread_in_native, id=30700, stack(0x000000e81a400000,0x000000e81a500000) (1024K)]
  0x0000026cddb7a590 JavaThread "Jndi-Dns-address-change-listener" daemon [_thread_in_native, id=23340, stack(0x000000e81a500000,0x000000e81a600000) (1024K)]
  0x0000026cddb791e0 JavaThread "parallel-2"                 daemon [_thread_blocked, id=31712, stack(0x000000e81a800000,0x000000e81a900000) (1024K)]
  0x0000026cddb7b940 JavaThread "parallel-3"                 daemon [_thread_blocked, id=11696, stack(0x000000e81a600000,0x000000e81a700000) (1024K)]
  0x0000026cddb7ac20 JavaThread "parallel-4"                 daemon [_thread_blocked, id=5492, stack(0x000000e819000000,0x000000e819100000) (1024K)]
  0x0000026cddb7bfd0 JavaThread "parallel-5"                 daemon [_thread_blocked, id=16888, stack(0x000000e81aa00000,0x000000e81ab00000) (1024K)]
  0x0000026cddb7c660 JavaThread "AsyncResolver-bootstrap-executor-0" daemon [_thread_blocked, id=22216, stack(0x000000e81ab00000,0x000000e81ac00000) (1024K)]
  0x0000026cddb7da10 JavaThread "parallel-6"                 daemon [_thread_blocked, id=25012, stack(0x000000e81a900000,0x000000e81aa00000) (1024K)]
  0x0000026cddb7ccf0 JavaThread "parallel-7"                 daemon [_thread_blocked, id=25176, stack(0x000000e81a700000,0x000000e81a800000) (1024K)]
  0x0000026cddb7d380 JavaThread "parallel-8"                 daemon [_thread_blocked, id=18852, stack(0x000000e81ac00000,0x000000e81ad00000) (1024K)]
Total: 39

Other Threads:
  0x0000026cff4e7f30 VMThread "VM Thread"                           [id=11620, stack(0x000000e818000000,0x000000e818100000) (1024K)]
  0x0000026cff4d4c20 WatcherThread "VM Periodic Task Thread"        [id=8056, stack(0x000000e817f00000,0x000000e818000000) (1024K)]
  0x0000026cfe796b00 WorkerThread "GC Thread#0"                     [id=7224, stack(0x000000e817a00000,0x000000e817b00000) (1024K)]
  0x0000026cdcb27c00 WorkerThread "GC Thread#1"                     [id=8300, stack(0x000000e818c00000,0x000000e818d00000) (1024K)]
  0x0000026cdca040c0 WorkerThread "GC Thread#2"                     [id=19912, stack(0x000000e818d00000,0x000000e818e00000) (1024K)]
  0x0000026cdc01c090 WorkerThread "GC Thread#3"                     [id=18980, stack(0x000000e818e00000,0x000000e818f00000) (1024K)]
  0x0000026cdc7d9230 WorkerThread "GC Thread#4"                     [id=21920, stack(0x000000e818f00000,0x000000e819000000) (1024K)]
  0x0000026cdce60b90 WorkerThread "GC Thread#5"                     [id=22676, stack(0x000000e819200000,0x000000e819300000) (1024K)]
  0x0000026cdde685c0 WorkerThread "GC Thread#6"                     [id=12912, stack(0x000000e819300000,0x000000e819400000) (1024K)]
  0x0000026cdce96a60 WorkerThread "GC Thread#7"                     [id=8172, stack(0x000000e819400000,0x000000e819500000) (1024K)]
  0x0000026cfe7e67b0 ConcurrentGCThread "G1 Main Marker"            [id=11172, stack(0x000000e817b00000,0x000000e817c00000) (1024K)]
  0x0000026cfe7e72b0 WorkerThread "G1 Conc#0"                       [id=19032, stack(0x000000e817c00000,0x000000e817d00000) (1024K)]
  0x0000026cdd0d74a0 WorkerThread "G1 Conc#1"                       [id=18160, stack(0x000000e819100000,0x000000e819200000) (1024K)]
  0x0000026cff3a7420 ConcurrentGCThread "G1 Refine#0"               [id=22012, stack(0x000000e817d00000,0x000000e817e00000) (1024K)]
  0x0000026cff3a7f90 ConcurrentGCThread "G1 Service"                [id=2864, stack(0x000000e817e00000,0x000000e817f00000) (1024K)]
Total: 15

Threads with active compile tasks:
C2 CompilerThread0  556068 8330   !   4       sun.reflect.annotation.AnnotationParser::parseAnnotation2 (275 bytes)
Total: 1

VM state: not at safepoint (normal execution)

VM Mutex/Monitor currently owned by a thread: None

Heap address: 0x0000000083e00000, size: 1986 MB, Compressed Oops mode: 32-bit

CDS archive(s) mapped at: [0x0000026c97000000-0x0000026c97c80000-0x0000026c97c80000), size 13107200, SharedBaseAddress: 0x0000026c97000000, ArchiveRelocationMode: 1.
Compressed class space mapped at: 0x0000026c98000000-0x0000026cd8000000, reserved size: 1073741824
Narrow klass base: 0x0000026c97000000, Narrow klass shift: 0, Narrow klass range: 0x100000000

GC Precious Log:
 CardTable entry size: 512
 Card Set container configuration: InlinePtr #cards 5 size 8 Array Of Cards #cards 12 size 40 Howl #buckets 4 coarsen threshold 1843 Howl Bitmap #cards 512 size 80 coarsen threshold 460 Card regions per heap region 1 cards per card region 2048
 CPUs: 8 total, 8 available
 Memory: 7937M
 Large Page Support: Disabled
 NUMA Support: Disabled
 Compressed Oops: Enabled (32-bit)
 Heap Region Size: 1M
 Heap Min Capacity: 8M
 Heap Initial Capacity: 126M
 Heap Max Capacity: 1986M
 Pre-touch: Disabled
 Parallel Workers: 8
 Concurrent Workers: 2
 Concurrent Refinement Workers: 8
 Periodic GC: Disabled

Heap:
 garbage-first heap   total 73728K, used 47117K [0x0000000083e00000, 0x0000000100000000)
  region size 1024K, 17 young (17408K), 3 survivors (3072K)
 Metaspace       used 59523K, committed 60416K, reserved 1114112K
  class space    used 7791K, committed 8192K, reserved 1048576K

Heap Regions: E=young(eden), S=young(survivor), O=old, HS=humongous(starts), HC=humongous(continues), CS=collection set, F=free, TAMS=top-at-mark-start, PB=parsable bottom
|   0|0x0000000083e00000, 0x0000000083f00000, 0x0000000083f00000|100%|HS|  |TAMS 0x0000000083e00000| PB 0x0000000083e00000| Complete 
|   1|0x0000000083f00000, 0x0000000084000000, 0x0000000084000000|100%| O|  |TAMS 0x0000000083f00000| PB 0x0000000083f00000| Untracked 
|   2|0x0000000084000000, 0x0000000084100000, 0x0000000084100000|100%| O|  |TAMS 0x0000000084000000| PB 0x0000000084000000| Untracked 
|   3|0x0000000084100000, 0x0000000084200000, 0x0000000084200000|100%| O|  |TAMS 0x0000000084100000| PB 0x0000000084100000| Untracked 
|   4|0x0000000084200000, 0x0000000084300000, 0x0000000084300000|100%| O|  |TAMS 0x0000000084200000| PB 0x0000000084200000| Untracked 
|   5|0x0000000084300000, 0x0000000084400000, 0x0000000084400000|100%| O|  |TAMS 0x0000000084300000| PB 0x0000000084300000| Untracked 
|   6|0x0000000084400000, 0x0000000084500000, 0x0000000084500000|100%| O|  |TAMS 0x0000000084400000| PB 0x0000000084400000| Untracked 
|   7|0x0000000084500000, 0x0000000084600000, 0x0000000084600000|100%| O|  |TAMS 0x0000000084500000| PB 0x0000000084500000| Untracked 
|   8|0x0000000084600000, 0x0000000084700000, 0x0000000084700000|100%| O|  |TAMS 0x0000000084600000| PB 0x0000000084600000| Untracked 
|   9|0x0000000084700000, 0x0000000084800000, 0x0000000084800000|100%| O|  |TAMS 0x0000000084700000| PB 0x0000000084700000| Untracked 
|  10|0x0000000084800000, 0x0000000084900000, 0x0000000084900000|100%| O|  |TAMS 0x0000000084800000| PB 0x0000000084800000| Untracked 
|  11|0x0000000084900000, 0x0000000084a00000, 0x0000000084a00000|100%| O|  |TAMS 0x0000000084900000| PB 0x0000000084900000| Untracked 
|  12|0x0000000084a00000, 0x0000000084b00000, 0x0000000084b00000|100%| O|Cm|TAMS 0x0000000084a00000| PB 0x0000000084a00000| Complete 
|  13|0x0000000084b00000, 0x0000000084c00000, 0x0000000084c00000|100%| O|  |TAMS 0x0000000084b00000| PB 0x0000000084b00000| Untracked 
|  14|0x0000000084c00000, 0x0000000084d00000, 0x0000000084d00000|100%| O|  |TAMS 0x0000000084c00000| PB 0x0000000084c00000| Untracked 
|  15|0x0000000084d00000, 0x0000000084e00000, 0x0000000084e00000|100%| O|  |TAMS 0x0000000084d00000| PB 0x0000000084d00000| Untracked 
|  16|0x0000000084e00000, 0x0000000084f00000, 0x0000000084f00000|100%| O|  |TAMS 0x0000000084e00000| PB 0x0000000084e00000| Untracked 
|  17|0x0000000084f00000, 0x0000000085000000, 0x0000000085000000|100%| O|  |TAMS 0x0000000084f00000| PB 0x0000000084f00000| Untracked 
|  18|0x0000000085000000, 0x0000000085100000, 0x0000000085100000|100%| O|  |TAMS 0x0000000085000000| PB 0x0000000085000000| Untracked 
|  19|0x0000000085100000, 0x0000000085200000, 0x0000000085200000|100%| O|  |TAMS 0x0000000085100000| PB 0x0000000085100000| Untracked 
|  20|0x0000000085200000, 0x0000000085300000, 0x0000000085300000|100%| O|  |TAMS 0x0000000085200000| PB 0x0000000085200000| Untracked 
|  21|0x0000000085300000, 0x0000000085400000, 0x0000000085400000|100%| O|  |TAMS 0x0000000085300000| PB 0x0000000085300000| Untracked 
|  22|0x0000000085400000, 0x0000000085500000, 0x0000000085500000|100%| O|  |TAMS 0x0000000085400000| PB 0x0000000085400000| Untracked 
|  23|0x0000000085500000, 0x0000000085600000, 0x0000000085600000|100%| O|  |TAMS 0x0000000085500000| PB 0x0000000085500000| Untracked 
|  24|0x0000000085600000, 0x0000000085700000, 0x0000000085700000|100%| O|  |TAMS 0x0000000085600000| PB 0x0000000085600000| Untracked 
|  25|0x0000000085700000, 0x00000000857b1a30, 0x0000000085800000| 69%| O|  |TAMS 0x0000000085700000| PB 0x0000000085700000| Untracked 
|  26|0x0000000085800000, 0x0000000085800000, 0x0000000085900000|  0%| F|  |TAMS 0x0000000085800000| PB 0x0000000085800000| Untracked 
|  27|0x0000000085900000, 0x0000000085a00000, 0x0000000085a00000|100%| O|  |TAMS 0x0000000085900000| PB 0x0000000085900000| Untracked 
|  28|0x0000000085a00000, 0x0000000085b00000, 0x0000000085b00000|100%| O|  |TAMS 0x0000000085a00000| PB 0x0000000085a00000| Untracked 
|  29|0x0000000085b00000, 0x0000000085c00000, 0x0000000085c00000|100%| O|Cm|TAMS 0x0000000085b00000| PB 0x0000000085b00000| Complete 
|  30|0x0000000085c00000, 0x0000000085c00000, 0x0000000085d00000|  0%| F|  |TAMS 0x0000000085c00000| PB 0x0000000085c00000| Untracked 
|  31|0x0000000085d00000, 0x0000000085d00000, 0x0000000085e00000|  0%| F|  |TAMS 0x0000000085d00000| PB 0x0000000085d00000| Untracked 
|  32|0x0000000085e00000, 0x0000000085e00000, 0x0000000085f00000|  0%| F|  |TAMS 0x0000000085e00000| PB 0x0000000085e00000| Untracked 
|  33|0x0000000085f00000, 0x0000000085f00000, 0x0000000086000000|  0%| F|  |TAMS 0x0000000085f00000| PB 0x0000000085f00000| Untracked 
|  34|0x0000000086000000, 0x0000000086000000, 0x0000000086100000|  0%| F|  |TAMS 0x0000000086000000| PB 0x0000000086000000| Untracked 
|  35|0x0000000086100000, 0x0000000086100000, 0x0000000086200000|  0%| F|  |TAMS 0x0000000086100000| PB 0x0000000086100000| Untracked 
|  36|0x0000000086200000, 0x0000000086200000, 0x0000000086300000|  0%| F|  |TAMS 0x0000000086200000| PB 0x0000000086200000| Untracked 
|  37|0x0000000086300000, 0x0000000086300000, 0x0000000086400000|  0%| F|  |TAMS 0x0000000086300000| PB 0x0000000086300000| Untracked 
|  38|0x0000000086400000, 0x0000000086400000, 0x0000000086500000|  0%| F|  |TAMS 0x0000000086400000| PB 0x0000000086400000| Untracked 
|  39|0x0000000086500000, 0x0000000086500000, 0x0000000086600000|  0%| F|  |TAMS 0x0000000086500000| PB 0x0000000086500000| Untracked 
|  40|0x0000000086600000, 0x0000000086600000, 0x0000000086700000|  0%| F|  |TAMS 0x0000000086600000| PB 0x0000000086600000| Untracked 
|  41|0x0000000086700000, 0x0000000086700000, 0x0000000086800000|  0%| F|  |TAMS 0x0000000086700000| PB 0x0000000086700000| Untracked 
|  42|0x0000000086800000, 0x0000000086800000, 0x0000000086900000|  0%| F|  |TAMS 0x0000000086800000| PB 0x0000000086800000| Untracked 
|  43|0x0000000086900000, 0x0000000086900000, 0x0000000086a00000|  0%| F|  |TAMS 0x0000000086900000| PB 0x0000000086900000| Untracked 
|  44|0x0000000086a00000, 0x0000000086a00000, 0x0000000086b00000|  0%| F|  |TAMS 0x0000000086a00000| PB 0x0000000086a00000| Untracked 
|  45|0x0000000086b00000, 0x0000000086b00000, 0x0000000086c00000|  0%| F|  |TAMS 0x0000000086b00000| PB 0x0000000086b00000| Untracked 
|  46|0x0000000086c00000, 0x0000000086c00000, 0x0000000086d00000|  0%| F|  |TAMS 0x0000000086c00000| PB 0x0000000086c00000| Untracked 
|  47|0x0000000086d00000, 0x0000000086d00000, 0x0000000086e00000|  0%| F|  |TAMS 0x0000000086d00000| PB 0x0000000086d00000| Untracked 
|  48|0x0000000086e00000, 0x0000000086e00000, 0x0000000086f00000|  0%| F|  |TAMS 0x0000000086e00000| PB 0x0000000086e00000| Untracked 
|  49|0x0000000086f00000, 0x0000000086f00000, 0x0000000087000000|  0%| F|  |TAMS 0x0000000086f00000| PB 0x0000000086f00000| Untracked 
|  50|0x0000000087000000, 0x0000000087000000, 0x0000000087100000|  0%| F|  |TAMS 0x0000000087000000| PB 0x0000000087000000| Untracked 
|  51|0x0000000087100000, 0x0000000087100000, 0x0000000087200000|  0%| F|  |TAMS 0x0000000087100000| PB 0x0000000087100000| Untracked 
|  52|0x0000000087200000, 0x00000000872fa5d8, 0x0000000087300000| 97%| E|  |TAMS 0x0000000087200000| PB 0x0000000087200000| Complete 
|  53|0x0000000087300000, 0x0000000087400000, 0x0000000087400000|100%| E|CS|TAMS 0x0000000087300000| PB 0x0000000087300000| Complete 
|  54|0x0000000087400000, 0x0000000087500000, 0x0000000087500000|100%| E|CS|TAMS 0x0000000087400000| PB 0x0000000087400000| Complete 
|  55|0x0000000087500000, 0x0000000087551ba0, 0x0000000087600000| 31%| S|CS|TAMS 0x0000000087500000| PB 0x0000000087500000| Complete 
|  56|0x0000000087600000, 0x0000000087700000, 0x0000000087700000|100%| S|CS|TAMS 0x0000000087600000| PB 0x0000000087600000| Complete 
|  57|0x0000000087700000, 0x0000000087800000, 0x0000000087800000|100%| S|CS|TAMS 0x0000000087700000| PB 0x0000000087700000| Complete 
|  58|0x0000000087800000, 0x0000000087900000, 0x0000000087900000|100%| E|CS|TAMS 0x0000000087800000| PB 0x0000000087800000| Complete 
|  59|0x0000000087900000, 0x0000000087a00000, 0x0000000087a00000|100%| E|CS|TAMS 0x0000000087900000| PB 0x0000000087900000| Complete 
|  60|0x0000000087a00000, 0x0000000087b00000, 0x0000000087b00000|100%| E|CS|TAMS 0x0000000087a00000| PB 0x0000000087a00000| Complete 
|  61|0x0000000087b00000, 0x0000000087c00000, 0x0000000087c00000|100%| E|CS|TAMS 0x0000000087b00000| PB 0x0000000087b00000| Complete 
|  62|0x0000000087c00000, 0x0000000087d00000, 0x0000000087d00000|100%| E|CS|TAMS 0x0000000087c00000| PB 0x0000000087c00000| Complete 
|  63|0x0000000087d00000, 0x0000000087e00000, 0x0000000087e00000|100%| E|  |TAMS 0x0000000087d00000| PB 0x0000000087d00000| Complete 
|  64|0x0000000087e00000, 0x0000000087f00000, 0x0000000087f00000|100%| E|CS|TAMS 0x0000000087e00000| PB 0x0000000087e00000| Complete 
|  65|0x0000000087f00000, 0x0000000088000000, 0x0000000088000000|100%| E|CS|TAMS 0x0000000087f00000| PB 0x0000000087f00000| Complete 
|  66|0x0000000088000000, 0x0000000088100000, 0x0000000088100000|100%| E|CS|TAMS 0x0000000088000000| PB 0x0000000088000000| Complete 
|  67|0x0000000088100000, 0x0000000088200000, 0x0000000088200000|100%| E|CS|TAMS 0x0000000088100000| PB 0x0000000088100000| Complete 
| 125|0x000000008bb00000, 0x000000008bc00000, 0x000000008bc00000|100%| E|CS|TAMS 0x000000008bb00000| PB 0x000000008bb00000| Complete 
|1983|0x00000000ffd00000, 0x00000000ffe00000, 0x00000000ffe00000|100%| O|  |TAMS 0x00000000ffd00000| PB 0x00000000ffd00000| Untracked 
|1984|0x00000000ffe00000, 0x00000000fff00000, 0x00000000fff00000|100%| O|  |TAMS 0x00000000ffe00000| PB 0x00000000ffe00000| Untracked 
|1985|0x00000000fff00000, 0x0000000100000000, 0x0000000100000000|100%| O|  |TAMS 0x00000000fff00000| PB 0x00000000fff00000| Untracked 

Card table byte_map: [0x0000026cfef10000,0x0000026cff300000] _byte_map_base: 0x0000026cfeaf1000

Marking Bits: (CMBitMap*) 0x0000026cfe797200
 Bits: [0x0000026c928d0000, 0x0000026c947d8000)

Polling page: 0x0000026cfc510000

Metaspace:

Usage:
  Non-class:     50.52 MB used.
      Class:      7.61 MB used.
       Both:     58.13 MB used.

Virtual space:
  Non-class space:       64.00 MB reserved,      51.00 MB ( 80%) committed,  1 nodes.
      Class space:        1.00 GB reserved,       8.00 MB ( <1%) committed,  1 nodes.
             Both:        1.06 GB reserved,      59.00 MB (  5%) committed. 

Chunk freelists:
   Non-Class:  12.14 MB
       Class:  7.88 MB
        Both:  20.02 MB

MaxMetaspaceSize: unlimited
CompressedClassSpaceSize: 1.00 GB
Initial GC threshold: 21.00 MB
Current GC threshold: 98.06 MB
CDS: on
 - commit_granule_bytes: 65536.
 - commit_granule_words: 8192.
 - virtual_space_node_default_size: 8388608.
 - enlarge_chunks_in_place: 1.
 - use_allocation_guard: 0.


Internal statistics:

num_allocs_failed_limit: 9.
num_arena_births: 1320.
num_arena_deaths: 0.
num_vsnodes_births: 2.
num_vsnodes_deaths: 0.
num_space_committed: 944.
num_space_uncommitted: 0.
num_chunks_returned_to_freelist: 9.
num_chunks_taken_from_freelist: 3547.
num_chunk_merges: 9.
num_chunk_splits: 2369.
num_chunks_enlarged: 1698.
num_inconsistent_stats: 0.

CodeHeap 'non-profiled nmethods': size=120000Kb used=5188Kb max_used=5455Kb free=114811Kb
 bounds [0x0000026c8b3a0000, 0x0000026c8b900000, 0x0000026c928d0000]
CodeHeap 'profiled nmethods': size=120000Kb used=15027Kb max_used=15717Kb free=104972Kb
 bounds [0x0000026c838d0000, 0x0000026c84830000, 0x0000026c8ae00000]
CodeHeap 'non-nmethods': size=5760Kb used=1841Kb max_used=1877Kb free=3918Kb
 bounds [0x0000026c8ae00000, 0x0000026c8b070000, 0x0000026c8b3a0000]
 total_blobs=8140 nmethods=7455 adapters=589
 compilation: enabled
              stopped_count=0, restarted_count=0
 full_count=0

Compilation events (20 events):
Event: 551.224 Thread 0x0000026c9680f850 nmethod 8325 0x0000026c84136a90 code [0x0000026c84136c40, 0x0000026c84136ee8]
Event: 555.113 Thread 0x0000026c9680f850 8326       3       org.apache.hc.core5.util.Deadline::setLastCheck (15 bytes)
Event: 555.114 Thread 0x0000026c9680f850 nmethod 8326 0x0000026c8404eb10 code [0x0000026c8404ecc0, 0x0000026c8404ee48]
Event: 555.189 Thread 0x0000026c9680f850 8327       3       reactor.util.concurrent.Queues::get (73 bytes)
Event: 555.206 Thread 0x0000026c9680f850 nmethod 8327 0x0000026c84135e10 code [0x0000026c84136060, 0x0000026c84136850]
Event: 555.252 Thread 0x0000026c9680a5b0 8328       4       sun.reflect.generics.reflectiveObjects.ParameterizedTypeImpl::equals (81 bytes)
Event: 555.286 Thread 0x0000026c9680a5b0 nmethod 8328 0x0000026c8b56cf90 code [0x0000026c8b56d160, 0x0000026c8b56d548]
Event: 555.310 Thread 0x0000026c9680a5b0 8329       4       java.util.LinkedHashMap$LinkedEntrySet::iterator (16 bytes)
Event: 555.316 Thread 0x0000026c9680a5b0 nmethod 8329 0x0000026c8b45fd90 code [0x0000026c8b45ff20, 0x0000026c8b460150]
Event: 555.358 Thread 0x0000026c9680a5b0 8330   !   4       sun.reflect.annotation.AnnotationParser::parseAnnotation2 (275 bytes)
Event: 555.434 Thread 0x0000026c9680f850 8334       3       org.hibernate.validator.internal.engine.groups.ValidationOrderGenerator::getValidationOrder (212 bytes)
Event: 555.489 Thread 0x0000026c9680f850 nmethod 8334 0x0000026c83bad690 code [0x0000026c83badaa0, 0x0000026c83baf590]
Event: 555.490 Thread 0x0000026c9680f850 8335       3       org.hibernate.validator.internal.engine.path.PathImpl::addBeanNode (40 bytes)
Event: 555.495 Thread 0x0000026c9680f850 nmethod 8335 0x0000026c83bacf90 code [0x0000026c83bad160, 0x0000026c83bad490]
Event: 555.496 Thread 0x0000026c9680f850 8336       3       org.hibernate.validator.internal.engine.resolver.TraversableResolvers::wrapWithCachingForSingleValidation (51 bytes)
Event: 555.509 Thread 0x0000026c9680f850 nmethod 8336 0x0000026c84135310 code [0x0000026c84135540, 0x0000026c84135ae0]
Event: 555.510 Thread 0x0000026c9680f850 8337       3       org.springframework.web.util.pattern.InternalPathPatternParser::<init> (37 bytes)
Event: 555.515 Thread 0x0000026c9680f850 nmethod 8337 0x0000026c83b2da10 code [0x0000026c83b2dbc0, 0x0000026c83b2de98]
Event: 555.516 Thread 0x0000026c9680f850 8338       3       org.hibernate.validator.internal.engine.validationcontext.BeanValidationContext::<init> (23 bytes)
Event: 555.534 Thread 0x0000026c9680f850 nmethod 8338 0x0000026c83b2d190 code [0x0000026c83b2d360, 0x0000026c83b2d7d8]

GC Heap History (20 events):
Event: 3.122 GC heap before
{Heap before GC invocations=2 (full 0):
 garbage-first heap   total 129024K, used 72596K [0x0000000083e00000, 0x0000000100000000)
  region size 1024K, 66 young (67584K), 3 survivors (3072K)
 Metaspace       used 21206K, committed 21504K, reserved 1114112K
  class space    used 2613K, committed 2752K, reserved 1048576K
}
Event: 3.130 GC heap after
{Heap after GC invocations=3 (full 0):
 garbage-first heap   total 129024K, used 14735K [0x0000000083e00000, 0x0000000100000000)
  region size 1024K, 7 young (7168K), 7 survivors (7168K)
 Metaspace       used 21206K, committed 21504K, reserved 1114112K
  class space    used 2613K, committed 2752K, reserved 1048576K
}
Event: 4.216 GC heap before
{Heap before GC invocations=4 (full 0):
 garbage-first heap   total 51200K, used 50575K [0x0000000083e00000, 0x0000000100000000)
  region size 1024K, 42 young (43008K), 7 survivors (7168K)
 Metaspace       used 26026K, committed 26496K, reserved 1114112K
  class space    used 3255K, committed 3456K, reserved 1048576K
}
Event: 4.233 GC heap after
{Heap after GC invocations=5 (full 0):
 garbage-first heap   total 61440K, used 17056K [0x0000000083e00000, 0x0000000100000000)
  region size 1024K, 7 young (7168K), 7 survivors (7168K)
 Metaspace       used 26026K, committed 26496K, reserved 1114112K
  class space    used 3255K, committed 3456K, reserved 1048576K
}
Event: 5.404 GC heap before
{Heap before GC invocations=5 (full 0):
 garbage-first heap   total 61440K, used 46752K [0x0000000083e00000, 0x0000000100000000)
  region size 1024K, 36 young (36864K), 7 survivors (7168K)
 Metaspace       used 31829K, committed 32320K, reserved 1114112K
  class space    used 4082K, committed 4288K, reserved 1048576K
}
Event: 5.417 GC heap after
{Heap after GC invocations=6 (full 0):
 garbage-first heap   total 61440K, used 20306K [0x0000000083e00000, 0x0000000100000000)
  region size 1024K, 4 young (4096K), 4 survivors (4096K)
 Metaspace       used 31829K, committed 32320K, reserved 1114112K
  class space    used 4082K, committed 4288K, reserved 1048576K
}
Event: 5.983 GC heap before
{Heap before GC invocations=6 (full 0):
 garbage-first heap   total 61440K, used 46930K [0x0000000083e00000, 0x0000000100000000)
  region size 1024K, 31 young (31744K), 4 survivors (4096K)
 Metaspace       used 35467K, committed 35968K, reserved 1114112K
  class space    used 4531K, committed 4736K, reserved 1048576K
}
Event: 5.990 GC heap after
{Heap after GC invocations=7 (full 0):
 garbage-first heap   total 61440K, used 21782K [0x0000000083e00000, 0x0000000100000000)
  region size 1024K, 2 young (2048K), 2 survivors (2048K)
 Metaspace       used 35467K, committed 35968K, reserved 1114112K
  class space    used 4531K, committed 4736K, reserved 1048576K
}
Event: 6.882 GC heap before
{Heap before GC invocations=8 (full 0):
 garbage-first heap   total 61440K, used 50454K [0x0000000083e00000, 0x0000000100000000)
  region size 1024K, 30 young (30720K), 2 survivors (2048K)
 Metaspace       used 38619K, committed 39232K, reserved 1114112K
  class space    used 5040K, committed 5312K, reserved 1048576K
}
Event: 6.889 GC heap after
{Heap after GC invocations=9 (full 0):
 garbage-first heap   total 61440K, used 24064K [0x0000000083e00000, 0x0000000100000000)
  region size 1024K, 4 young (4096K), 4 survivors (4096K)
 Metaspace       used 38619K, committed 39232K, reserved 1114112K
  class space    used 5040K, committed 5312K, reserved 1048576K
}
Event: 8.058 GC heap before
{Heap before GC invocations=9 (full 0):
 garbage-first heap   total 61440K, used 50688K [0x0000000083e00000, 0x0000000100000000)
  region size 1024K, 31 young (31744K), 4 survivors (4096K)
 Metaspace       used 43800K, committed 44608K, reserved 1114112K
  class space    used 5782K, committed 6144K, reserved 1048576K
}
Event: 8.074 GC heap after
{Heap after GC invocations=10 (full 0):
 garbage-first heap   total 61440K, used 26515K [0x0000000083e00000, 0x0000000100000000)
  region size 1024K, 3 young (3072K), 3 survivors (3072K)
 Metaspace       used 43800K, committed 44608K, reserved 1114112K
  class space    used 5782K, committed 6144K, reserved 1048576K
}
Event: 8.639 GC heap before
{Heap before GC invocations=10 (full 0):
 garbage-first heap   total 61440K, used 52115K [0x0000000083e00000, 0x0000000100000000)
  region size 1024K, 29 young (29696K), 3 survivors (3072K)
 Metaspace       used 49501K, committed 50240K, reserved 1114112K
  class space    used 6492K, committed 6784K, reserved 1048576K
}
Event: 8.648 GC heap after
{Heap after GC invocations=11 (full 0):
 garbage-first heap   total 73728K, used 30167K [0x0000000083e00000, 0x0000000100000000)
  region size 1024K, 4 young (4096K), 4 survivors (4096K)
 Metaspace       used 49501K, committed 50240K, reserved 1114112K
  class space    used 6492K, committed 6784K, reserved 1048576K
}
Event: 144.537 GC heap before
{Heap before GC invocations=11 (full 0):
 garbage-first heap   total 73728K, used 60887K [0x0000000083e00000, 0x0000000100000000)
  region size 1024K, 35 young (35840K), 4 survivors (4096K)
 Metaspace       used 54908K, committed 55808K, reserved 1114112K
  class space    used 7174K, committed 7616K, reserved 1048576K
}
Event: 144.655 GC heap after
{Heap after GC invocations=12 (full 0):
 garbage-first heap   total 73728K, used 32571K [0x0000000083e00000, 0x0000000100000000)
  region size 1024K, 3 young (3072K), 3 survivors (3072K)
 Metaspace       used 54908K, committed 55808K, reserved 1114112K
  class space    used 7174K, committed 7616K, reserved 1048576K
}
Event: 306.674 GC heap before
{Heap before GC invocations=12 (full 0):
 garbage-first heap   total 73728K, used 63291K [0x0000000083e00000, 0x0000000100000000)
  region size 1024K, 33 young (33792K), 3 survivors (3072K)
 Metaspace       used 58866K, committed 59776K, reserved 1114112K
  class space    used 7711K, committed 8128K, reserved 1048576K
}
Event: 306.838 GC heap after
{Heap after GC invocations=13 (full 0):
 garbage-first heap   total 73728K, used 34357K [0x0000000083e00000, 0x0000000100000000)
  region size 1024K, 4 young (4096K), 4 survivors (4096K)
 Metaspace       used 58866K, committed 59776K, reserved 1114112K
  class space    used 7711K, committed 8128K, reserved 1048576K
}
Event: 385.594 GC heap before
{Heap before GC invocations=13 (full 0):
 garbage-first heap   total 73728K, used 44597K [0x0000000083e00000, 0x0000000100000000)
  region size 1024K, 15 young (15360K), 4 survivors (4096K)
 Metaspace       used 59248K, committed 60096K, reserved 1114112K
  class space    used 7763K, committed 8192K, reserved 1048576K
}
Event: 385.680 GC heap after
{Heap after GC invocations=14 (full 0):
 garbage-first heap   total 73728K, used 34829K [0x0000000083e00000, 0x0000000100000000)
  region size 1024K, 3 young (3072K), 3 survivors (3072K)
 Metaspace       used 59248K, committed 60096K, reserved 1114112K
  class space    used 7763K, committed 8192K, reserved 1048576K
}

Dll operation events (11 events):
Event: 0.010 Loaded shared library C:\Users\Driti Sai\.p2\pool\plugins\org.eclipse.justj.openjdk.hotspot.jre.full.win32.x86_64_21.0.6.v20250130-0529\jre\bin\java.dll
Event: 0.048 Loaded shared library C:\Users\Driti Sai\.p2\pool\plugins\org.eclipse.justj.openjdk.hotspot.jre.full.win32.x86_64_21.0.6.v20250130-0529\jre\bin\zip.dll
Event: 0.257 Loaded shared library C:\Users\Driti Sai\.p2\pool\plugins\org.eclipse.justj.openjdk.hotspot.jre.full.win32.x86_64_21.0.6.v20250130-0529\jre\bin\net.dll
Event: 0.260 Loaded shared library C:\Users\Driti Sai\.p2\pool\plugins\org.eclipse.justj.openjdk.hotspot.jre.full.win32.x86_64_21.0.6.v20250130-0529\jre\bin\nio.dll
Event: 0.263 Loaded shared library C:\Users\Driti Sai\.p2\pool\plugins\org.eclipse.justj.openjdk.hotspot.jre.full.win32.x86_64_21.0.6.v20250130-0529\jre\bin\zip.dll
Event: 0.390 Loaded shared library C:\Users\Driti Sai\.p2\pool\plugins\org.eclipse.justj.openjdk.hotspot.jre.full.win32.x86_64_21.0.6.v20250130-0529\jre\bin\jimage.dll
Event: 7.408 Loaded shared library C:\Users\Driti Sai\.p2\pool\plugins\org.eclipse.justj.openjdk.hotspot.jre.full.win32.x86_64_21.0.6.v20250130-0529\jre\bin\management.dll
Event: 7.414 Loaded shared library C:\Users\Driti Sai\.p2\pool\plugins\org.eclipse.justj.openjdk.hotspot.jre.full.win32.x86_64_21.0.6.v20250130-0529\jre\bin\management_ext.dll
Event: 8.508 Loaded shared library C:\Users\Driti Sai\.p2\pool\plugins\org.eclipse.justj.openjdk.hotspot.jre.full.win32.x86_64_21.0.6.v20250130-0529\jre\bin\verify.dll
Event: 8.675 Loaded shared library C:\Users\Driti Sai\.p2\pool\plugins\org.eclipse.justj.openjdk.hotspot.jre.full.win32.x86_64_21.0.6.v20250130-0529\jre\bin\extnet.dll
Event: 9.015 Loaded shared library C:\Users\Driti Sai\.p2\pool\plugins\org.eclipse.justj.openjdk.hotspot.jre.full.win32.x86_64_21.0.6.v20250130-0529\jre\bin\sunmscapi.dll

Deoptimization events (20 events):
Event: 434.632 Thread 0x0000026cdd1b7760 Uncommon trap: trap_request=0xffffffd6 fr.pc=0x0000026c8b54a110 relative=0x00000000000004b0
Event: 434.632 Thread 0x0000026cdd1b7760 Uncommon trap: reason=array_check action=maybe_recompile pc=0x0000026c8b54a110 method=java.util.LinkedHashMap.keysToArray([Ljava/lang/Object;Z)[Ljava/lang/Object; @ 67 c2
Event: 434.632 Thread 0x0000026cdd1b7760 DEOPT PACKING pc=0x0000026c8b54a110 sp=0x000000e819efcd10
Event: 434.634 Thread 0x0000026cdd1b7760 DEOPT UNPACKING pc=0x0000026c8ae57da2 sp=0x000000e819efcc48 mode 2
Event: 434.634 Thread 0x0000026cdd1b7760 Uncommon trap: trap_request=0xffffffd6 fr.pc=0x0000026c8b54a110 relative=0x00000000000004b0
Event: 434.634 Thread 0x0000026cdd1b7760 Uncommon trap: reason=array_check action=maybe_recompile pc=0x0000026c8b54a110 method=java.util.LinkedHashMap.keysToArray([Ljava/lang/Object;Z)[Ljava/lang/Object; @ 67 c2
Event: 434.634 Thread 0x0000026cdd1b7760 DEOPT PACKING pc=0x0000026c8b54a110 sp=0x000000e819efcf50
Event: 434.635 Thread 0x0000026cdd1b7760 DEOPT UNPACKING pc=0x0000026c8ae57da2 sp=0x000000e819efce88 mode 2
Event: 434.639 Thread 0x0000026cdd1b7760 Uncommon trap: trap_request=0xffffffd6 fr.pc=0x0000026c8b54a110 relative=0x00000000000004b0
Event: 434.639 Thread 0x0000026cdd1b7760 Uncommon trap: reason=array_check action=maybe_recompile pc=0x0000026c8b54a110 method=java.util.LinkedHashMap.keysToArray([Ljava/lang/Object;Z)[Ljava/lang/Object; @ 67 c2
Event: 434.639 Thread 0x0000026cdd1b7760 DEOPT PACKING pc=0x0000026c8b54a110 sp=0x000000e819efc5a0
Event: 434.640 Thread 0x0000026cdd1b7760 DEOPT UNPACKING pc=0x0000026c8ae57da2 sp=0x000000e819efc4d8 mode 2
Event: 434.640 Thread 0x0000026cdd1b7760 Uncommon trap: trap_request=0xffffffd6 fr.pc=0x0000026c8b54a110 relative=0x00000000000004b0
Event: 434.640 Thread 0x0000026cdd1b7760 Uncommon trap: reason=array_check action=maybe_recompile pc=0x0000026c8b54a110 method=java.util.LinkedHashMap.keysToArray([Ljava/lang/Object;Z)[Ljava/lang/Object; @ 67 c2
Event: 434.640 Thread 0x0000026cdd1b7760 DEOPT PACKING pc=0x0000026c8b54a110 sp=0x000000e819efc450
Event: 434.640 Thread 0x0000026cdd1b7760 DEOPT UNPACKING pc=0x0000026c8ae57da2 sp=0x000000e819efc388 mode 2
Event: 439.306 Thread 0x0000026cddb763f0 Uncommon trap: trap_request=0xffffff45 fr.pc=0x0000026c8b6f9568 relative=0x00000000000000c8
Event: 439.306 Thread 0x0000026cddb763f0 Uncommon trap: reason=unstable_if action=reinterpret pc=0x0000026c8b6f9568 method=java.lang.StringLatin1.indexOfNonWhitespace([B)I @ 19 c2
Event: 439.306 Thread 0x0000026cddb763f0 DEOPT PACKING pc=0x0000026c8b6f9568 sp=0x000000e81a0fcc60
Event: 439.306 Thread 0x0000026cddb763f0 DEOPT UNPACKING pc=0x0000026c8ae57da2 sp=0x000000e81a0fcac0 mode 2

Classes loaded (20 events):
Event: 181.440 Loading class java/util/concurrent/ConcurrentSkipListMap$Values
Event: 181.441 Loading class java/util/concurrent/ConcurrentSkipListMap$Values done
Event: 181.441 Loading class java/util/concurrent/ConcurrentSkipListMap$SubMap$SubMapValueIterator
Event: 181.441 Loading class java/util/concurrent/ConcurrentSkipListMap$SubMap$SubMapIter
Event: 181.442 Loading class java/util/concurrent/ConcurrentSkipListMap$SubMap$SubMapIter done
Event: 181.442 Loading class java/util/concurrent/ConcurrentSkipListMap$SubMap$SubMapValueIterator done
Event: 384.714 Loading class javax/crypto/SecretKey
Event: 384.725 Loading class javax/crypto/SecretKey done
Event: 384.775 Loading class javax/crypto/spec/SecretKeySpec
Event: 384.782 Loading class javax/crypto/spec/SecretKeySpec done
Event: 384.796 Loading class jdk/internal/access/JavaxCryptoSpecAccess
Event: 384.797 Loading class jdk/internal/access/JavaxCryptoSpecAccess done
Event: 386.738 Loading class javax/crypto/Mac
Event: 386.743 Loading class javax/crypto/Mac done
Event: 386.749 Loading class com/sun/crypto/provider/HmacCore$HmacSHA256
Event: 386.751 Loading class com/sun/crypto/provider/HmacCore
Event: 386.755 Loading class javax/crypto/MacSpi
Event: 386.756 Loading class javax/crypto/MacSpi done
Event: 386.756 Loading class com/sun/crypto/provider/HmacCore done
Event: 386.756 Loading class com/sun/crypto/provider/HmacCore$HmacSHA256 done

Classes unloaded (0 events):
No events

Classes redefined (0 events):
No events

Internal exceptions (20 events):
Event: 38.795 Thread 0x0000026cdd1b7760 Exception <a 'java/lang/NoSuchMethodError'{0x0000000086e6bbc0}: 'java.lang.Object java.lang.invoke.DelegatingMethodHandle$Holder.reinvoke_L(java.lang.Object, java.lang.Object, java.lang.Object, java.lang.Object, java.lang.Object, java.lang.Object, java.lang.Object, java.lang.Object, java.lang.Object, java.lang.Object, java.lang.Object, java.lang.Object, java.lang.Object, java.lang.Object, java.lang.Object, java.lang.Object, java.lang.Object, java.lang.Object, java.lang.Object, java.lang.Object, java.lang.O
Event: 144.520 Thread 0x0000026cdd1b7df0 Exception <a 'java/lang/NoSuchMethodError'{0x00000000864f62c0}: 'void java.lang.invoke.DirectMethodHandle$Holder.invokeStatic(java.lang.Object, int)'> (0x00000000864f62c0) 
thrown [s\src\hotspot\share\interpreter\linkResolver.cpp, line 773]
Event: 144.531 Thread 0x0000026cdd1b7df0 Exception <a 'java/lang/NoSuchMethodError'{0x00000000864f96f0}: 'void java.lang.invoke.DirectMethodHandle$Holder.invokeStaticInit(java.lang.Object, int)'> (0x00000000864f96f0) 
thrown [s\src\hotspot\share\interpreter\linkResolver.cpp, line 773]
Event: 144.535 Thread 0x0000026cdd1b7df0 Exception <a 'java/lang/NoSuchMethodError'{0x00000000864fea60}: 'void java.lang.invoke.DirectMethodHandle$Holder.invokeSpecial(java.lang.Object, java.lang.Object, int)'> (0x00000000864fea60) 
thrown [s\src\hotspot\share\interpreter\linkResolver.cpp, line 773]
Event: 144.773 Thread 0x0000026cdd1b7df0 Exception <a 'java/lang/NoSuchMethodError'{0x0000000088174d40}: 'java.lang.Object java.lang.invoke.Invokers$Holder.linkToTargetMethod(java.lang.Object, long, java.lang.Object)'> (0x0000000088174d40) 
thrown [s\src\hotspot\share\interpreter\linkResolver.cpp, line 773]
Event: 145.620 Thread 0x0000026cdd1b7df0 Exception <a 'java/lang/NoSuchMethodError'{0x0000000087e11bc8}: 'java.lang.Object java.lang.invoke.DirectMethodHandle$Holder.newInvokeSpecial(java.lang.Object, java.lang.Object, java.lang.Object, java.lang.Object, java.lang.Object, java.lang.Object)'> (0x0000000087e11bc8) 
thrown [s\src\hotspot\share\interpreter\linkResolver.cpp, line 773]
Event: 145.663 Thread 0x0000026cdd1b7df0 Exception <a 'java/lang/NoSuchMethodError'{0x0000000087e48888}: 'void java.lang.invoke.DirectMethodHandle$Holder.invokeSpecialIFC(java.lang.Object, java.lang.Object, java.lang.Object, java.lang.Object)'> (0x0000000087e48888) 
thrown [s\src\hotspot\share\interpreter\linkResolver.cpp, line 773]
Event: 145.734 Thread 0x0000026cdd1b7df0 Exception <a 'java/lang/NoSuchMethodError'{0x0000000087eb4ad8}: 'java.lang.Object java.lang.invoke.Invokers$Holder.invoke_MT(java.lang.Object, java.lang.Object, java.lang.Object, java.lang.Object, java.lang.Object)'> (0x0000000087eb4ad8) 
thrown [s\src\hotspot\share\interpreter\linkResolver.cpp, line 773]
Event: 146.354 Thread 0x0000026cdd1b7df0 Exception <a 'java/lang/NoSuchMethodError'{0x000000008798e338}: 'void java.lang.invoke.DirectMethodHandle$Holder.invokeSpecial(java.lang.Object, java.lang.Object, java.lang.Object, java.lang.Object, java.lang.Object, java.lang.Object, java.lang.Object, java.lang.Object)'> (0x000000008798e338) 
thrown [s\src\hotspot\share\interpreter\linkResolver.cpp, line 773]
Event: 146.412 Thread 0x0000026cdd1b7df0 Exception <a 'java/lang/NoSuchMethodError'{0x00000000879feb68}: 'java.lang.Object java.lang.invoke.DirectMethodHandle$Holder.invokeInterface(java.lang.Object, java.lang.Object, java.lang.Object, int)'> (0x00000000879feb68) 
thrown [s\src\hotspot\share\interpreter\linkResolver.cpp, line 773]
Event: 146.512 Thread 0x0000026cdd1b7df0 Exception <a 'java/lang/NoSuchMethodError'{0x00000000878da418}: 'java.lang.Object java.lang.invoke.DirectMethodHandle$Holder.newInvokeSpecial(java.lang.Object, java.lang.Object, java.lang.Object, int)'> (0x00000000878da418) 
thrown [s\src\hotspot\share\interpreter\linkResolver.cpp, line 773]
Event: 146.709 Thread 0x0000026cdd1b7df0 Exception <a 'java/io/FileNotFoundException'{0x00000000876735c8}> (0x00000000876735c8) 
thrown [s\src\hotspot\share\prims\jni.cpp, line 520]
Event: 146.780 Thread 0x0000026cdd1b7df0 Exception <a 'sun/nio/fs/WindowsException'{0x00000000876d78d8}> (0x00000000876d78d8) 
thrown [s\src\hotspot\share\prims\jni.cpp, line 520]
Event: 146.957 Thread 0x0000026cdd1b7df0 Exception <a 'java/lang/NoSuchMethodError'{0x00000000874044c8}: 'java.lang.Object java.lang.invoke.DirectMethodHandle$Holder.newInvokeSpecial(java.lang.Object, java.lang.Object, long, java.lang.Object)'> (0x00000000874044c8) 
thrown [s\src\hotspot\share\interpreter\linkResolver.cpp, line 773]
Event: 147.088 Thread 0x0000026cdd1b7df0 Exception <a 'java/lang/NoSuchMethodError'{0x0000000087329198}: 'java.lang.Object java.lang.invoke.DirectMethodHandle$Holder.invokeStatic(java.lang.Object, java.lang.Object, java.lang.Object, int, java.lang.Object, java.lang.Object)'> (0x0000000087329198) 
thrown [s\src\hotspot\share\interpreter\linkResolver.cpp, line 773]
Event: 147.105 Thread 0x0000026cdd1b7df0 Exception <a 'java/lang/NoSuchMethodError'{0x000000008734d1a8}: 'java.lang.Object java.lang.invoke.DirectMethodHandle$Holder.newInvokeSpecial(java.lang.Object, java.lang.Object, java.lang.Object, java.lang.Object, int, java.lang.Object)'> (0x000000008734d1a8) 
thrown [s\src\hotspot\share\interpreter\linkResolver.cpp, line 773]
Event: 147.106 Thread 0x0000026cdd1b7df0 Exception <a 'java/lang/NoSuchMethodError'{0x0000000087350fc0}: 'java.lang.Object java.lang.invoke.DirectMethodHandle$Holder.invokeSpecial(java.lang.Object, java.lang.Object, java.lang.Object, java.lang.Object, java.lang.Object, int, java.lang.Object)'> (0x0000000087350fc0) 
thrown [s\src\hotspot\share\interpreter\linkResolver.cpp, line 773]
Event: 147.107 Thread 0x0000026cdd1b7df0 Exception <a 'java/lang/NoSuchMethodError'{0x0000000087354888}: 'java.lang.Object java.lang.invoke.Invokers$Holder.linkToTargetMethod(java.lang.Object, java.lang.Object, java.lang.Object, int, java.lang.Object, java.lang.Object)'> (0x0000000087354888) 
thrown [s\src\hotspot\share\interpreter\linkResolver.cpp, line 773]
Event: 153.136 Thread 0x0000026cdd1b7df0 Exception <a 'java/lang/NoSuchMethodError'{0x00000000873ffd00}: 'void java.lang.invoke.DirectMethodHandle$Holder.invokeStaticInit(java.lang.Object)'> (0x00000000873ffd00) 
thrown [s\src\hotspot\share\interpreter\linkResolver.cpp, line 773]
Event: 387.160 Thread 0x0000026cddb77110 Exception <a 'java/lang/NoSuchMethodError'{0x000000008bb7a298}: 'java.lang.Object java.lang.invoke.DirectMethodHandle$Holder.newInvokeSpecial(java.lang.Object, java.lang.Object, long)'> (0x000000008bb7a298) 
thrown [s\src\hotspot\share\interpreter\linkResolver.cpp, line 773]

ZGC Phase Switch (0 events):
No events

VM Operations (20 events):
Event: 453.006 Executing VM operation: Cleanup
Event: 453.006 Executing VM operation: Cleanup done
Event: 454.013 Executing VM operation: Cleanup
Event: 454.013 Executing VM operation: Cleanup done
Event: 461.064 Executing VM operation: Cleanup
Event: 461.064 Executing VM operation: Cleanup done
Event: 465.104 Executing VM operation: Cleanup
Event: 465.105 Executing VM operation: Cleanup done
Event: 481.329 Executing VM operation: HandshakeAllThreads (HandshakeForDeflation)
Event: 481.329 Executing VM operation: HandshakeAllThreads (HandshakeForDeflation) done
Event: 481.329 Executing VM operation: RendezvousGCThreads
Event: 481.329 Executing VM operation: RendezvousGCThreads done
Event: 495.479 Executing VM operation: Cleanup
Event: 495.479 Executing VM operation: Cleanup done
Event: 521.703 Executing VM operation: Cleanup
Event: 521.703 Executing VM operation: Cleanup done
Event: 525.747 Executing VM operation: Cleanup
Event: 525.747 Executing VM operation: Cleanup done
Event: 552.000 Executing VM operation: Cleanup
Event: 552.000 Executing VM operation: Cleanup done

Memory protections (0 events):
No events

Nmethod flushes (20 events):
Event: 386.901 Thread 0x0000026cff4e7f30 flushing  nmethod 0x0000026c83f70d10
Event: 386.901 Thread 0x0000026cff4e7f30 flushing  nmethod 0x0000026c83f71110
Event: 386.901 Thread 0x0000026cff4e7f30 flushing  nmethod 0x0000026c83f72090
Event: 386.901 Thread 0x0000026cff4e7f30 flushing  nmethod 0x0000026c83f72790
Event: 386.901 Thread 0x0000026cff4e7f30 flushing  nmethod 0x0000026c83f74390
Event: 386.901 Thread 0x0000026cff4e7f30 flushing  nmethod 0x0000026c83f74810
Event: 386.901 Thread 0x0000026cff4e7f30 flushing  nmethod 0x0000026c83f74f90
Event: 386.901 Thread 0x0000026cff4e7f30 flushing  nmethod 0x0000026c83f76b90
Event: 386.901 Thread 0x0000026cff4e7f30 flushing  nmethod 0x0000026c83f78f10
Event: 386.901 Thread 0x0000026cff4e7f30 flushing  nmethod 0x0000026c83f7a690
Event: 386.901 Thread 0x0000026cff4e7f30 flushing  nmethod 0x0000026c83f7e990
Event: 386.901 Thread 0x0000026cff4e7f30 flushing  nmethod 0x0000026c83f8d910
Event: 386.901 Thread 0x0000026cff4e7f30 flushing  nmethod 0x0000026c83fc4b10
Event: 386.901 Thread 0x0000026cff4e7f30 flushing  nmethod 0x0000026c8402a990
Event: 386.901 Thread 0x0000026cff4e7f30 flushing  nmethod 0x0000026c84059310
Event: 386.901 Thread 0x0000026cff4e7f30 flushing  nmethod 0x0000026c8405b190
Event: 386.902 Thread 0x0000026cff4e7f30 flushing  nmethod 0x0000026c84060710
Event: 386.902 Thread 0x0000026cff4e7f30 flushing  nmethod 0x0000026c84096c90
Event: 386.902 Thread 0x0000026cff4e7f30 flushing  nmethod 0x0000026c8412ae10
Event: 386.902 Thread 0x0000026cff4e7f30 flushing  nmethod 0x0000026c8423f010

Events (20 events):
Event: 146.571 Thread 0x0000026cdd1b7df0 Thread added: 0x0000026cddb763f0
Event: 146.573 Thread 0x0000026cdd1b7df0 Thread added: 0x0000026cddb77e30
Event: 146.573 Thread 0x0000026cdd1b7df0 Thread added: 0x0000026cddb777a0
Event: 146.574 Thread 0x0000026cdd1b7df0 Thread added: 0x0000026cddb79f00
Event: 146.574 Thread 0x0000026cdd1b7df0 Thread added: 0x0000026cddb76a80
Event: 146.826 Thread 0x0000026cdd1b7df0 Thread added: 0x0000026cddb7a590
Event: 158.544 Thread 0x0000026c9680f850 Thread added: 0x0000026c96a8a6d0
Event: 158.642 Thread 0x0000026cdd1b7df0 Thread added: 0x0000026cddb791e0
Event: 160.386 Thread 0x0000026c96a8a6d0 Thread exited: 0x0000026c96a8a6d0
Event: 162.595 Thread 0x0000026c9680f850 Thread added: 0x0000026c96a8bb40
Event: 164.539 Thread 0x0000026c96a8bb40 Thread exited: 0x0000026c96a8bb40
Event: 220.078 Thread 0x0000026cdd1b7df0 Thread added: 0x0000026cddb7b940
Event: 284.343 Thread 0x0000026cdd1b7df0 Thread added: 0x0000026cddb7ac20
Event: 307.166 Thread 0x0000026c9680a5b0 Thread added: 0x0000026c96a8bb40
Event: 307.228 Thread 0x0000026cdd1b7df0 Thread added: 0x0000026cddb7bfd0
Event: 308.214 Thread 0x0000026ce0f4d590 Thread added: 0x0000026cddb7c660
Event: 310.603 Thread 0x0000026c96a8bb40 Thread exited: 0x0000026c96a8bb40
Event: 387.014 Thread 0x0000026cddb77110 Thread added: 0x0000026cddb7da10
Event: 416.146 Thread 0x0000026cddb77110 Thread added: 0x0000026cddb7ccf0
Event: 439.324 Thread 0x0000026cddb763f0 Thread added: 0x0000026cddb7d380


Dynamic libraries:
0x00007ff7b4460000 - 0x00007ff7b446e000 	C:\Users\Driti Sai\.p2\pool\plugins\org.eclipse.justj.openjdk.hotspot.jre.full.win32.x86_64_21.0.6.v20250130-0529\jre\bin\javaw.exe
0x00007ff86cca0000 - 0x00007ff86cf07000 	C:\WINDOWS\SYSTEM32\ntdll.dll
0x00007ff86b030000 - 0x00007ff86b0f9000 	C:\WINDOWS\System32\KERNEL32.DLL
0x00007ff869b60000 - 0x00007ff869f51000 	C:\WINDOWS\System32\KERNELBASE.dll
0x00007ff869950000 - 0x00007ff869a9b000 	C:\WINDOWS\System32\ucrtbase.dll
0x00007ff838700000 - 0x00007ff83871e000 	C:\Users\Driti Sai\.p2\pool\plugins\org.eclipse.justj.openjdk.hotspot.jre.full.win32.x86_64_21.0.6.v20250130-0529\jre\bin\VCRUNTIME140.dll
0x00007fffad830000 - 0x00007fffad848000 	C:\Users\Driti Sai\.p2\pool\plugins\org.eclipse.justj.openjdk.hotspot.jre.full.win32.x86_64_21.0.6.v20250130-0529\jre\bin\jli.dll
0x00007ff86b260000 - 0x00007ff86b425000 	C:\WINDOWS\System32\USER32.dll
0x00007ff869920000 - 0x00007ff869947000 	C:\WINDOWS\System32\win32u.dll
0x00007ff86af80000 - 0x00007ff86afab000 	C:\WINDOWS\System32\GDI32.dll
0x00007ff84a530000 - 0x00007ff84a7c3000 	C:\WINDOWS\WinSxS\amd64_microsoft.windows.common-controls_6595b64144ccf1df_6.0.26100.8037_none_3e092faae333b53b\COMCTL32.dll
0x00007ff86a010000 - 0x00007ff86a13b000 	C:\WINDOWS\System32\gdi32full.dll
0x00007ff86aa40000 - 0x00007ff86aae9000 	C:\WINDOWS\System32\msvcrt.dll
0x00007ff869f60000 - 0x00007ff86a003000 	C:\WINDOWS\System32\msvcp_win.dll
0x00007ff86ca80000 - 0x00007ff86cab1000 	C:\WINDOWS\System32\IMM32.DLL
0x00007ff8386f0000 - 0x00007ff8386fc000 	C:\Users\Driti Sai\.p2\pool\plugins\org.eclipse.justj.openjdk.hotspot.jre.full.win32.x86_64_21.0.6.v20250130-0529\jre\bin\vcruntime140_1.dll
0x00007fff9cdf0000 - 0x00007fff9ce7d000 	C:\Users\Driti Sai\.p2\pool\plugins\org.eclipse.justj.openjdk.hotspot.jre.full.win32.x86_64_21.0.6.v20250130-0529\jre\bin\msvcp140.dll
0x00007fff7b0b0000 - 0x00007fff7be40000 	C:\Users\Driti Sai\.p2\pool\plugins\org.eclipse.justj.openjdk.hotspot.jre.full.win32.x86_64_21.0.6.v20250130-0529\jre\bin\server\jvm.dll
0x00007ff86be80000 - 0x00007ff86bf3b000 	C:\WINDOWS\System32\ADVAPI32.dll
0x00007ff86b480000 - 0x00007ff86b527000 	C:\WINDOWS\System32\sechost.dll
0x00007ff86bf40000 - 0x00007ff86c058000 	C:\WINDOWS\System32\RPCRT4.dll
0x00007ff86b550000 - 0x00007ff86b5c4000 	C:\WINDOWS\System32\WS2_32.dll
0x00007ff8693e0000 - 0x00007ff86943e000 	C:\WINDOWS\SYSTEM32\POWRPROF.dll
0x00007ff85b4d0000 - 0x00007ff85b4db000 	C:\WINDOWS\SYSTEM32\VERSION.dll
0x00007ff852d30000 - 0x00007ff852d65000 	C:\WINDOWS\SYSTEM32\WINMM.dll
0x00007ff8693c0000 - 0x00007ff8693d4000 	C:\WINDOWS\SYSTEM32\UMPDC.dll
0x00007ff868310000 - 0x00007ff86832b000 	C:\WINDOWS\SYSTEM32\kernel.appcore.dll
0x00007ff851e20000 - 0x00007ff851e2a000 	C:\Users\Driti Sai\.p2\pool\plugins\org.eclipse.justj.openjdk.hotspot.jre.full.win32.x86_64_21.0.6.v20250130-0529\jre\bin\jimage.dll
0x00007ff867040000 - 0x00007ff867282000 	C:\WINDOWS\SYSTEM32\DBGHELP.DLL
0x00007ff86baf0000 - 0x00007ff86be72000 	C:\WINDOWS\System32\combase.dll
0x00007ff86b750000 - 0x00007ff86b827000 	C:\WINDOWS\System32\OLEAUT32.dll
0x00007ff847860000 - 0x00007ff84789b000 	C:\WINDOWS\SYSTEM32\dbgcore.DLL
0x00007ff869870000 - 0x00007ff869915000 	C:\WINDOWS\System32\bcryptPrimitives.dll
0x00007fffaf760000 - 0x00007fffaf77f000 	C:\Users\Driti Sai\.p2\pool\plugins\org.eclipse.justj.openjdk.hotspot.jre.full.win32.x86_64_21.0.6.v20250130-0529\jre\bin\java.dll
0x00007ff86c310000 - 0x00007ff86ca6f000 	C:\WINDOWS\System32\SHELL32.dll
0x00007ff869580000 - 0x00007ff8696ea000 	C:\WINDOWS\System32\wintypes.dll
0x00007ff86a1d0000 - 0x00007ff86aa34000 	C:\WINDOWS\System32\windows.storage.dll
0x00007ff86c1d0000 - 0x00007ff86c2c7000 	C:\WINDOWS\System32\SHCORE.dll
0x00007ff86b5d0000 - 0x00007ff86b637000 	C:\WINDOWS\System32\shlwapi.dll
0x00007ff8694a0000 - 0x00007ff8694c9000 	C:\WINDOWS\SYSTEM32\profapi.dll
0x00007fffad500000 - 0x00007fffad518000 	C:\Users\Driti Sai\.p2\pool\plugins\org.eclipse.justj.openjdk.hotspot.jre.full.win32.x86_64_21.0.6.v20250130-0529\jre\bin\zip.dll
0x00007ffffc800000 - 0x00007ffffc810000 	C:\Users\Driti Sai\.p2\pool\plugins\org.eclipse.justj.openjdk.hotspot.jre.full.win32.x86_64_21.0.6.v20250130-0529\jre\bin\net.dll
0x00007ff863e80000 - 0x00007ff863fa7000 	C:\WINDOWS\SYSTEM32\WINHTTP.dll
0x00007ff868880000 - 0x00007ff8688eb000 	C:\WINDOWS\system32\mswsock.dll
0x00007fffa4880000 - 0x00007fffa4896000 	C:\Users\Driti Sai\.p2\pool\plugins\org.eclipse.justj.openjdk.hotspot.jre.full.win32.x86_64_21.0.6.v20250130-0529\jre\bin\nio.dll
0x00007ff867d20000 - 0x00007ff867d53000 	C:\WINDOWS\SYSTEM32\IPHLPAPI.DLL
0x00007ff86c0c0000 - 0x00007ff86c0ca000 	C:\WINDOWS\System32\NSI.dll
0x00007ff867dc0000 - 0x00007ff867eea000 	C:\WINDOWS\SYSTEM32\DNSAPI.dll
0x00007ff861df0000 - 0x00007ff861dfb000 	C:\Windows\System32\rasadhlp.dll
0x00007ff8643c0000 - 0x00007ff864446000 	C:\WINDOWS\System32\fwpuclnt.dll
0x00007ff868b60000 - 0x00007ff868b7b000 	C:\WINDOWS\SYSTEM32\CRYPTSP.dll
0x00007ff868270000 - 0x00007ff8682a9000 	C:\WINDOWS\system32\rsaenh.dll
0x00007ff868930000 - 0x00007ff868962000 	C:\WINDOWS\SYSTEM32\USERENV.dll
0x00007ff869470000 - 0x00007ff86949a000 	C:\WINDOWS\SYSTEM32\bcrypt.dll
0x00007ff868b80000 - 0x00007ff868b8c000 	C:\WINDOWS\SYSTEM32\CRYPTBASE.dll
0x00007fffddc60000 - 0x00007fffddc6a000 	C:\Users\Driti Sai\.p2\pool\plugins\org.eclipse.justj.openjdk.hotspot.jre.full.win32.x86_64_21.0.6.v20250130-0529\jre\bin\management.dll
0x00007fffdaa90000 - 0x00007fffdaa9b000 	C:\Users\Driti Sai\.p2\pool\plugins\org.eclipse.justj.openjdk.hotspot.jre.full.win32.x86_64_21.0.6.v20250130-0529\jre\bin\management_ext.dll
0x00007ff86c2d0000 - 0x00007ff86c2d8000 	C:\WINDOWS\System32\PSAPI.DLL
0x00007ffff7970000 - 0x00007ffff7980000 	C:\Users\Driti Sai\.p2\pool\plugins\org.eclipse.justj.openjdk.hotspot.jre.full.win32.x86_64_21.0.6.v20250130-0529\jre\bin\verify.dll
0x00007ff863070000 - 0x00007ff863079000 	C:\Users\Driti Sai\.p2\pool\plugins\org.eclipse.justj.openjdk.hotspot.jre.full.win32.x86_64_21.0.6.v20250130-0529\jre\bin\extnet.dll
0x00007ff800230000 - 0x00007ff80023e000 	C:\Users\Driti Sai\.p2\pool\plugins\org.eclipse.justj.openjdk.hotspot.jre.full.win32.x86_64_21.0.6.v20250130-0529\jre\bin\sunmscapi.dll
0x00007ff8696f0000 - 0x00007ff869867000 	C:\WINDOWS\System32\CRYPT32.dll
0x00007ff868d80000 - 0x00007ff868db0000 	C:\WINDOWS\SYSTEM32\ncrypt.dll
0x00007ff868d30000 - 0x00007ff868d6f000 	C:\WINDOWS\SYSTEM32\NTASN1.dll
0x00007ff8287e0000 - 0x00007ff8287e8000 	C:\WINDOWS\system32\wshunix.dll
0x00007ff83f1d0000 - 0x00007ff83f1e8000 	C:\WINDOWS\system32\napinsp.dll
0x00007ff83eff0000 - 0x00007ff83f002000 	C:\WINDOWS\System32\winrnr.dll
0x00007ff83efc0000 - 0x00007ff83efe2000 	C:\WINDOWS\system32\nlansp_c.dll
0x00007ff83efa0000 - 0x00007ff83efb6000 	C:\WINDOWS\system32\wshbth.dll
0x00007ff864090000 - 0x00007ff8640ad000 	C:\WINDOWS\SYSTEM32\dhcpcsvc6.DLL
0x00007ff864060000 - 0x00007ff864083000 	C:\WINDOWS\SYSTEM32\dhcpcsvc.DLL

dbghelp: loaded successfully - version: 4.0.5 - missing functions: none
symbol engine: initialized successfully - sym options: 0x614 - pdb path: .;C:\Users\Driti Sai\.p2\pool\plugins\org.eclipse.justj.openjdk.hotspot.jre.full.win32.x86_64_21.0.6.v20250130-0529\jre\bin;C:\WINDOWS\SYSTEM32;C:\WINDOWS\WinSxS\amd64_microsoft.windows.common-controls_6595b64144ccf1df_6.0.26100.8037_none_3e092faae333b53b;C:\Users\Driti Sai\.p2\pool\plugins\org.eclipse.justj.openjdk.hotspot.jre.full.win32.x86_64_21.0.6.v20250130-0529\jre\bin\server

VM Arguments:
jvm_args: -Dfile.encoding=UTF-8 -Dstdout.encoding=UTF-8 -Dstderr.encoding=UTF-8 -XX:+ShowCodeDetailsInExceptionMessages 
java_command: com.wallet.gateway.ApiGatewayApplication
java_class_path (initial): D:\Digital-Wallet-System\api-gateway\target\classes;C:\Users\Driti Sai\.m2\repository\org\springframework\cloud\spring-cloud-starter-gateway\4.1.0\spring-cloud-starter-gateway-4.1.0.jar;C:\Users\Driti Sai\.m2\repository\org\springframework\cloud\spring-cloud-starter\4.1.0\spring-cloud-starter-4.1.0.jar;C:\Users\Driti Sai\.m2\repository\org\springframework\cloud\spring-cloud-context\4.1.0\spring-cloud-context-4.1.0.jar;C:\Users\Driti Sai\.m2\repository\org\springframework\security\spring-security-crypto\6.2.2\spring-security-crypto-6.2.2.jar;C:\Users\Driti Sai\.m2\repository\org\springframework\cloud\spring-cloud-commons\4.1.0\spring-cloud-commons-4.1.0.jar;C:\Users\Driti Sai\.m2\repository\org\springframework\security\spring-security-rsa\1.1.1\spring-security-rsa-1.1.1.jar;C:\Users\Driti Sai\.m2\repository\org\bouncycastle\bcprov-jdk18on\1.74\bcprov-jdk18on-1.74.jar;C:\Users\Driti Sai\.m2\repository\org\springframework\cloud\spring-cloud-gateway-server\4.1.0\spring-cloud-gateway-server-4.1.0.jar;C:\Users\Driti Sai\.m2\repository\io\projectreactor\addons\reactor-extra\3.5.1\reactor-extra-3.5.1.jar;C:\Users\Driti Sai\.m2\repository\io\projectreactor\reactor-core\3.6.3\reactor-core-3.6.3.jar;C:\Users\Driti Sai\.m2\repository\org\reactivestreams\reactive-streams\1.0.4\reactive-streams-1.0.4.jar;C:\Users\Driti Sai\.m2\repository\org\springframework\boot\spring-boot-starter-webflux\3.2.3\spring-boot-starter-webflux-3.2.3.jar;C:\Users\Driti Sai\.m2\repository\org\springframework\boot\spring-boot-starter-json\3.2.3\spring-boot-starter-json-3.2.3.jar;C:\Users\Driti Sai\.m2\repository\com\fasterxml\jackson\datatype\jackson-datatype-jdk8\2.15.4\jackson-datatype-jdk8-2.15.4.jar;C:\Users\Driti Sai\.m2\repository\com\fasterxml\jackson\module\jackson-module-parameter-names\2.15.4\jackson-module-parameter-names-2.15.4.jar;C:\Users\Driti Sai\.m2\repository\org\springframework\boot\spring-boot-starter-reactor-netty\3.2.3\spring-boot-starter-reactor-netty-3.2.3.jar;C:\Users\Driti Sai\.m2\repository\io\projectreactor\netty\reactor-netty-http\1.1.16\reactor-netty-http-1.1.16.jar;C:\Users\Driti Sai\.m2\repository\io\netty\netty-codec-http\4.1.107.Final\netty-codec-http-4.1.107.Final.jar;C:\Users\Driti Sai\.m2\repository\io\netty\netty-common\4.1.107.Final\netty-common-4.1.107.Final.jar;C:\Users\Driti Sai\.m2\repository\io\netty\netty-buffer\4.1.107.Final\netty-buffer-4.1.107.Final.jar;C:\Users\Driti Sai\.m2\repository\io\netty\netty-transport\4.1.107.Final\netty-transport-4.1.107.Final.jar;C:\Users\Driti Sai\.m2\repository\io\netty\netty-codec\4.1.107.Final\netty-codec-4.1.107.Final.jar;C:\Users\Driti Sai\.m2\repository\io\netty\netty-handler\4.1.107.Final\netty-handler-4.1.107.Final.jar;C:\Users\Driti Sai\.m2\repository\io\netty\netty-codec-http2\4.1.107.Final\netty-codec-http2-4.1.107.Final.jar;C:\Users\Driti Sai\.m2\repository\io\netty\netty-resolver-dns\4.1.107.Final\netty-resolver-dns-4.1.107.Final.jar;C:\Users\Driti Sai\.m2\repository\io\netty\netty-resolver\4.1.107.Final\netty-resolver-4.1.107.Final.jar;C:\Users\Driti Sai\.m2\repository\io\netty\netty-codec-dns\4.1.107.Final\netty-codec-dns-4.1.107.Final.jar;C:\Users\Driti Sai\.m2\repository\io\netty\netty-resolver-dns-native-macos\4.1.107.Final\netty-resolver-dns-native-macos-4.1.107.Final-osx-x86_64.jar;C:\Users\Driti Sai\.m2\repository\io\netty\netty-resolver-dns-classes-macos\4.1.107.Final\netty-resolver-dns-classes-macos-4.1.107.Final.jar;C:\Users\Driti Sai\.m2\repository\io\netty\netty-transport-native-epoll\4.1.107.Final\netty-transport-native-epoll-4.1.107.Final-linux-x86_64.jar;C:\Users\Driti Sai\.m2\repository\io\netty\netty-transport-native-unix-common\4.1.107.Final\netty-transport-native-unix-common-4.1.107.Final.jar;C:\Users\Driti Sai\.m2\repository\io\netty\netty-transport-classes-epoll\4.1.107.Final\netty-transport-classes-epoll-4.1.107.Final.jar;C:\Users\Driti Sai\.m2\repository\io\projectreactor\netty\reactor-netty-core\1.1.16\reactor-netty-core-1.1.16.jar;C:\Users\Driti Sai\.m2\repository\io\netty\netty-handler-proxy\4.1.107.Final\netty-handler-proxy-4.1.107.Final.jar;C:\Users\Driti Sai\.m2\repository\io\netty\netty-codec-socks\4.1.107.Final\netty-codec-socks-4.1.107.Final.jar;C:\Users\Driti Sai\.m2\repository\org\springframework\spring-web\6.1.4\spring-web-6.1.4.jar;C:\Users\Driti Sai\.m2\repository\org\springframework\spring-beans\6.1.4\spring-beans-6.1.4.jar;C:\Users\Driti Sai\.m2\repository\org\springframework\spring-webflux\6.1.4\spring-webflux-6.1.4.jar;C:\Users\Driti Sai\.m2\repository\org\springframework\cloud\spring-cloud-starter-netflix-eureka-client\4.1.0\spring-cloud-starter-netflix-eureka-client-4.1.0.jar;C:\Users\Driti Sai\.m2\repository\org\springframework\cloud\spring-cloud-netflix-eureka-client\4.1.0\spring-cloud-netflix-eureka-client-4.1.0.jar;C:\Users\Driti Sai\.m2\repository\org\apache\httpcomponents\client5\httpclient5\5.2.3\httpclient5-5.2.3.jar;C:\Users\Driti Sai\.m2\repository\org\apache\httpcomponents\core5\httpcore5\5.2.4\httpcore5-5.2.4.jar;C:\Users\Driti Sai\.m2\repository\org\apache\httpcomponents\core5\httpcore5-h2\5.2.4\httpcore5-h2-5.2.4.jar;C:\Users\Driti Sai\.m2\repository\org\slf4j\slf4j-api\2.0.12\slf4j-api-2.0.12.jar;C:\Users\Driti Sai\.m2\repository\com\netflix\eureka\eureka-client\2.0.1\eureka-client-2.0.1.jar;C:\Users\Driti Sai\.m2\repository\com\netflix\netflix-commons\netflix-eventbus\0.3.0\netflix-eventbus-0.3.0.jar;C:\Users\Driti Sai\.m2\repository\com\netflix\netflix-commons\netflix-infix\0.3.0\netflix-infix-0.3.0.jar;C:\Users\Driti Sai\.m2\repository\commons-jxpath\commons-jxpath\1.3\commons-jxpath-1.3.jar;C:\Users\Driti Sai\.m2\repository\joda-time\joda-time\2.3\joda-time-2.3.jar;C:\Users\Driti Sai\.m2\repository\org\antlr\antlr-runtime\3.4\antlr-runtime-3.4.jar;C:\Users\Driti Sai\.m2\repository\org\antlr\stringtemplate\3.2.1\stringtemplate-3.2.1.jar;C:\Users\Driti Sai\.m2\repository\antlr\antlr\2.7.7\antlr-2.7.7.jar;C:\Users\Driti Sai\.m2\repository\com\google\code\gson\gson\2.10.1\gson-2.10.1.jar;C:\Users\Driti Sai\.m2\repository\org\apache\commons\commons-math\2.2\commons-math-2.2.jar;C:\Users\Driti Sai\.m2\repository\com\thoughtworks\xstream\xstream\1.4.19\xstream-1.4.19.jar;C:\Users\Driti Sai\.m2\repository\io\github\x-stream\mxparser\1.2.2\mxparser-1.2.2.jar;C:\Users\Driti Sai\.m2\repository\xmlpull\xmlpull\1.1.3.1\xmlpull-1.1.3.1.jar;C:\Users\Driti Sai\.m2\repository\jakarta\ws\rs\jakarta.ws.rs-api\3.1.0\jakarta.ws.rs-api-3.1.0.jar;C:\Users\Driti Sai\.m2\repository\jakarta\inject\jakarta.inject-api\2.0.1\jakarta.inject-api-2.0.1.jar;C:\Users\Driti Sai\.m2\repository\jakarta\annotation\jakarta.annotation-api\2.1.1\jakarta.annotation-api-2.1.1.jar;C:\Users\Driti Sai\.m2\repository\com\netflix\servo\servo-core\0.12.21\servo-core-0.12.21.jar;C:\Users\Driti Sai\.m2\repository\com\google\guava\guava\19.0\guava-19.0.jar;C:\Users\Driti Sai\.m2\repository\org\apache\httpcomponents\httpclient\4.5.3\httpclient-4.5.3.jar;C:\Users\Driti Sai\.m2\repository\org\apache\httpcomponents\httpcore\4.4.16\httpcore-4.4.16.jar;C:\Users\Driti Sai\.m2\repository\commons-codec\commons-codec\1.16.1\commons-codec-1.16.1.jar;C:\Users\Driti Sai\.m2\repository\commons-configuration\commons-configuration\1.10\commons-configuration-1.10.jar;C:\Users\Driti Sai\.m2\repository\commons-lang\commons-lang\2.6\commons-lang-2.6.jar;C:\Users\Driti Sai\.m2\repository\com\fasterxml\jackson\core\jackson-annotations\2.15.4\jackson-annotations-2.15.4.jar;C:\Users\Driti Sai\.m2\repository\com\fasterxml\jackson\core\jackson-core\2.15.4\jackson-core-2.15.4.jar;C:\Users\Driti Sai\.m2\repository\org\codehaus\jettison\jettison\1.4.0\jettison-1.4.0.jar;C:\Users\Driti Sai\.m2\repository\com\netflix\eureka\eureka-core\2.0.1\eureka-core-2.0.1.jar;C:\Users\Driti Sai\.m2\repository\com\fasterxml\woodstox\woodstox-core\6.2.1\woodstox-core-6.2.1.jar;C:\Users\Driti Sai\.m2\repository\org\codehaus\woodstox\stax2-api\4.2.1\stax2-api-4.2.1.jar;C:\Users\Driti Sai\.m2\repository\org\springframework\cloud\spring-cloud-starter-loadbalancer\4.1.0\spring-cloud-starter-loadbalancer-4.1.0.jar;C:\Users\Driti Sai\.m2\repository\org\springframework\cloud\spring-cloud-loadbalancer\4.1.0\spring-cloud-loadbalancer-4.1.0.jar;C:\Users\Driti Sai\.m2\repository\org\springframework\boot\spring-boot-starter-cache\3.2.3\spring-boot-starter-cache-3.2.3.jar;C:\Users\Driti Sai\.m2\repository\org\springframework\spring-context-support\6.1.4\spring-context-support-6.1.4.jar;C:\Users\Driti Sai\.m2\repository\com\stoyanr\evictor\1.0.0\evictor-1.0.0.jar;C:\Users\Driti Sai\.m2\repository\io\jsonwebtoken\jjwt-api\0.11.5\jjwt-api-0.11.5.jar;C:\Users\Driti Sai\.m2\repository\io\jsonwebtoken\jjwt-impl\0.11.5\jjwt-impl-0.11.5.jar;C:\Users\Driti Sai\.m2\repository\io\jsonwebtoken\jjwt-jackson\0.11.5\jjwt-jackson-0.11.5.jar;C:\Users\Driti Sai\.m2\repository\com\fasterxml\jackson\core\jackson-databind\2.15.4\jackson-databind-2.15.4.jar;C:\Users\Driti Sai\.m2\repository\org\springdoc\springdoc-openapi-starter-webflux-ui\2.3.0\springdoc-openapi-starter-webflux-ui-2.3.0.jar;C:\Users\Driti Sai\.m2\repository\org\springdoc\springdoc-openapi-starter-webflux-api\2.3.0\springdoc-openapi-starter-webflux-api-2.3.0.jar;C:\Users\Driti Sai\.m2\repository\org\springdoc\springdoc-openapi-starter-common\2.3.0\springdoc-openapi-starter-common-2.3.0.jar;C:\Users\Driti Sai\.m2\repository\io\swagger\core\v3\swagger-core-jakarta\2.2.19\swagger-core-jakarta-2.2.19.jar;C:\Users\Driti Sai\.m2\repository\org\apache\commons\commons-lang3\3.13.0\commons-lang3-3.13.0.jar;C:\Users\Driti Sai\.m2\repository\io\swagger\core\v3\swagger-annotations-jakarta\2.2.19\swagger-annotations-jakarta-2.2.19.jar;C:\Users\Driti Sai\.m2\repository\io\swagger\core\v3\swagger-models-jakarta\2.2.19\swagger-models-jakarta-2.2.19.jar;C:\Users\Driti Sai\.m2\repository\jakarta\xml\bind\jakarta.xml.bind-api\4.0.1\jakarta.xml.bind-api-4.0.1.jar;C:\Users\Driti Sai\.m2\repository\jakarta\activation\jakarta.activation-api\2.1.2\jakarta.activation-api-2.1.2.jar;C:\Users\Driti Sai\.m2\repository\com\fasterxml\jackson\dataformat\jackson-dataformat-yaml\2.15.4\jackson-dataformat-yaml-2.15.4.jar;C:\Users\Driti Sai\.m2\repository\org\webjars\swagger-ui\5.10.3\swagger-ui-5.10.3.jar;C:\Users\Driti Sai\.m2\repository\org\springframework\boot\spring-boot-starter-actuator\3.2.3\spring-boot-starter-actuator-3.2.3.jar;C:\Users\Driti Sai\.m2\repository\org\springframework\boot\spring-boot-starter\3.2.3\spring-boot-starter-3.2.3.jar;C:\Users\Driti Sai\.m2\repository\org\springframework\boot\spring-boot\3.2.3\spring-boot-3.2.3.jar;C:\Users\Driti Sai\.m2\repository\org\springframework\spring-context\6.1.4\spring-context-6.1.4.jar;C:\Users\Driti Sai\.m2\repository\org\springframework\spring-aop\6.1.4\spring-aop-6.1.4.jar;C:\Users\Driti Sai\.m2\repository\org\springframework\spring-expression\6.1.4\spring-expression-6.1.4.jar;C:\Users\Driti Sai\.m2\repository\org\springframework\boot\spring-boot-autoconfigure\3.2.3\spring-boot-autoconfigure-3.2.3.jar;C:\Users\Driti Sai\.m2\repository\org\springframework\boot\spring-boot-starter-logging\3.2.3\spring-boot-starter-logging-3.2.3.jar;C:\Users\Driti Sai\.m2\repository\ch\qos\logback\logback-classic\1.4.14\logback-classic-1.4.14.jar;C:\Users\Driti Sai\.m2\repository\ch\qos\logback\logback-core\1.4.14\logback-core-1.4.14.jar;C:\Users\Driti Sai\.m2\repository\org\apache\logging\log4j\log4j-to-slf4j\2.21.1\log4j-to-slf4j-2.21.1.jar;C:\Users\Driti Sai\.m2\repository\org\apache\logging\log4j\log4j-api\2.21.1\log4j-api-2.21.1.jar;C:\Users\Driti Sai\.m2\repository\org\slf4j\jul-to-slf4j\2.0.12\jul-to-slf4j-2.0.12.jar;C:\Users\Driti Sai\.m2\repository\org\springframework\spring-core\6.1.4\spring-core-6.1.4.jar;C:\Users\Driti Sai\.m2\repository\org\springframework\spring-jcl\6.1.4\spring-jcl-6.1.4.jar;C:\Users\Driti Sai\.m2\repository\org\yaml\snakeyaml\2.2\snakeyaml-2.2.jar;C:\Users\Driti Sai\.m2\repository\org\springframework\boot\spring-boot-actuator-autoconfigure\3.2.3\spring-boot-actuator-autoconfigure-3.2.3.jar;C:\Users\Driti Sai\.m2\repository\org\springframework\boot\spring-boot-actuator\3.2.3\spring-boot-actuator-3.2.3.jar;C:\Users\Driti Sai\.m2\repository\com\fasterxml\jackson\datatype\jackson-datatype-jsr310\2.15.4\jackson-datatype-jsr310-2.15.4.jar;C:\Users\Driti Sai\.m2\repository\io\micrometer\micrometer-observation\1.12.3\micrometer-observation-1.12.3.jar;C:\Users\Driti Sai\.m2\repository\io\micrometer\micrometer-commons\1.12.3\micrometer-commons-1.12.3.jar;C:\Users\Driti Sai\.m2\repository\io\micrometer\micrometer-jakarta9\1.12.3\micrometer-jakarta9-1.12.3.jar;C:\Users\Driti Sai\.m2\repository\io\micrometer\micrometer-core\1.12.3\micrometer-core-1.12.3.jar;C:\Users\Driti Sai\.m2\repository\org\hdrhistogram\HdrHistogram\2.1.12\HdrHistogram-2.1.12.jar;C:\Users\Driti Sai\.m2\repository\org\latencyutils\LatencyUtils\2.0.3\LatencyUtils-2.0.3.jar;C:\Users\Driti Sai\.m2\repository\org\springframework\boot\spring-boot-starter-validation\3.2.3\spring-boot-starter-validation-3.2.3.jar;C:\Users\Driti Sai\.m2\repository\org\apache\tomcat\embed\tomcat-embed-el\10.1.19\tomcat-embed-el-10.1.19.jar;C:\Users\Driti Sai\.m2\repository\org\hibernate\validator\hibernate-validator\8.0.1.Final\hibernate-validator-8.0.1.Final.jar;C:\Users\Driti Sai\.m2\repository\jakarta\validation\jakarta.validation-api\3.0.2\jakarta.validation-api-3.0.2.jar;C:\Users\Driti Sai\.m2\repository\org\jboss\logging\jboss-logging\3.5.3.Final\jboss-logging-3.5.3.Final.jar;C:\Users\Driti Sai\.m2\repository\com\fasterxml\classmate\1.6.0\classmate-1.6.0.jar
Launcher Type: SUN_STANDARD

[Global flags]
     intx CICompilerCount                          = 4                                         {product} {ergonomic}
     uint ConcGCThreads                            = 2                                         {product} {ergonomic}
     uint G1ConcRefinementThreads                  = 8                                         {product} {ergonomic}
   size_t G1HeapRegionSize                         = 1048576                                   {product} {ergonomic}
    uintx GCDrainStackTargetSize                   = 64                                        {product} {ergonomic}
   size_t InitialHeapSize                          = 132120576                                 {product} {ergonomic}
   size_t MarkStackSize                            = 4194304                                   {product} {ergonomic}
   size_t MaxHeapSize                              = 2082471936                                {product} {ergonomic}
   size_t MaxNewSize                               = 1248854016                                {product} {ergonomic}
   size_t MinHeapDeltaBytes                        = 1048576                                   {product} {ergonomic}
   size_t MinHeapSize                              = 8388608                                   {product} {ergonomic}
    uintx NonNMethodCodeHeapSize                   = 5839372                                {pd product} {ergonomic}
    uintx NonProfiledCodeHeapSize                  = 122909434                              {pd product} {ergonomic}
    uintx ProfiledCodeHeapSize                     = 122909434                              {pd product} {ergonomic}
    uintx ReservedCodeCacheSize                    = 251658240                              {pd product} {ergonomic}
     bool SegmentedCodeCache                       = true                                      {product} {ergonomic}
     bool ShowCodeDetailsInExceptionMessages       = true                                   {manageable} {command line}
   size_t SoftMaxHeapSize                          = 2082471936                             {manageable} {ergonomic}
     bool UseCompressedOops                        = true                           {product lp64_product} {ergonomic}
     bool UseG1GC                                  = true                                      {product} {ergonomic}
     bool UseLargePagesIndividualAllocation        = false                                  {pd product} {ergonomic}

Logging:
Log output configuration:
 #0: stdout all=warning uptime,level,tags foldmultilines=false
 #1: stderr all=off uptime,level,tags foldmultilines=false

Environment Variables:
JAVA_HOME=C:\Program Files\Eclipse Adoptium\jdk-25.0.2.10-hotspot
PATH=C:/Users/Driti Sai/.p2/pool/plugins/org.eclipse.justj.openjdk.hotspot.jre.full.win32.x86_64_21.0.6.v20250130-0529/jre/bin/server;C:/Users/Driti Sai/.p2/pool/plugins/org.eclipse.justj.openjdk.hotspot.jre.full.win32.x86_64_21.0.6.v20250130-0529/jre/bin;C:\Program Files\Eclipse Adoptium\jdk-25.0.2.10-hotspot\bin;C:\Python314\Scripts\;C:\Python314\;D:\oracle\product\10.2.0\db_1\bin;C:\Program Files (x86)\Common Files\Oracle\Java\java8path;C:\Program Files (x86)\Common Files\Oracle\Java\javapath;C:\Python313\Scripts\;C:\Python313\;C:\oraclexe\app\oracle\product\11.2.0\server\bin;C:\windows\system32;C:\windows;C:\windows\System32\Wbem;C:\windows\System32\WindowsPowerShell\v1.0\;C:\windows\System32\OpenSSH\;C:\Program Files (x86)\NVIDIA Corporation\PhysX\Common;C:\Program Files\NVIDIA Corporation\NVIDIA NvDLISR;C:\Program Files\dotnet\;C:\WINDOWS\system32;C:\WINDOWS;C:\WINDOWS\System32\Wbem;C:\WINDOWS\System32\WindowsPowerShell\v1.0\;C:\WINDOWS\System32\OpenSSH\;C:\Program Files\Eclipse Adoptium\jdk-25.0.2.10-hotspot\bin;C:\hadoopsetup\hadoop-3.2.4\bin;C:\derby\bin;C:\hive\bin;C:\hbase\bin;C:\pig\bin;C:\ProgramData\chocolatey\bin;C:\Program Files\Git\cmd;C:\Program Files\php;C:\Program Files\WireGuard\;C:\spark\bin;C:\winutils\bin\bin;C:\kafka_2.12-3.9.1\bin;C:\Program Files\Redis\;C:\Program Files\nodejs\;C:\apache-maven-3.9.13\bin;;C:\Program Files\Docker\Docker\resources\bin;C:\Program Files\MySQL\MySQL Shell 8.0\bin\;C:\Users\Driti Sai\AppData\Local\Microsoft\WindowsApps;C:\MinGW\bin;C:\Users\Driti Sai\AppData\Local\Programs\Microsoft VS Code\bin;C:\Program Files\PostgreSQL\17\bin;C:\Users\Driti Sai\AppData\Roaming\npm;C:\Users\Driti Sai\AppData\Local\Programs\Antigravity\bin;C:\Users\Driti Sai\Desktop;
USERNAME=Driti Sai
OS=Windows_NT
PROCESSOR_IDENTIFIER=Intel64 Family 6 Model 140 Stepping 1, GenuineIntel
TMP=C:\Users\DRITIS~1\AppData\Local\Temp
TEMP=C:\Users\DRITIS~1\AppData\Local\Temp




Periodic native trim disabled

---------------  S Y S T E M  ---------------

OS:
 Windows 11 , 64 bit Build 26100 (10.0.26100.7920)
OS uptime: 0 days 20:55 hours
Hyper-V role detected

CPU: total 8 (initial active 8) (4 cores per cpu, 2 threads per core) family 6 model 140 stepping 1 microcode 0xa4, cx8, cmov, fxsr, ht, mmx, 3dnowpref, sse, sse2, sse3, ssse3, sse4.1, sse4.2, popcnt, lzcnt, tsc, tscinvbit, avx, avx2, aes, erms, clmul, bmi1, bmi2, adx, avx512f, avx512dq, avx512cd, avx512bw, avx512vl, sha, fma, vzeroupper, avx512_vpopcntdq, avx512_vpclmulqdq, avx512_vaes, avx512_vnni, clflush, clflushopt, clwb, avx512_vbmi2, avx512_vbmi, hv, rdtscp, rdpid, fsrm, gfni, avx512_bitalg, f16c, cet_ibt, cet_ss, avx512_ifma
Processor Information for the first 8 processors :
  Max Mhz: 3110, Current Mhz: 3110, Mhz Limit: 3110

Memory: 4k page, system-wide physical 7937M (198M free)
TotalPageFile size 27560M (AvailPageFile size 67M)
current process WorkingSet (physical memory assigned to process): 56M, peak: 282M
current process commit charge ("private bytes"): 299M, peak: 312M

vm_info: OpenJDK 64-Bit Server VM (21.0.6+7-LTS) for windows-amd64 JRE (21.0.6+7-LTS), built on 2025-01-21T00:00:00Z by "admin" with MS VC++ 17.7 (VS2022)

END.
