#
# There is insufficient memory for the Java Runtime Environment to continue.
# Native memory allocation (malloc) failed to allocate 1350992 bytes. Error detail: Chunk::new
# Possible reasons:
#   The system is out of physical RAM or swap space
#   This process is running with CompressedOops enabled, and the Java Heap may be blocking the growth of the native heap
# Possible solutions:
#   Reduce memory load on the system
#   Increase physical memory or swap space
#   Check if swap backing store is full
#   Decrease Java heap size (-Xmx/-Xms)
#   Decrease number of Java threads
#   Decrease Java thread stack sizes (-Xss)
#   Set larger code cache with -XX:ReservedCodeCacheSize=
#   JVM is running with Unscaled Compressed Oops mode in which the Java heap is
#     placed in the first 4GB address space. The Java Heap base address is the
#     maximum limit for the native heap growth. Please use -XX:HeapBaseMinAddress
#     to set the Java Heap base and to place the Java Heap above 4GB virtual address.
# This output file may be truncated or incomplete.
#
#  Out of Memory Error (arena.cpp:168), pid=26060, tid=27148
#
# JRE version: OpenJDK Runtime Environment Temurin-21.0.6+7 (21.0.6+7) (build 21.0.6+7-LTS)
# Java VM: OpenJDK 64-Bit Server VM Temurin-21.0.6+7 (21.0.6+7-LTS, mixed mode, sharing, tiered, compressed oops, compressed class ptrs, g1 gc, windows-amd64)
# No core dump will be written. Minidumps are not enabled by default on client versions of Windows
#

---------------  S U M M A R Y ------------

Command Line: -Dfile.encoding=UTF-8 -Dstdout.encoding=UTF-8 -Dstderr.encoding=UTF-8 -XX:+ShowCodeDetailsInExceptionMessages com.wallet.core.WalletServiceApplication

Host: 11th Gen Intel(R) Core(TM) i5-11300H @ 3.10GHz, 8 cores, 7G,  Windows 11 , 64 bit Build 26100 (10.0.26100.7920)
Time: Fri Mar 27 14:29:32 2026 India Standard Time elapsed time: 77.528468 seconds (0d 0h 1m 17s)

---------------  T H R E A D  ---------------

Current thread (0x0000020529b7c010):  JavaThread "C2 CompilerThread0" daemon [_thread_in_native, id=27148, stack(0x000000f700e00000,0x000000f700f00000) (1024K)]


Current CompileTask:
C2:77528 8264       4       java.lang.invoke.MethodType::methodType (69 bytes)

Stack: [0x000000f700e00000,0x000000f700f00000]
Native frames: (J=compiled Java code, j=interpreted, Vv=VM code, C=native code)
V  [jvm.dll+0x6cdee9]
V  [jvm.dll+0x8a83d1]
V  [jvm.dll+0x8aa8fe]
V  [jvm.dll+0x8aafe3]
V  [jvm.dll+0x27f706]
V  [jvm.dll+0xc500d]
V  [jvm.dll+0xc5543]
V  [jvm.dll+0x3b678c]
V  [jvm.dll+0x1dfe13]
V  [jvm.dll+0x247b42]
V  [jvm.dll+0x246fcf]
V  [jvm.dll+0x1c75ee]
V  [jvm.dll+0x25685a]
V  [jvm.dll+0x254dfa]
V  [jvm.dll+0x3f0256]
V  [jvm.dll+0x851f8b]
V  [jvm.dll+0x6cc5ed]
C  [ucrtbase.dll+0x37b0]
C  [KERNEL32.DLL+0x2e8d7]
C  [ntdll.dll+0x8c48c]


---------------  P R O C E S S  ---------------

Threads class SMR info:
_java_thread_list=0x00000205299d9d40, length=36, elements={
0x0000020529b69930, 0x0000020529b6a190, 0x0000020529b6cd00, 0x0000020529b6d450,
0x0000020529b71bb0, 0x0000020529b72300, 0x0000020529b7c010, 0x0000020529b81bc0,
0x0000020529ce0b10, 0x0000020529ce5f00, 0x000002056fcb43a0, 0x0000020571939720,
0x0000020574b57ad0, 0x0000020573408770, 0x000002056ff73460, 0x000002057283e7c0,
0x00000205700134d0, 0x00000205749422e0, 0x00000205723f4930, 0x0000020570fee9b0,
0x00000205787264c0, 0x00000205719eaf60, 0x00000205719ec310, 0x00000205719ec9a0,
0x0000020573a74e40, 0x0000020573a761f0, 0x0000020573a76880, 0x0000020573a76f10,
0x0000020573a775a0, 0x0000020573a77c30, 0x0000020573a747b0, 0x0000020573a782c0,
0x0000020573a78950, 0x0000020573a754d0, 0x0000020573a78fe0, 0x0000020573a75b60
}

Java Threads: ( => current thread )
  0x0000020529b69930 JavaThread "Reference Handler"          daemon [_thread_blocked, id=7800, stack(0x000000f700800000,0x000000f700900000) (1024K)]
  0x0000020529b6a190 JavaThread "Finalizer"                  daemon [_thread_blocked, id=26744, stack(0x000000f700900000,0x000000f700a00000) (1024K)]
  0x0000020529b6cd00 JavaThread "Signal Dispatcher"          daemon [_thread_blocked, id=24700, stack(0x000000f700a00000,0x000000f700b00000) (1024K)]
  0x0000020529b6d450 JavaThread "Attach Listener"            daemon [_thread_blocked, id=13108, stack(0x000000f700b00000,0x000000f700c00000) (1024K)]
  0x0000020529b71bb0 JavaThread "Service Thread"             daemon [_thread_blocked, id=26272, stack(0x000000f700c00000,0x000000f700d00000) (1024K)]
  0x0000020529b72300 JavaThread "Monitor Deflation Thread"   daemon [_thread_blocked, id=12408, stack(0x000000f700d00000,0x000000f700e00000) (1024K)]
=>0x0000020529b7c010 JavaThread "C2 CompilerThread0"         daemon [_thread_in_native, id=27148, stack(0x000000f700e00000,0x000000f700f00000) (1024K)]
  0x0000020529b81bc0 JavaThread "C1 CompilerThread0"         daemon [_thread_blocked, id=25812, stack(0x000000f700f00000,0x000000f701000000) (1024K)]
  0x0000020529ce0b10 JavaThread "Notification Thread"        daemon [_thread_blocked, id=8976, stack(0x000000f701000000,0x000000f701100000) (1024K)]
  0x0000020529ce5f00 JavaThread "Common-Cleaner"             daemon [_thread_blocked, id=16876, stack(0x000000f701100000,0x000000f701200000) (1024K)]
  0x000002056fcb43a0 JavaThread "Catalina-utility-1"                [_thread_blocked, id=5208, stack(0x000000f701c00000,0x000000f701d00000) (1024K)]
  0x0000020571939720 JavaThread "Catalina-utility-2"                [_thread_blocked, id=23464, stack(0x000000f701d00000,0x000000f701e00000) (1024K)]
  0x0000020574b57ad0 JavaThread "container-0"                       [_thread_blocked, id=17640, stack(0x000000f701e00000,0x000000f701f00000) (1024K)]
  0x0000020573408770 JavaThread "PostgreSQL-JDBC-Cleaner"    daemon [_thread_blocked, id=11704, stack(0x000000f701700000,0x000000f701800000) (1024K)]
  0x000002056ff73460 JavaThread "HikariPool-1 housekeeper"   daemon [_thread_blocked, id=24540, stack(0x000000f702000000,0x000000f702100000) (1024K)]
  0x000002057283e7c0 JavaThread "lettuce-timer-3-1"          daemon [_thread_blocked, id=2804, stack(0x000000f702300000,0x000000f702400000) (1024K)]
  0x00000205700134d0 JavaThread "spring.cloud.inetutils"     daemon [_thread_blocked, id=25876, stack(0x000000f702400000,0x000000f702500000) (1024K)]
  0x00000205749422e0 JavaThread "AsyncResolver-bootstrap-0"  daemon [_thread_blocked, id=3888, stack(0x000000f702500000,0x000000f702600000) (1024K)]
  0x00000205723f4930 JavaThread "DiscoveryClient-0"          daemon [_thread_blocked, id=1124, stack(0x000000f702100000,0x000000f702200000) (1024K)]
  0x0000020570fee9b0 JavaThread "DiscoveryClient-1"          daemon [_thread_blocked, id=984, stack(0x000000f702600000,0x000000f702700000) (1024K)]
  0x00000205787264c0 JavaThread "DiscoveryClient-InstanceInfoReplicator-0" daemon [_thread_blocked, id=4248, stack(0x000000f702700000,0x000000f702800000) (1024K)]
  0x00000205719eaf60 JavaThread "http-nio-8083-exec-1"       daemon [_thread_in_vm, id=21948, stack(0x000000f702800000,0x000000f702900000) (1024K)]
  0x00000205719ec310 JavaThread "http-nio-8083-exec-2"       daemon [_thread_blocked, id=18072, stack(0x000000f702900000,0x000000f702a00000) (1024K)]
  0x00000205719ec9a0 JavaThread "http-nio-8083-exec-3"       daemon [_thread_blocked, id=22072, stack(0x000000f702a00000,0x000000f702b00000) (1024K)]
  0x0000020573a74e40 JavaThread "http-nio-8083-exec-4"       daemon [_thread_blocked, id=10704, stack(0x000000f702b00000,0x000000f702c00000) (1024K)]
  0x0000020573a761f0 JavaThread "http-nio-8083-exec-5"       daemon [_thread_blocked, id=26336, stack(0x000000f702c00000,0x000000f702d00000) (1024K)]
  0x0000020573a76880 JavaThread "http-nio-8083-exec-6"       daemon [_thread_blocked, id=22972, stack(0x000000f702d00000,0x000000f702e00000) (1024K)]
  0x0000020573a76f10 JavaThread "http-nio-8083-exec-7"       daemon [_thread_blocked, id=23828, stack(0x000000f702e00000,0x000000f702f00000) (1024K)]
  0x0000020573a775a0 JavaThread "http-nio-8083-exec-8"       daemon [_thread_blocked, id=19020, stack(0x000000f702f00000,0x000000f703000000) (1024K)]
  0x0000020573a77c30 JavaThread "http-nio-8083-exec-9"       daemon [_thread_blocked, id=764, stack(0x000000f703000000,0x000000f703100000) (1024K)]
  0x0000020573a747b0 JavaThread "http-nio-8083-exec-10"      daemon [_thread_blocked, id=8944, stack(0x000000f703100000,0x000000f703200000) (1024K)]
  0x0000020573a782c0 JavaThread "http-nio-8083-Poller"       daemon [_thread_in_native, id=16944, stack(0x000000f703200000,0x000000f703300000) (1024K)]
  0x0000020573a78950 JavaThread "http-nio-8083-Acceptor"     daemon [_thread_in_native, id=25908, stack(0x000000f703300000,0x000000f703400000) (1024K)]
  0x0000020573a754d0 JavaThread "DestroyJavaVM"                     [_thread_blocked, id=26900, stack(0x000000f700000000,0x000000f700100000) (1024K)]
  0x0000020573a78fe0 JavaThread "DiscoveryClient-HeartbeatExecutor-0" daemon [_thread_blocked, id=4112, stack(0x000000f703400000,0x000000f703500000) (1024K)]
  0x0000020573a75b60 JavaThread "DiscoveryClient-CacheRefreshExecutor-0" daemon [_thread_blocked, id=7368, stack(0x000000f703500000,0x000000f703600000) (1024K)]
Total: 36

Other Threads:
  0x0000020529b49640 VMThread "VM Thread"                           [id=16792, stack(0x000000f700700000,0x000000f700800000) (1024K)]
  0x0000020529b36280 WatcherThread "VM Periodic Task Thread"        [id=8276, stack(0x000000f700600000,0x000000f700700000) (1024K)]
  0x0000020511ddd240 WorkerThread "GC Thread#0"                     [id=27368, stack(0x000000f700100000,0x000000f700200000) (1024K)]
  0x000002056fda2010 WorkerThread "GC Thread#1"                     [id=26292, stack(0x000000f701300000,0x000000f701400000) (1024K)]
  0x000002056f78f840 WorkerThread "GC Thread#2"                     [id=22256, stack(0x000000f701400000,0x000000f701500000) (1024K)]
  0x000002056f5fe780 WorkerThread "GC Thread#3"                     [id=16068, stack(0x000000f701500000,0x000000f701600000) (1024K)]
  0x000002056fdcb500 WorkerThread "GC Thread#4"                     [id=26200, stack(0x000000f701600000,0x000000f701700000) (1024K)]
  0x00000205726f7d40 WorkerThread "GC Thread#5"                     [id=27444, stack(0x000000f701900000,0x000000f701a00000) (1024K)]
  0x00000205726f8820 WorkerThread "GC Thread#6"                     [id=16600, stack(0x000000f701a00000,0x000000f701b00000) (1024K)]
  0x00000205726f80e0 WorkerThread "GC Thread#7"                     [id=27260, stack(0x000000f701b00000,0x000000f701c00000) (1024K)]
  0x0000020511dee380 ConcurrentGCThread "G1 Main Marker"            [id=1120, stack(0x000000f700200000,0x000000f700300000) (1024K)]
  0x0000020511dfe070 WorkerThread "G1 Conc#0"                       [id=15256, stack(0x000000f700300000,0x000000f700400000) (1024K)]
  0x00000205726f8f60 WorkerThread "G1 Conc#1"                       [id=14840, stack(0x000000f701800000,0x000000f701900000) (1024K)]
  0x0000020529a0a4a0 ConcurrentGCThread "G1 Refine#0"               [id=26496, stack(0x000000f700400000,0x000000f700500000) (1024K)]
  0x0000020529a0a9d0 ConcurrentGCThread "G1 Service"                [id=27556, stack(0x000000f700500000,0x000000f700600000) (1024K)]
Total: 15

Threads with active compile tasks:
C2 CompilerThread0  77626 8264       4       java.lang.invoke.MethodType::methodType (69 bytes)
Total: 1

VM state: not at safepoint (normal execution)

VM Mutex/Monitor currently owned by a thread: None

Heap address: 0x0000000083e00000, size: 1986 MB, Compressed Oops mode: 32-bit

CDS archive(s) mapped at: [0x000002052a000000-0x000002052ac80000-0x000002052ac80000), size 13107200, SharedBaseAddress: 0x000002052a000000, ArchiveRelocationMode: 1.
Compressed class space mapped at: 0x000002052b000000-0x000002056b000000, reserved size: 1073741824
Narrow klass base: 0x000002052a000000, Narrow klass shift: 0, Narrow klass range: 0x100000000

GC Precious Log:
 CardTable entry size: 512
 Card Set container configuration: InlinePtr #cards 5 size 8 Array Of Cards #cards 12 size 40 Howl #buckets 4 coarsen threshold 1843 Howl Bitmap #cards 512 size 80 coarsen threshold 460 Card regions per heap region 1 cards per card region 2048
 CPUs: 8 total, 8 available
 Memory: 7937M
 Large Page Support: Disabled
 NUMA Support: Disabled
 Compressed Oops: Enabled (32-bit)
 Heap Region Size: 1M
 Heap Min Capacity: 8M
 Heap Initial Capacity: 126M
 Heap Max Capacity: 1986M
 Pre-touch: Disabled
 Parallel Workers: 8
 Concurrent Workers: 2
 Concurrent Refinement Workers: 8
 Periodic GC: Disabled

Heap:
 garbage-first heap   total 95232K, used 62825K [0x0000000083e00000, 0x0000000100000000)
  region size 1024K, 15 young (15360K), 5 survivors (5120K)
 Metaspace       used 89996K, committed 91008K, reserved 1179648K
  class space    used 12079K, committed 12544K, reserved 1048576K

Heap Regions: E=young(eden), S=young(survivor), O=old, HS=humongous(starts), HC=humongous(continues), CS=collection set, F=free, TAMS=top-at-mark-start, PB=parsable bottom
|   0|0x0000000083e00000, 0x0000000083f00000, 0x0000000083f00000|100%|HS|  |TAMS 0x0000000083e00000| PB 0x0000000083e00000| Complete 
|   1|0x0000000083f00000, 0x0000000084000000, 0x0000000084000000|100%|HS|  |TAMS 0x0000000083f00000| PB 0x0000000083f00000| Complete 
|   2|0x0000000084000000, 0x0000000084100000, 0x0000000084100000|100%| O|  |TAMS 0x0000000084000000| PB 0x0000000084000000| Untracked 
|   3|0x0000000084100000, 0x0000000084200000, 0x0000000084200000|100%| O|  |TAMS 0x0000000084100000| PB 0x0000000084100000| Untracked 
|   4|0x0000000084200000, 0x0000000084300000, 0x0000000084300000|100%| O|  |TAMS 0x0000000084200000| PB 0x0000000084200000| Untracked 
|   5|0x0000000084300000, 0x0000000084400000, 0x0000000084400000|100%| O|  |TAMS 0x0000000084300000| PB 0x0000000084300000| Untracked 
|   6|0x0000000084400000, 0x0000000084500000, 0x0000000084500000|100%| O|  |TAMS 0x0000000084400000| PB 0x0000000084400000| Untracked 
|   7|0x0000000084500000, 0x0000000084600000, 0x0000000084600000|100%| O|  |TAMS 0x0000000084500000| PB 0x0000000084500000| Untracked 
|   8|0x0000000084600000, 0x0000000084700000, 0x0000000084700000|100%| O|  |TAMS 0x0000000084600000| PB 0x0000000084600000| Untracked 
|   9|0x0000000084700000, 0x0000000084800000, 0x0000000084800000|100%| O|  |TAMS 0x0000000084700000| PB 0x0000000084700000| Untracked 
|  10|0x0000000084800000, 0x0000000084900000, 0x0000000084900000|100%| O|  |TAMS 0x0000000084800000| PB 0x0000000084800000| Untracked 
|  11|0x0000000084900000, 0x0000000084a00000, 0x0000000084a00000|100%| O|  |TAMS 0x0000000084900000| PB 0x0000000084900000| Untracked 
|  12|0x0000000084a00000, 0x0000000084b00000, 0x0000000084b00000|100%| O|  |TAMS 0x0000000084a00000| PB 0x0000000084a00000| Untracked 
|  13|0x0000000084b00000, 0x0000000084c00000, 0x0000000084c00000|100%| O|  |TAMS 0x0000000084b00000| PB 0x0000000084b00000| Untracked 
|  14|0x0000000084c00000, 0x0000000084d00000, 0x0000000084d00000|100%| O|  |TAMS 0x0000000084c00000| PB 0x0000000084c00000| Untracked 
|  15|0x0000000084d00000, 0x0000000084e00000, 0x0000000084e00000|100%| O|  |TAMS 0x0000000084d00000| PB 0x0000000084d00000| Untracked 
|  16|0x0000000084e00000, 0x0000000084f00000, 0x0000000084f00000|100%| O|  |TAMS 0x0000000084e00000| PB 0x0000000084e00000| Untracked 
|  17|0x0000000084f00000, 0x0000000085000000, 0x0000000085000000|100%| O|  |TAMS 0x0000000084f00000| PB 0x0000000084f00000| Untracked 
|  18|0x0000000085000000, 0x0000000085100000, 0x0000000085100000|100%| O|  |TAMS 0x0000000085000000| PB 0x0000000085000000| Untracked 
|  19|0x0000000085100000, 0x0000000085200000, 0x0000000085200000|100%| O|  |TAMS 0x0000000085100000| PB 0x0000000085100000| Untracked 
|  20|0x0000000085200000, 0x0000000085300000, 0x0000000085300000|100%| O|  |TAMS 0x0000000085200000| PB 0x0000000085200000| Untracked 
|  21|0x0000000085300000, 0x0000000085400000, 0x0000000085400000|100%| O|  |TAMS 0x0000000085300000| PB 0x0000000085300000| Untracked 
|  22|0x0000000085400000, 0x0000000085500000, 0x0000000085500000|100%| O|  |TAMS 0x0000000085400000| PB 0x0000000085400000| Untracked 
|  23|0x0000000085500000, 0x0000000085600000, 0x0000000085600000|100%| O|  |TAMS 0x0000000085500000| PB 0x0000000085500000| Untracked 
|  24|0x0000000085600000, 0x0000000085700000, 0x0000000085700000|100%| O|  |TAMS 0x0000000085600000| PB 0x0000000085600000| Untracked 
|  25|0x0000000085700000, 0x0000000085800000, 0x0000000085800000|100%| O|  |TAMS 0x0000000085700000| PB 0x0000000085700000| Untracked 
|  26|0x0000000085800000, 0x0000000085900000, 0x0000000085900000|100%| O|  |TAMS 0x0000000085800000| PB 0x0000000085800000| Untracked 
|  27|0x0000000085900000, 0x0000000085a00000, 0x0000000085a00000|100%| O|  |TAMS 0x0000000085900000| PB 0x0000000085900000| Untracked 
|  28|0x0000000085a00000, 0x0000000085b00000, 0x0000000085b00000|100%| O|  |TAMS 0x0000000085a00000| PB 0x0000000085a00000| Untracked 
|  29|0x0000000085b00000, 0x0000000085c00000, 0x0000000085c00000|100%| O|  |TAMS 0x0000000085b00000| PB 0x0000000085b00000| Untracked 
|  30|0x0000000085c00000, 0x0000000085d00000, 0x0000000085d00000|100%| O|  |TAMS 0x0000000085c00000| PB 0x0000000085c00000| Untracked 
|  31|0x0000000085d00000, 0x0000000085e00000, 0x0000000085e00000|100%| O|  |TAMS 0x0000000085d00000| PB 0x0000000085d00000| Untracked 
|  32|0x0000000085e00000, 0x0000000085f00000, 0x0000000085f00000|100%| O|  |TAMS 0x0000000085e00000| PB 0x0000000085e00000| Untracked 
|  33|0x0000000085f00000, 0x0000000086000000, 0x0000000086000000|100%| O|  |TAMS 0x0000000085f00000| PB 0x0000000085f00000| Untracked 
|  34|0x0000000086000000, 0x0000000086100000, 0x0000000086100000|100%| O|  |TAMS 0x0000000086000000| PB 0x0000000086000000| Untracked 
|  35|0x0000000086100000, 0x0000000086200000, 0x0000000086200000|100%| O|  |TAMS 0x0000000086100000| PB 0x0000000086100000| Untracked 
|  36|0x0000000086200000, 0x0000000086300000, 0x0000000086300000|100%| O|  |TAMS 0x0000000086200000| PB 0x0000000086200000| Untracked 
|  37|0x0000000086300000, 0x0000000086400000, 0x0000000086400000|100%| O|  |TAMS 0x0000000086300000| PB 0x0000000086300000| Untracked 
|  38|0x0000000086400000, 0x0000000086500000, 0x0000000086500000|100%| O|  |TAMS 0x0000000086400000| PB 0x0000000086400000| Untracked 
|  39|0x0000000086500000, 0x0000000086600000, 0x0000000086600000|100%| O|  |TAMS 0x0000000086500000| PB 0x0000000086500000| Untracked 
|  40|0x0000000086600000, 0x0000000086700000, 0x0000000086700000|100%| O|  |TAMS 0x0000000086600000| PB 0x0000000086600000| Untracked 
|  41|0x0000000086700000, 0x0000000086800000, 0x0000000086800000|100%| O|  |TAMS 0x0000000086700000| PB 0x0000000086700000| Untracked 
|  42|0x0000000086800000, 0x0000000086900000, 0x0000000086900000|100%| O|  |TAMS 0x0000000086800000| PB 0x0000000086800000| Untracked 
|  43|0x0000000086900000, 0x0000000086a00000, 0x0000000086a00000|100%| O|  |TAMS 0x0000000086900000| PB 0x0000000086900000| Untracked 
|  44|0x0000000086a00000, 0x0000000086b00000, 0x0000000086b00000|100%| O|  |TAMS 0x0000000086a00000| PB 0x0000000086a00000| Untracked 
|  45|0x0000000086b00000, 0x0000000086c00000, 0x0000000086c00000|100%| O|  |TAMS 0x0000000086b00000| PB 0x0000000086b00000| Untracked 
|  46|0x0000000086c00000, 0x0000000086c00000, 0x0000000086d00000|  0%| F|  |TAMS 0x0000000086c00000| PB 0x0000000086c00000| Untracked 
|  47|0x0000000086d00000, 0x0000000086d00000, 0x0000000086e00000|  0%| F|  |TAMS 0x0000000086d00000| PB 0x0000000086d00000| Untracked 
|  48|0x0000000086e00000, 0x0000000086f00000, 0x0000000086f00000|100%| O|  |TAMS 0x0000000086e00000| PB 0x0000000086e00000| Untracked 
|  49|0x0000000086f00000, 0x0000000086f00000, 0x0000000087000000|  0%| F|  |TAMS 0x0000000086f00000| PB 0x0000000086f00000| Untracked 
|  50|0x0000000087000000, 0x0000000087000000, 0x0000000087100000|  0%| F|  |TAMS 0x0000000087000000| PB 0x0000000087000000| Untracked 
|  51|0x0000000087100000, 0x00000000871ffde0, 0x0000000087200000| 99%| O|  |TAMS 0x0000000087100000| PB 0x0000000087100000| Untracked 
|  52|0x0000000087200000, 0x0000000087200000, 0x0000000087300000|  0%| F|  |TAMS 0x0000000087200000| PB 0x0000000087200000| Untracked 
|  53|0x0000000087300000, 0x0000000087300000, 0x0000000087400000|  0%| F|  |TAMS 0x0000000087300000| PB 0x0000000087300000| Untracked 
|  54|0x0000000087400000, 0x0000000087400000, 0x0000000087500000|  0%| F|  |TAMS 0x0000000087400000| PB 0x0000000087400000| Untracked 
|  55|0x0000000087500000, 0x000000008755a9c0, 0x0000000087600000| 35%| S|CS|TAMS 0x0000000087500000| PB 0x0000000087500000| Complete 
|  56|0x0000000087600000, 0x0000000087700000, 0x0000000087700000|100%| S|CS|TAMS 0x0000000087600000| PB 0x0000000087600000| Complete 
|  57|0x0000000087700000, 0x0000000087800000, 0x0000000087800000|100%| S|CS|TAMS 0x0000000087700000| PB 0x0000000087700000| Complete 
|  58|0x0000000087800000, 0x0000000087900000, 0x0000000087900000|100%| S|CS|TAMS 0x0000000087800000| PB 0x0000000087800000| Complete 
|  59|0x0000000087900000, 0x0000000087a00000, 0x0000000087a00000|100%| S|CS|TAMS 0x0000000087900000| PB 0x0000000087900000| Complete 
|  60|0x0000000087a00000, 0x0000000087a00000, 0x0000000087b00000|  0%| F|  |TAMS 0x0000000087a00000| PB 0x0000000087a00000| Untracked 
|  61|0x0000000087b00000, 0x0000000087b00000, 0x0000000087c00000|  0%| F|  |TAMS 0x0000000087b00000| PB 0x0000000087b00000| Untracked 
|  62|0x0000000087c00000, 0x0000000087c00000, 0x0000000087d00000|  0%| F|  |TAMS 0x0000000087c00000| PB 0x0000000087c00000| Untracked 
|  63|0x0000000087d00000, 0x0000000087d00000, 0x0000000087e00000|  0%| F|  |TAMS 0x0000000087d00000| PB 0x0000000087d00000| Untracked 
|  64|0x0000000087e00000, 0x0000000087e00000, 0x0000000087f00000|  0%| F|  |TAMS 0x0000000087e00000| PB 0x0000000087e00000| Untracked 
|  65|0x0000000087f00000, 0x0000000087f00000, 0x0000000088000000|  0%| F|  |TAMS 0x0000000087f00000| PB 0x0000000087f00000| Untracked 
|  66|0x0000000088000000, 0x0000000088000000, 0x0000000088100000|  0%| F|  |TAMS 0x0000000088000000| PB 0x0000000088000000| Untracked 
|  67|0x0000000088100000, 0x0000000088100000, 0x0000000088200000|  0%| F|  |TAMS 0x0000000088100000| PB 0x0000000088100000| Untracked 
|  68|0x0000000088200000, 0x0000000088200000, 0x0000000088300000|  0%| F|  |TAMS 0x0000000088200000| PB 0x0000000088200000| Untracked 
|  69|0x0000000088300000, 0x0000000088300000, 0x0000000088400000|  0%| F|  |TAMS 0x0000000088300000| PB 0x0000000088300000| Untracked 
|  70|0x0000000088400000, 0x0000000088400000, 0x0000000088500000|  0%| F|  |TAMS 0x0000000088400000| PB 0x0000000088400000| Untracked 
|  71|0x0000000088500000, 0x0000000088500000, 0x0000000088600000|  0%| F|  |TAMS 0x0000000088500000| PB 0x0000000088500000| Untracked 
|  72|0x0000000088600000, 0x0000000088600000, 0x0000000088700000|  0%| F|  |TAMS 0x0000000088600000| PB 0x0000000088600000| Untracked 
|  73|0x0000000088700000, 0x0000000088700000, 0x0000000088800000|  0%| F|  |TAMS 0x0000000088700000| PB 0x0000000088700000| Untracked 
|  74|0x0000000088800000, 0x0000000088800000, 0x0000000088900000|  0%| F|  |TAMS 0x0000000088800000| PB 0x0000000088800000| Untracked 
|  75|0x0000000088900000, 0x0000000088900000, 0x0000000088a00000|  0%| F|  |TAMS 0x0000000088900000| PB 0x0000000088900000| Untracked 
|  76|0x0000000088a00000, 0x0000000088a00000, 0x0000000088b00000|  0%| F|  |TAMS 0x0000000088a00000| PB 0x0000000088a00000| Untracked 
|  77|0x0000000088b00000, 0x0000000088b00000, 0x0000000088c00000|  0%| F|  |TAMS 0x0000000088b00000| PB 0x0000000088b00000| Untracked 
|  78|0x0000000088c00000, 0x0000000088c00000, 0x0000000088d00000|  0%| F|  |TAMS 0x0000000088c00000| PB 0x0000000088c00000| Untracked 
|  79|0x0000000088d00000, 0x0000000088d00000, 0x0000000088e00000|  0%| F|  |TAMS 0x0000000088d00000| PB 0x0000000088d00000| Untracked 
|  80|0x0000000088e00000, 0x0000000088e00000, 0x0000000088f00000|  0%| F|  |TAMS 0x0000000088e00000| PB 0x0000000088e00000| Untracked 
|  81|0x0000000088f00000, 0x0000000088f00000, 0x0000000089000000|  0%| F|  |TAMS 0x0000000088f00000| PB 0x0000000088f00000| Untracked 
|  82|0x0000000089000000, 0x0000000089000000, 0x0000000089100000|  0%| F|  |TAMS 0x0000000089000000| PB 0x0000000089000000| Untracked 
|  83|0x0000000089100000, 0x0000000089142a68, 0x0000000089200000| 26%| E|  |TAMS 0x0000000089100000| PB 0x0000000089100000| Complete 
|  84|0x0000000089200000, 0x0000000089300000, 0x0000000089300000|100%| E|CS|TAMS 0x0000000089200000| PB 0x0000000089200000| Complete 
|  85|0x0000000089300000, 0x0000000089400000, 0x0000000089400000|100%| E|CS|TAMS 0x0000000089300000| PB 0x0000000089300000| Complete 
|  86|0x0000000089400000, 0x0000000089500000, 0x0000000089500000|100%| E|CS|TAMS 0x0000000089400000| PB 0x0000000089400000| Complete 
|  87|0x0000000089500000, 0x0000000089600000, 0x0000000089600000|100%| E|CS|TAMS 0x0000000089500000| PB 0x0000000089500000| Complete 
|  88|0x0000000089600000, 0x0000000089700000, 0x0000000089700000|100%| E|CS|TAMS 0x0000000089600000| PB 0x0000000089600000| Complete 
|  89|0x0000000089700000, 0x0000000089800000, 0x0000000089800000|100%| E|CS|TAMS 0x0000000089700000| PB 0x0000000089700000| Complete 
|  90|0x0000000089800000, 0x0000000089900000, 0x0000000089900000|100%| E|CS|TAMS 0x0000000089800000| PB 0x0000000089800000| Complete 
|  91|0x0000000089900000, 0x0000000089a00000, 0x0000000089a00000|100%| E|CS|TAMS 0x0000000089900000| PB 0x0000000089900000| Complete 
| 125|0x000000008bb00000, 0x000000008bc00000, 0x000000008bc00000|100%| E|CS|TAMS 0x000000008bb00000| PB 0x000000008bb00000| Complete 

Card table byte_map: [0x0000020524e20000,0x0000020525210000] _byte_map_base: 0x0000020524a01000

Marking Bits: (CMBitMap*) 0x0000020511ddd940
 Bits: [0x0000020525210000, 0x0000020527118000)

Polling page: 0x000002050fc00000

Metaspace:

Usage:
  Non-class:     76.11 MB used.
      Class:     11.80 MB used.
       Both:     87.91 MB used.

Virtual space:
  Non-class space:      128.00 MB reserved,      76.62 MB ( 60%) committed,  2 nodes.
      Class space:        1.00 GB reserved,      12.25 MB (  1%) committed,  1 nodes.
             Both:        1.12 GB reserved,      88.88 MB (  8%) committed. 

Chunk freelists:
   Non-Class:  2.78 MB
       Class:  3.80 MB
        Both:  6.58 MB

MaxMetaspaceSize: unlimited
CompressedClassSpaceSize: 1.00 GB
Initial GC threshold: 21.00 MB
Current GC threshold: 124.94 MB
CDS: on
 - commit_granule_bytes: 65536.
 - commit_granule_words: 8192.
 - virtual_space_node_default_size: 8388608.
 - enlarge_chunks_in_place: 1.
 - use_allocation_guard: 0.


Internal statistics:

num_allocs_failed_limit: 9.
num_arena_births: 1356.
num_arena_deaths: 0.
num_vsnodes_births: 3.
num_vsnodes_deaths: 0.
num_space_committed: 1422.
num_space_uncommitted: 0.
num_chunks_returned_to_freelist: 9.
num_chunks_taken_from_freelist: 4606.
num_chunk_merges: 9.
num_chunk_splits: 3318.
num_chunks_enlarged: 2596.
num_inconsistent_stats: 0.

CodeHeap 'non-profiled nmethods': size=120000Kb used=6929Kb max_used=6929Kb free=113070Kb
 bounds [0x000002051d1d0000, 0x000002051d8a0000, 0x0000020524700000]
CodeHeap 'profiled nmethods': size=120000Kb used=13789Kb max_used=13789Kb free=106210Kb
 bounds [0x0000020515700000, 0x0000020516480000, 0x000002051cc30000]
CodeHeap 'non-nmethods': size=5760Kb used=1961Kb max_used=1980Kb free=3799Kb
 bounds [0x000002051cc30000, 0x000002051cea0000, 0x000002051d1d0000]
 total_blobs=7945 nmethods=7186 adapters=663
 compilation: enabled
              stopped_count=0, restarted_count=0
 full_count=0

Compilation events (20 events):
Event: 77.153 Thread 0x0000020529b81bc0 nmethod 8281 0x000002051645a290 code [0x000002051645a4a0, 0x000002051645aab8]
Event: 77.154 Thread 0x0000020529b81bc0 8282       2       java.lang.invoke.MethodType::makeImpl (109 bytes)
Event: 77.154 Thread 0x0000020529d96190 8278 %     4       java.util.Properties$LineReader::readLine @ 53 (584 bytes)
Event: 77.156 Thread 0x0000020529b81bc0 nmethod 8282 0x000002051645ac90 code [0x000002051645af20, 0x000002051645b8b0]
Event: 77.157 Thread 0x0000020529b81bc0 8283       2       jdk.internal.util.ReferencedKeySet::get (27 bytes)
Event: 77.158 Thread 0x0000020529b81bc0 nmethod 8283 0x000002051645bd10 code [0x000002051645bf20, 0x000002051645c380]
Event: 77.167 Thread 0x0000020529b81bc0 8285       3       java.time.temporal.ChronoField::checkValidValue (10 bytes)
Event: 77.168 Thread 0x0000020529b81bc0 nmethod 8285 0x000002051645c590 code [0x000002051645c740, 0x000002051645c8a0]
Event: 77.168 Thread 0x0000020529b81bc0 8287       3       java.time.format.DateTimeFormatterBuilder$NumberPrinterParser::format (400 bytes)
Event: 77.172 Thread 0x0000020529b81bc0 nmethod 8287 0x000002051645c990 code [0x000002051645cec0, 0x000002051645efe8]
Event: 77.173 Thread 0x0000020529b81bc0 8288       3       java.time.format.DateTimeFormatterBuilder$NumberPrinterParser::stringSize (55 bytes)
Event: 77.173 Thread 0x0000020529b81bc0 nmethod 8288 0x000002051645fd90 code [0x000002051645ff40, 0x00000205164601a8]
Event: 77.173 Thread 0x0000020529b81bc0 8289       3       java.io.BufferedOutputStream::flushBuffer (29 bytes)
Event: 77.174 Thread 0x0000020529b81bc0 nmethod 8289 0x0000020516460290 code [0x0000020516460440, 0x0000020516460668]
Event: 77.174 Thread 0x0000020529b81bc0 8286       3       java.time.temporal.ValueRange::checkValidValue (24 bytes)
Event: 77.174 Thread 0x0000020529b81bc0 nmethod 8286 0x0000020516460710 code [0x00000205164608e0, 0x0000020516460c68]
Event: 77.225 Thread 0x0000020529d96190 nmethod 8278% 0x000002051d88f010 code [0x000002051d88f300, 0x000002051d890cd0]
Event: 77.225 Thread 0x0000020529d96190 8284       4       java.lang.Module::isNamed (13 bytes)
Event: 77.226 Thread 0x0000020529d96190 nmethod 8284 0x000002051d891c10 code [0x000002051d891da0, 0x000002051d891e30]
Event: 77.226 Thread 0x0000020529d96190 8279       4       java.util.concurrent.ConcurrentHashMap$EntryIterator::next (5 bytes)

GC Heap History (20 events):
Event: 7.836 GC heap before
{Heap before GC invocations=11 (full 0):
 garbage-first heap   total 78848K, used 66293K [0x0000000083e00000, 0x0000000100000000)
  region size 1024K, 40 young (40960K), 6 survivors (6144K)
 Metaspace       used 57081K, committed 57728K, reserved 1114112K
  class space    used 7403K, committed 7680K, reserved 1048576K
}
Event: 7.841 GC heap after
{Heap after GC invocations=12 (full 0):
 garbage-first heap   total 78848K, used 33574K [0x0000000083e00000, 0x0000000100000000)
  region size 1024K, 5 young (5120K), 5 survivors (5120K)
 Metaspace       used 57081K, committed 57728K, reserved 1114112K
  class space    used 7403K, committed 7680K, reserved 1048576K
}
Event: 8.081 GC heap before
{Heap before GC invocations=12 (full 0):
 garbage-first heap   total 78848K, used 39718K [0x0000000083e00000, 0x0000000100000000)
  region size 1024K, 12 young (12288K), 5 survivors (5120K)
 Metaspace       used 59668K, committed 60288K, reserved 1114112K
  class space    used 7822K, committed 8128K, reserved 1048576K
}
Event: 8.086 GC heap after
{Heap after GC invocations=13 (full 0):
 garbage-first heap   total 78848K, used 34113K [0x0000000083e00000, 0x0000000100000000)
  region size 1024K, 3 young (3072K), 3 survivors (3072K)
 Metaspace       used 59668K, committed 60288K, reserved 1114112K
  class space    used 7822K, committed 8128K, reserved 1048576K
}
Event: 9.033 GC heap before
{Heap before GC invocations=14 (full 0):
 garbage-first heap   total 78848K, used 69953K [0x0000000083e00000, 0x0000000100000000)
  region size 1024K, 38 young (38912K), 3 survivors (3072K)
 Metaspace       used 66522K, committed 67200K, reserved 1114112K
  class space    used 8898K, committed 9216K, reserved 1048576K
}
Event: 9.037 GC heap after
{Heap after GC invocations=15 (full 0):
 garbage-first heap   total 78848K, used 36469K [0x0000000083e00000, 0x0000000100000000)
  region size 1024K, 5 young (5120K), 5 survivors (5120K)
 Metaspace       used 66522K, committed 67200K, reserved 1114112K
  class space    used 8898K, committed 9216K, reserved 1048576K
}
Event: 9.874 GC heap before
{Heap before GC invocations=15 (full 0):
 garbage-first heap   total 78848K, used 68213K [0x0000000083e00000, 0x0000000100000000)
  region size 1024K, 36 young (36864K), 5 survivors (5120K)
 Metaspace       used 72121K, committed 72768K, reserved 1114112K
  class space    used 9675K, committed 9984K, reserved 1048576K
}
Event: 9.881 GC heap after
{Heap after GC invocations=16 (full 0):
 garbage-first heap   total 78848K, used 38369K [0x0000000083e00000, 0x0000000100000000)
  region size 1024K, 5 young (5120K), 5 survivors (5120K)
 Metaspace       used 72121K, committed 72768K, reserved 1114112K
  class space    used 9675K, committed 9984K, reserved 1048576K
}
Event: 10.468 GC heap before
{Heap before GC invocations=16 (full 0):
 garbage-first heap   total 78848K, used 68065K [0x0000000083e00000, 0x0000000100000000)
  region size 1024K, 34 young (34816K), 5 survivors (5120K)
 Metaspace       used 74075K, committed 74752K, reserved 1114112K
  class space    used 9946K, committed 10240K, reserved 1048576K
}
Event: 10.474 GC heap after
{Heap after GC invocations=17 (full 0):
 garbage-first heap   total 78848K, used 41029K [0x0000000083e00000, 0x0000000100000000)
  region size 1024K, 5 young (5120K), 5 survivors (5120K)
 Metaspace       used 74075K, committed 74752K, reserved 1114112K
  class space    used 9946K, committed 10240K, reserved 1048576K
}
Event: 10.997 GC heap before
{Heap before GC invocations=17 (full 0):
 garbage-first heap   total 78848K, used 67653K [0x0000000083e00000, 0x0000000100000000)
  region size 1024K, 31 young (31744K), 5 survivors (5120K)
 Metaspace       used 75927K, committed 76672K, reserved 1179648K
  class space    used 10188K, committed 10496K, reserved 1048576K
}
Event: 11.003 GC heap after
{Heap after GC invocations=18 (full 0):
 garbage-first heap   total 78848K, used 43264K [0x0000000083e00000, 0x0000000100000000)
  region size 1024K, 3 young (3072K), 3 survivors (3072K)
 Metaspace       used 75927K, committed 76672K, reserved 1179648K
  class space    used 10188K, committed 10496K, reserved 1048576K
}
Event: 11.505 GC heap before
{Heap before GC invocations=19 (full 0):
 garbage-first heap   total 78848K, used 69888K [0x0000000083e00000, 0x0000000100000000)
  region size 1024K, 29 young (29696K), 3 survivors (3072K)
 Metaspace       used 76892K, committed 77632K, reserved 1179648K
  class space    used 10346K, committed 10688K, reserved 1048576K
}
Event: 11.510 GC heap after
{Heap after GC invocations=20 (full 0):
 garbage-first heap   total 78848K, used 45391K [0x0000000083e00000, 0x0000000100000000)
  region size 1024K, 3 young (3072K), 3 survivors (3072K)
 Metaspace       used 76892K, committed 77632K, reserved 1179648K
  class space    used 10346K, committed 10688K, reserved 1048576K
}
Event: 11.869 GC heap before
{Heap before GC invocations=20 (full 0):
 garbage-first heap   total 78848K, used 69967K [0x0000000083e00000, 0x0000000100000000)
  region size 1024K, 27 young (27648K), 3 survivors (3072K)
 Metaspace       used 77936K, committed 78720K, reserved 1179648K
  class space    used 10487K, committed 10880K, reserved 1048576K
}
Event: 11.875 GC heap after
{Heap after GC invocations=21 (full 0):
 garbage-first heap   total 95232K, used 46234K [0x0000000083e00000, 0x0000000100000000)
  region size 1024K, 2 young (2048K), 2 survivors (2048K)
 Metaspace       used 77936K, committed 78720K, reserved 1179648K
  class space    used 10487K, committed 10880K, reserved 1048576K
}
Event: 12.581 GC heap before
{Heap before GC invocations=21 (full 0):
 garbage-first heap   total 95232K, used 86170K [0x0000000083e00000, 0x0000000100000000)
  region size 1024K, 41 young (41984K), 2 survivors (2048K)
 Metaspace       used 80513K, committed 81344K, reserved 1179648K
  class space    used 10911K, committed 11264K, reserved 1048576K
}
Event: 12.587 GC heap after
{Heap after GC invocations=22 (full 0):
 garbage-first heap   total 95232K, used 49259K [0x0000000083e00000, 0x0000000100000000)
  region size 1024K, 5 young (5120K), 5 survivors (5120K)
 Metaspace       used 80513K, committed 81344K, reserved 1179648K
  class space    used 10911K, committed 11264K, reserved 1048576K
}
Event: 13.333 GC heap before
{Heap before GC invocations=22 (full 0):
 garbage-first heap   total 95232K, used 82027K [0x0000000083e00000, 0x0000000100000000)
  region size 1024K, 38 young (38912K), 5 survivors (5120K)
 Metaspace       used 87938K, committed 88832K, reserved 1179648K
  class space    used 11826K, committed 12224K, reserved 1048576K
}
Event: 13.341 GC heap after
{Heap after GC invocations=23 (full 0):
 garbage-first heap   total 95232K, used 53609K [0x0000000083e00000, 0x0000000100000000)
  region size 1024K, 5 young (5120K), 5 survivors (5120K)
 Metaspace       used 87938K, committed 88832K, reserved 1179648K
  class space    used 11826K, committed 12224K, reserved 1048576K
}

Dll operation events (11 events):
Event: 0.033 Loaded shared library C:\Users\Driti Sai\.p2\pool\plugins\org.eclipse.justj.openjdk.hotspot.jre.full.win32.x86_64_21.0.6.v20250130-0529\jre\bin\java.dll
Event: 0.111 Loaded shared library C:\Users\Driti Sai\.p2\pool\plugins\org.eclipse.justj.openjdk.hotspot.jre.full.win32.x86_64_21.0.6.v20250130-0529\jre\bin\zip.dll
Event: 0.344 Loaded shared library C:\Users\Driti Sai\.p2\pool\plugins\org.eclipse.justj.openjdk.hotspot.jre.full.win32.x86_64_21.0.6.v20250130-0529\jre\bin\net.dll
Event: 0.347 Loaded shared library C:\Users\Driti Sai\.p2\pool\plugins\org.eclipse.justj.openjdk.hotspot.jre.full.win32.x86_64_21.0.6.v20250130-0529\jre\bin\nio.dll
Event: 0.350 Loaded shared library C:\Users\Driti Sai\.p2\pool\plugins\org.eclipse.justj.openjdk.hotspot.jre.full.win32.x86_64_21.0.6.v20250130-0529\jre\bin\zip.dll
Event: 0.499 Loaded shared library C:\Users\Driti Sai\.p2\pool\plugins\org.eclipse.justj.openjdk.hotspot.jre.full.win32.x86_64_21.0.6.v20250130-0529\jre\bin\jimage.dll
Event: 2.043 Loaded shared library C:\Users\Driti Sai\.p2\pool\plugins\org.eclipse.justj.openjdk.hotspot.jre.full.win32.x86_64_21.0.6.v20250130-0529\jre\bin\sunmscapi.dll
Event: 4.197 Loaded shared library C:\Users\Driti Sai\.p2\pool\plugins\org.eclipse.justj.openjdk.hotspot.jre.full.win32.x86_64_21.0.6.v20250130-0529\jre\bin\verify.dll
Event: 5.463 Loaded shared library C:\Users\Driti Sai\.p2\pool\plugins\org.eclipse.justj.openjdk.hotspot.jre.full.win32.x86_64_21.0.6.v20250130-0529\jre\bin\management.dll
Event: 5.466 Loaded shared library C:\Users\Driti Sai\.p2\pool\plugins\org.eclipse.justj.openjdk.hotspot.jre.full.win32.x86_64_21.0.6.v20250130-0529\jre\bin\management_ext.dll
Event: 6.731 Loaded shared library C:\Users\Driti Sai\.p2\pool\plugins\org.eclipse.justj.openjdk.hotspot.jre.full.win32.x86_64_21.0.6.v20250130-0529\jre\bin\extnet.dll

Deoptimization events (20 events):
Event: 43.312 Thread 0x0000020573a75b60 Uncommon trap: trap_request=0xffffffde fr.pc=0x000002051d62e8d0 relative=0x0000000000001c30
Event: 43.312 Thread 0x0000020573a75b60 Uncommon trap: reason=class_check action=maybe_recompile pc=0x000002051d62e8d0 method=java.util.zip.InflaterInputStream.read([BII)I @ 78 c2
Event: 43.312 Thread 0x0000020573a75b60 DEOPT PACKING pc=0x000002051d62e8d0 sp=0x000000f7035fe120
Event: 43.312 Thread 0x0000020573a75b60 DEOPT UNPACKING pc=0x000002051cc87da2 sp=0x000000f7035fe180 mode 2
Event: 43.313 Thread 0x0000020573a75b60 Uncommon trap: trap_request=0xffffffde fr.pc=0x000002051d62e8d0 relative=0x0000000000001c30
Event: 43.313 Thread 0x0000020573a75b60 Uncommon trap: reason=class_check action=maybe_recompile pc=0x000002051d62e8d0 method=java.util.zip.InflaterInputStream.read([BII)I @ 78 c2
Event: 43.313 Thread 0x0000020573a75b60 DEOPT PACKING pc=0x000002051d62e8d0 sp=0x000000f7035fd0a0
Event: 43.313 Thread 0x0000020573a75b60 DEOPT UNPACKING pc=0x000002051cc87da2 sp=0x000000f7035fd100 mode 2
Event: 73.326 Thread 0x00000205723f4930 Uncommon trap: trap_request=0xffffffc6 fr.pc=0x000002051d3ec13c relative=0x00000000000012dc
Event: 73.326 Thread 0x00000205723f4930 Uncommon trap: reason=bimorphic_or_optimized_type_check action=maybe_recompile pc=0x000002051d3ec13c method=java.util.concurrent.ConcurrentHashMap.putVal(Ljava/lang/Object;Ljava/lang/Object;Z)Ljava/lang/Object; @ 159 c2
Event: 73.326 Thread 0x00000205723f4930 DEOPT PACKING pc=0x000002051d3ec13c sp=0x000000f7021fe360
Event: 73.326 Thread 0x00000205723f4930 DEOPT UNPACKING pc=0x000002051cc87da2 sp=0x000000f7021fe2f0 mode 2
Event: 73.326 Thread 0x00000205723f4930 Uncommon trap: trap_request=0xffffff54 fr.pc=0x000002051d2ea6bc relative=0x000000000000127c
Event: 73.326 Thread 0x00000205723f4930 Uncommon trap: reason=speculate_null_assert action=make_not_entrant pc=0x000002051d2ea6bc method=jdk.internal.util.ReferencedKeyMap.internKey(Ljdk/internal/util/ReferencedKeyMap;Ljava/lang/Object;)Ljava/lang/Object; @ 28 c2
Event: 73.326 Thread 0x00000205723f4930 DEOPT PACKING pc=0x000002051d2ea6bc sp=0x000000f7021fe440
Event: 73.327 Thread 0x00000205723f4930 DEOPT UNPACKING pc=0x000002051cc87da2 sp=0x000000f7021fe290 mode 2
Event: 73.327 Thread 0x00000205723f4930 Uncommon trap: trap_request=0xffffff54 fr.pc=0x000002051d30ec38 relative=0x0000000000005e78
Event: 73.327 Thread 0x00000205723f4930 Uncommon trap: reason=speculate_null_assert action=make_not_entrant pc=0x000002051d30ec38 method=jdk.internal.util.ReferencedKeyMap.existingKey(Ljdk/internal/util/ReferencedKeyMap;Ljava/lang/Object;)Ljava/lang/Object; @ 18 c2
Event: 73.327 Thread 0x00000205723f4930 DEOPT PACKING pc=0x000002051d30ec38 sp=0x000000f7021fe2f0
Event: 73.327 Thread 0x00000205723f4930 DEOPT UNPACKING pc=0x000002051cc87da2 sp=0x000000f7021fe1d0 mode 2

Classes loaded (20 events):
Event: 76.576 Loading class java/util/concurrent/BlockingDeque done
Event: 76.577 Loading class java/util/concurrent/LinkedBlockingDeque done
Event: 76.578 Loading class java/util/concurrent/Semaphore
Event: 76.580 Loading class java/util/concurrent/Semaphore done
Event: 76.580 Loading class java/util/concurrent/Semaphore$NonfairSync
Event: 76.580 Loading class java/util/concurrent/Semaphore$Sync
Event: 76.581 Loading class java/util/concurrent/Semaphore$Sync done
Event: 76.581 Loading class java/util/concurrent/Semaphore$NonfairSync done
Event: 76.582 Loading class sun/nio/ch/SocketAdaptor
Event: 76.583 Loading class sun/nio/ch/SocketAdaptor done
Event: 76.585 Loading class sun/nio/ch/SocketChannelImpl$DefaultOptionsHolder
Event: 76.585 Loading class sun/nio/ch/SocketChannelImpl$DefaultOptionsHolder done
Event: 76.589 Loading class sun/nio/ch/SelectionKeyImpl
Event: 76.590 Loading class java/nio/channels/spi/AbstractSelectionKey
Event: 76.590 Loading class java/nio/channels/SelectionKey
Event: 76.591 Loading class java/nio/channels/SelectionKey done
Event: 76.591 Loading class java/nio/channels/spi/AbstractSelectionKey done
Event: 76.591 Loading class sun/nio/ch/SelectionKeyImpl done
Event: 76.592 Loading class java/lang/invoke/ConstantBootstraps
Event: 76.593 Loading class java/lang/invoke/ConstantBootstraps done

Classes unloaded (0 events):
No events

Classes redefined (0 events):
No events

Internal exceptions (20 events):
Event: 12.458 Thread 0x000002050f92bcf0 Exception <a 'java/lang/NoSuchMethodError'{0x00000000877c94c8}: 'void java.lang.invoke.DirectMethodHandle$Holder.invokeStatic(java.lang.Object, java.lang.Object, double)'> (0x00000000877c94c8) 
thrown [s\src\hotspot\share\interpreter\linkResolver.cpp, line 773]
Event: 12.473 Thread 0x000002050f92bcf0 Exception <a 'java/lang/NoSuchMethodError'{0x000000008761f598}: 'double java.lang.invoke.DirectMethodHandle$Holder.invokeStatic(java.lang.Object, java.lang.Object, java.lang.Object)'> (0x000000008761f598) 
thrown [s\src\hotspot\share\interpreter\linkResolver.cpp, line 773]
Event: 12.504 Thread 0x000002050f92bcf0 Exception <a 'java/lang/IncompatibleClassChangeError'{0x00000000875059f8}: Found class java.lang.Object, but interface was expected> (0x00000000875059f8) 
thrown [s\src\hotspot\share\interpreter\linkResolver.cpp, line 840]
Event: 12.522 Thread 0x000002050f92bcf0 Exception <a 'java/lang/NoSuchMethodError'{0x0000000087545de0}: 'java.lang.Object java.lang.invoke.DirectMethodHandle$Holder.newInvokeSpecial(java.lang.Object, java.lang.Object, int, java.lang.Object, java.lang.Object)'> (0x0000000087545de0) 
thrown [s\src\hotspot\share\interpreter\linkResolver.cpp, line 773]
Event: 12.523 Thread 0x000002050f92bcf0 Exception <a 'java/lang/NoSuchMethodError'{0x0000000087550f80}: 'java.lang.Object java.lang.invoke.DirectMethodHandle$Holder.invokeSpecial(java.lang.Object, java.lang.Object, int, java.lang.Object, int, java.lang.Object)'> (0x0000000087550f80) 
thrown [s\src\hotspot\share\interpreter\linkResolver.cpp, line 773]
Event: 12.524 Thread 0x000002050f92bcf0 Exception <a 'java/lang/NoSuchMethodError'{0x0000000087558000}: 'java.lang.Object java.lang.invoke.DirectMethodHandle$Holder.newInvokeSpecial(java.lang.Object, java.lang.Object, int, java.lang.Object, int)'> (0x0000000087558000) 
thrown [s\src\hotspot\share\interpreter\linkResolver.cpp, line 773]
Event: 12.524 Thread 0x000002050f92bcf0 Exception <a 'java/lang/NoSuchMethodError'{0x000000008755bec8}: 'java.lang.Object java.lang.invoke.DirectMethodHandle$Holder.invokeSpecial(java.lang.Object, java.lang.Object, java.lang.Object, int, java.lang.Object, int)'> (0x000000008755bec8) 
thrown [s\src\hotspot\share\interpreter\linkResolver.cpp, line 773]
Event: 12.600 Thread 0x0000020529ce0b10 Exception <a 'java/lang/NoSuchMethodError'{0x000000008bb23658}: 'long java.lang.invoke.DirectMethodHandle$Holder.invokeStatic(java.lang.Object, java.lang.Object, java.lang.Object)'> (0x000000008bb23658) 
thrown [s\src\hotspot\share\interpreter\linkResolver.cpp, line 773]
Event: 12.625 Thread 0x000002050f92bcf0 Exception <a 'java/lang/IncompatibleClassChangeError'{0x0000000089957068}: Found class java.lang.Object, but interface was expected> (0x0000000089957068) 
thrown [s\src\hotspot\share\interpreter\linkResolver.cpp, line 840]
Event: 12.663 Thread 0x000002050f92bcf0 Implicit null exception at 0x000002051d3558f7 to 0x000002051d3561c4
Event: 13.243 Thread 0x000002050f92bcf0 Exception <a 'java/lang/NoSuchMethodError'{0x0000000087ef2088}: 'long java.lang.invoke.DirectMethodHandle$Holder.invokeStatic(java.lang.Object, java.lang.Object, int)'> (0x0000000087ef2088) 
thrown [s\src\hotspot\share\interpreter\linkResolver.cpp, line 773]
Event: 13.244 Thread 0x000002050f92bcf0 Exception <a 'java/lang/NoSuchMethodError'{0x0000000087efcc28}: 'java.lang.Object java.lang.invoke.DelegatingMethodHandle$Holder.reinvoke_L(java.lang.Object, int, int, long, java.lang.Object, long, long, long)'> (0x0000000087efcc28) 
thrown [s\src\hotspot\share\interpreter\linkResolver.cpp, line 773]
Event: 13.246 Thread 0x000002050f92bcf0 Exception <a 'java/lang/NoSuchMethodError'{0x0000000087d20e78}: 'java.lang.Object java.lang.invoke.DelegatingMethodHandle$Holder.reinvoke_L(java.lang.Object, java.lang.Object, java.lang.Object, java.lang.Object, java.lang.Object, java.lang.Object, java.lang.Object, java.lang.Object, java.lang.Object, java.lang.Object, java.lang.Object, java.lang.Object, java.lang.Object, java.lang.Object, int, java.lang.Object, java.lang.Object, java.lang.Object, java.lang.Object, java.lang.Object, java.lang.Object, java.l
Event: 13.254 Thread 0x000002050f92bcf0 Exception <a 'java/lang/NoSuchMethodError'{0x0000000087d747b0}: 'java.lang.Object java.lang.invoke.DirectMethodHandle$Holder.invokeStatic(java.lang.Object, java.lang.Object, java.lang.Object, java.lang.Object, java.lang.Object, java.lang.Object, java.lang.Object, java.lang.Object, java.lang.Object, java.lang.Object, java.lang.Object, java.lang.Object, java.lang.Object)'> (0x0000000087d747b0) 
thrown [s\src\hotspot\share\interpreter\linkResolver.cpp, line 773]
Event: 13.257 Thread 0x000002050f92bcf0 Exception <a 'java/lang/NoSuchMethodError'{0x0000000087d95c78}: 'java.lang.Object java.lang.invoke.DirectMethodHandle$Holder.invokeStatic(java.lang.Object, java.lang.Object, java.lang.Object, java.lang.Object, java.lang.Object, java.lang.Object, java.lang.Object, java.lang.Object, java.lang.Object, java.lang.Object, java.lang.Object, java.lang.Object, java.lang.Object, java.lang.Object)'> (0x0000000087d95c78) 
thrown [s\src\hotspot\share\interpreter\linkResolver.cpp, line 773]
Event: 13.258 Thread 0x000002050f92bcf0 Exception <a 'java/lang/NoSuchMethodError'{0x0000000087dabdd8}: 'java.lang.Object java.lang.invoke.DelegatingMethodHandle$Holder.reinvoke_L(java.lang.Object, java.lang.Object, java.lang.Object, java.lang.Object, java.lang.Object, java.lang.Object, java.lang.Object, java.lang.Object, java.lang.Object, java.lang.Object, java.lang.Object, java.lang.Object, java.lang.Object, java.lang.Object, java.lang.Object, java.lang.Object, java.lang.Object, java.lang.Object, java.lang.Object, java.lang.Object, java.lang.O
Event: 13.319 Thread 0x000002050f92bcf0 Implicit null exception at 0x000002051d31a285 to 0x000002051d31a4e8
Event: 13.382 Thread 0x00000205787264c0 Exception <a 'java/lang/NoSuchMethodError'{0x0000000089710710}: 'long java.lang.invoke.DelegatingMethodHandle$Holder.reinvoke_L(java.lang.Object, java.lang.Object)'> (0x0000000089710710) 
thrown [s\src\hotspot\share\interpreter\linkResolver.cpp, line 773]
Event: 76.844 Thread 0x00000205719eaf60 Exception <a 'java/lang/NoSuchMethodError'{0x0000000089473a28}: 'java.lang.Object java.lang.invoke.DirectMethodHandle$Holder.invokeSpecial(java.lang.Object, java.lang.Object, java.lang.Object, java.lang.Object, java.lang.Object, long)'> (0x0000000089473a28) 
thrown [s\src\hotspot\share\interpreter\linkResolver.cpp, line 773]
Event: 76.845 Thread 0x00000205719eaf60 Exception <a 'java/lang/NoSuchMethodError'{0x00000000894771c0}: 'java.lang.Object java.lang.invoke.Invokers$Holder.linkToTargetMethod(java.lang.Object, java.lang.Object, java.lang.Object, long, java.lang.Object)'> (0x00000000894771c0) 
thrown [s\src\hotspot\share\interpreter\linkResolver.cpp, line 773]

ZGC Phase Switch (0 events):
No events

VM Operations (20 events):
Event: 14.343 Executing VM operation: Cleanup
Event: 14.343 Executing VM operation: Cleanup done
Event: 43.634 Executing VM operation: Cleanup
Event: 43.635 Executing VM operation: Cleanup done
Event: 52.741 Executing VM operation: Cleanup
Event: 52.741 Executing VM operation: Cleanup done
Event: 60.060 Executing VM operation: HandshakeAllThreads (HandshakeForDeflation)
Event: 60.060 Executing VM operation: HandshakeAllThreads (HandshakeForDeflation) done
Event: 60.060 Executing VM operation: RendezvousGCThreads
Event: 60.060 Executing VM operation: RendezvousGCThreads done
Event: 63.094 Executing VM operation: Cleanup
Event: 63.094 Executing VM operation: Cleanup done
Event: 66.132 Executing VM operation: Cleanup
Event: 66.132 Executing VM operation: Cleanup done
Event: 74.188 Executing VM operation: Cleanup
Event: 74.188 Executing VM operation: Cleanup done
Event: 76.991 Executing VM operation: HandshakeAllThreads (Deoptimize)
Event: 76.994 Executing VM operation: HandshakeAllThreads (Deoptimize) done
Event: 76.994 Executing VM operation: Cleanup
Event: 76.994 Executing VM operation: Cleanup done

Memory protections (0 events):
No events

Nmethod flushes (20 events):
Event: 11.042 Thread 0x0000020529b49640 flushing  nmethod 0x000002051591d790
Event: 11.042 Thread 0x0000020529b49640 flushing  nmethod 0x0000020515921f90
Event: 11.042 Thread 0x0000020529b49640 flushing  nmethod 0x0000020515922410
Event: 11.042 Thread 0x0000020529b49640 flushing  nmethod 0x000002051594f810
Event: 11.042 Thread 0x0000020529b49640 flushing  nmethod 0x0000020515a67c10
Event: 11.042 Thread 0x0000020529b49640 flushing  nmethod 0x0000020515de8590
Event: 11.042 Thread 0x0000020529b49640 flushing  nmethod 0x0000020515df0890
Event: 11.042 Thread 0x0000020529b49640 flushing  nmethod 0x0000020515e4c590
Event: 11.042 Thread 0x0000020529b49640 flushing  nmethod 0x0000020515ecc310
Event: 11.042 Thread 0x0000020529b49640 flushing  nmethod 0x0000020515fe7990
Event: 11.042 Thread 0x0000020529b49640 flushing  nmethod 0x0000020516026410
Event: 11.042 Thread 0x0000020529b49640 flushing  nmethod 0x000002051602eb10
Event: 11.042 Thread 0x0000020529b49640 flushing  nmethod 0x000002051605a610
Event: 11.042 Thread 0x0000020529b49640 flushing  nmethod 0x000002051605b410
Event: 11.042 Thread 0x0000020529b49640 flushing  nmethod 0x000002051605c410
Event: 11.042 Thread 0x0000020529b49640 flushing  nmethod 0x000002051605e110
Event: 11.042 Thread 0x0000020529b49640 flushing  nmethod 0x0000020516061110
Event: 11.042 Thread 0x0000020529b49640 flushing  nmethod 0x0000020516229890
Event: 11.042 Thread 0x0000020529b49640 flushing osr nmethod 0x000002051622af90
Event: 11.042 Thread 0x0000020529b49640 flushing  nmethod 0x000002051622d590

Events (20 events):
Event: 13.289 Thread 0x000002050f92bcf0 Thread added: 0x00000205787264c0
Event: 13.333 Thread 0x000002050f92bcf0 Thread added: 0x00000205719eaf60
Event: 13.333 Thread 0x000002050f92bcf0 Thread added: 0x00000205719ec310
Event: 13.333 Thread 0x000002050f92bcf0 Thread added: 0x00000205719ec9a0
Event: 13.333 Thread 0x000002050f92bcf0 Thread added: 0x0000020573a74e40
Event: 13.333 Thread 0x000002050f92bcf0 Thread added: 0x0000020573a761f0
Event: 13.333 Thread 0x000002050f92bcf0 Thread added: 0x0000020573a76880
Event: 13.333 Thread 0x000002050f92bcf0 Thread added: 0x0000020573a76f10
Event: 13.341 Thread 0x000002050f92bcf0 Thread added: 0x0000020573a775a0
Event: 13.341 Thread 0x000002050f92bcf0 Thread added: 0x0000020573a77c30
Event: 13.342 Thread 0x000002050f92bcf0 Thread added: 0x0000020573a747b0
Event: 13.364 Thread 0x000002050f92bcf0 Thread added: 0x0000020573a782c0
Event: 13.366 Thread 0x000002050f92bcf0 Thread added: 0x0000020573a78950
Event: 13.421 Thread 0x000002050f92bcf0 Thread exited: 0x000002050f92bcf0
Event: 13.421 Thread 0x0000020573a754d0 Thread added: 0x0000020573a754d0
Event: 14.048 Thread 0x0000020573345a00 Thread exited: 0x0000020573345a00
Event: 14.437 Thread 0x0000020529d96190 Thread exited: 0x0000020529d96190
Event: 43.291 Thread 0x0000020570fee9b0 Thread added: 0x0000020573a78fe0
Event: 43.291 Thread 0x00000205723f4930 Thread added: 0x0000020573a75b60
Event: 77.153 Thread 0x0000020529b81bc0 Thread added: 0x0000020529d96190


Dynamic libraries:
0x00007ff64a520000 - 0x00007ff64a52e000 	C:\Users\Driti Sai\.p2\pool\plugins\org.eclipse.justj.openjdk.hotspot.jre.full.win32.x86_64_21.0.6.v20250130-0529\jre\bin\javaw.exe
0x00007fff23e40000 - 0x00007fff240a7000 	C:\WINDOWS\SYSTEM32\ntdll.dll
0x00007fff21db0000 - 0x00007fff21e79000 	C:\WINDOWS\System32\KERNEL32.DLL
0x00007fff21700000 - 0x00007fff21af1000 	C:\WINDOWS\System32\KERNELBASE.dll
0x00007fff21230000 - 0x00007fff2137b000 	C:\WINDOWS\System32\ucrtbase.dll
0x00007ffeeeaa0000 - 0x00007ffeeeabe000 	C:\Users\Driti Sai\.p2\pool\plugins\org.eclipse.justj.openjdk.hotspot.jre.full.win32.x86_64_21.0.6.v20250130-0529\jre\bin\VCRUNTIME140.dll
0x00007ffef89a0000 - 0x00007ffef89b8000 	C:\Users\Driti Sai\.p2\pool\plugins\org.eclipse.justj.openjdk.hotspot.jre.full.win32.x86_64_21.0.6.v20250130-0529\jre\bin\jli.dll
0x00007fff238c0000 - 0x00007fff23a85000 	C:\WINDOWS\System32\USER32.dll
0x00007fff21b00000 - 0x00007fff21b27000 	C:\WINDOWS\System32\win32u.dll
0x00007fff22d50000 - 0x00007fff22d7b000 	C:\WINDOWS\System32\GDI32.dll
0x00007fff21100000 - 0x00007fff2122b000 	C:\WINDOWS\System32\gdi32full.dll
0x00007fff21b30000 - 0x00007fff21bd3000 	C:\WINDOWS\System32\msvcp_win.dll
0x00007fff00fb0000 - 0x00007fff01243000 	C:\WINDOWS\WinSxS\amd64_microsoft.windows.common-controls_6595b64144ccf1df_6.0.26100.8037_none_3e092faae333b53b\COMCTL32.dll
0x00007fff23750000 - 0x00007fff237f9000 	C:\WINDOWS\System32\msvcrt.dll
0x00007fff23ac0000 - 0x00007fff23af1000 	C:\WINDOWS\System32\IMM32.DLL
0x00007ffeeef50000 - 0x00007ffeeef5c000 	C:\Users\Driti Sai\.p2\pool\plugins\org.eclipse.justj.openjdk.hotspot.jre.full.win32.x86_64_21.0.6.v20250130-0529\jre\bin\vcruntime140_1.dll
0x00007ffeeea10000 - 0x00007ffeeea9d000 	C:\Users\Driti Sai\.p2\pool\plugins\org.eclipse.justj.openjdk.hotspot.jre.full.win32.x86_64_21.0.6.v20250130-0529\jre\bin\msvcp140.dll
0x00007ffe721e0000 - 0x00007ffe72f70000 	C:\Users\Driti Sai\.p2\pool\plugins\org.eclipse.justj.openjdk.hotspot.jre.full.win32.x86_64_21.0.6.v20250130-0529\jre\bin\server\jvm.dll
0x00007fff23100000 - 0x00007fff231bb000 	C:\WINDOWS\System32\ADVAPI32.dll
0x00007fff21e80000 - 0x00007fff21f27000 	C:\WINDOWS\System32\sechost.dll
0x00007fff23b00000 - 0x00007fff23c18000 	C:\WINDOWS\System32\RPCRT4.dll
0x00007fff21d30000 - 0x00007fff21da4000 	C:\WINDOWS\System32\WS2_32.dll
0x00007fff20580000 - 0x00007fff205de000 	C:\WINDOWS\SYSTEM32\POWRPROF.dll
0x00007fff09870000 - 0x00007fff098a5000 	C:\WINDOWS\SYSTEM32\WINMM.dll
0x00007fff17ed0000 - 0x00007fff17edb000 	C:\WINDOWS\SYSTEM32\VERSION.dll
0x00007fff20560000 - 0x00007fff20574000 	C:\WINDOWS\SYSTEM32\UMPDC.dll
0x00007fff1f3f0000 - 0x00007fff1f40b000 	C:\WINDOWS\SYSTEM32\kernel.appcore.dll
0x00007fff00830000 - 0x00007fff0083a000 	C:\Users\Driti Sai\.p2\pool\plugins\org.eclipse.justj.openjdk.hotspot.jre.full.win32.x86_64_21.0.6.v20250130-0529\jre\bin\jimage.dll
0x00007fff1e360000 - 0x00007fff1e5a2000 	C:\WINDOWS\SYSTEM32\DBGHELP.DLL
0x00007fff21f30000 - 0x00007fff222b2000 	C:\WINDOWS\System32\combase.dll
0x00007fff224f0000 - 0x00007fff225c7000 	C:\WINDOWS\System32\OLEAUT32.dll
0x00007ffeff2f0000 - 0x00007ffeff32b000 	C:\WINDOWS\SYSTEM32\dbgcore.DLL
0x00007fff21050000 - 0x00007fff210f5000 	C:\WINDOWS\System32\bcryptPrimitives.dll
0x00007ffef89c0000 - 0x00007ffef89df000 	C:\Users\Driti Sai\.p2\pool\plugins\org.eclipse.justj.openjdk.hotspot.jre.full.win32.x86_64_21.0.6.v20250130-0529\jre\bin\java.dll
0x00007fff225e0000 - 0x00007fff22d3f000 	C:\WINDOWS\System32\SHELL32.dll
0x00007fff21590000 - 0x00007fff216fa000 	C:\WINDOWS\System32\wintypes.dll
0x00007fff207e0000 - 0x00007fff21044000 	C:\WINDOWS\System32\windows.storage.dll
0x00007fff231c0000 - 0x00007fff232b7000 	C:\WINDOWS\System32\SHCORE.dll
0x00007fff23850000 - 0x00007fff238b7000 	C:\WINDOWS\System32\shlwapi.dll
0x00007fff20640000 - 0x00007fff20669000 	C:\WINDOWS\SYSTEM32\profapi.dll
0x00007ffef8980000 - 0x00007ffef8998000 	C:\Users\Driti Sai\.p2\pool\plugins\org.eclipse.justj.openjdk.hotspot.jre.full.win32.x86_64_21.0.6.v20250130-0529\jre\bin\zip.dll
0x00007ffef8970000 - 0x00007ffef8980000 	C:\Users\Driti Sai\.p2\pool\plugins\org.eclipse.justj.openjdk.hotspot.jre.full.win32.x86_64_21.0.6.v20250130-0529\jre\bin\net.dll
0x00007fff1a870000 - 0x00007fff1a997000 	C:\WINDOWS\SYSTEM32\WINHTTP.dll
0x00007fff1fa20000 - 0x00007fff1fa8b000 	C:\WINDOWS\system32\mswsock.dll
0x00007ffef8950000 - 0x00007ffef8966000 	C:\Users\Driti Sai\.p2\pool\plugins\org.eclipse.justj.openjdk.hotspot.jre.full.win32.x86_64_21.0.6.v20250130-0529\jre\bin\nio.dll
0x00007fff1ee60000 - 0x00007fff1ee93000 	C:\WINDOWS\SYSTEM32\IPHLPAPI.DLL
0x00007fff22440000 - 0x00007fff2244a000 	C:\WINDOWS\System32\NSI.dll
0x00007fff1eef0000 - 0x00007fff1f01a000 	C:\WINDOWS\SYSTEM32\DNSAPI.dll
0x00007fff17d80000 - 0x00007fff17d8b000 	C:\Windows\System32\rasadhlp.dll
0x00007fff1b060000 - 0x00007fff1b0e6000 	C:\WINDOWS\System32\fwpuclnt.dll
0x00007ffeef140000 - 0x00007ffeef14e000 	C:\Users\Driti Sai\.p2\pool\plugins\org.eclipse.justj.openjdk.hotspot.jre.full.win32.x86_64_21.0.6.v20250130-0529\jre\bin\sunmscapi.dll
0x00007fff21410000 - 0x00007fff21587000 	C:\WINDOWS\System32\CRYPT32.dll
0x00007fff1ff20000 - 0x00007fff1ff50000 	C:\WINDOWS\SYSTEM32\ncrypt.dll
0x00007fff1fed0000 - 0x00007fff1ff0f000 	C:\WINDOWS\SYSTEM32\NTASN1.dll
0x00007ffef8940000 - 0x00007ffef8950000 	C:\Users\Driti Sai\.p2\pool\plugins\org.eclipse.justj.openjdk.hotspot.jre.full.win32.x86_64_21.0.6.v20250130-0529\jre\bin\verify.dll
0x00007fff1fd00000 - 0x00007fff1fd1b000 	C:\WINDOWS\SYSTEM32\CRYPTSP.dll
0x00007fff1f410000 - 0x00007fff1f449000 	C:\WINDOWS\system32\rsaenh.dll
0x00007fff1fad0000 - 0x00007fff1fb02000 	C:\WINDOWS\SYSTEM32\USERENV.dll
0x00007fff20610000 - 0x00007fff2063a000 	C:\WINDOWS\SYSTEM32\bcrypt.dll
0x00007fff1fd20000 - 0x00007fff1fd2c000 	C:\WINDOWS\SYSTEM32\CRYPTBASE.dll
0x00007ffeeea00000 - 0x00007ffeeea0a000 	C:\Users\Driti Sai\.p2\pool\plugins\org.eclipse.justj.openjdk.hotspot.jre.full.win32.x86_64_21.0.6.v20250130-0529\jre\bin\management.dll
0x00007ffeedc90000 - 0x00007ffeedc9b000 	C:\Users\Driti Sai\.p2\pool\plugins\org.eclipse.justj.openjdk.hotspot.jre.full.win32.x86_64_21.0.6.v20250130-0529\jre\bin\management_ext.dll
0x00007fff22450000 - 0x00007fff22458000 	C:\WINDOWS\System32\PSAPI.DLL
0x00007ffeeef60000 - 0x00007ffeeef69000 	C:\Users\Driti Sai\.p2\pool\plugins\org.eclipse.justj.openjdk.hotspot.jre.full.win32.x86_64_21.0.6.v20250130-0529\jre\bin\extnet.dll
0x00007ffebd4c0000 - 0x00007ffebd4c8000 	C:\WINDOWS\system32\wshunix.dll

dbghelp: loaded successfully - version: 4.0.5 - missing functions: none
symbol engine: initialized successfully - sym options: 0x614 - pdb path: .;C:\Users\Driti Sai\.p2\pool\plugins\org.eclipse.justj.openjdk.hotspot.jre.full.win32.x86_64_21.0.6.v20250130-0529\jre\bin;C:\WINDOWS\SYSTEM32;C:\WINDOWS\WinSxS\amd64_microsoft.windows.common-controls_6595b64144ccf1df_6.0.26100.8037_none_3e092faae333b53b;C:\Users\Driti Sai\.p2\pool\plugins\org.eclipse.justj.openjdk.hotspot.jre.full.win32.x86_64_21.0.6.v20250130-0529\jre\bin\server

VM Arguments:
jvm_args: -Dfile.encoding=UTF-8 -Dstdout.encoding=UTF-8 -Dstderr.encoding=UTF-8 -XX:+ShowCodeDetailsInExceptionMessages 
java_command: com.wallet.core.WalletServiceApplication
java_class_path (initial): D:\Digital-Wallet-System\wallet-service\target\classes;C:\Users\Driti Sai\.m2\repository\org\springframework\boot\spring-boot-starter-web\3.2.3\spring-boot-starter-web-3.2.3.jar;C:\Users\Driti Sai\.m2\repository\org\springframework\boot\spring-boot-starter\3.2.3\spring-boot-starter-3.2.3.jar;C:\Users\Driti Sai\.m2\repository\org\springframework\boot\spring-boot\3.2.3\spring-boot-3.2.3.jar;C:\Users\Driti Sai\.m2\repository\org\springframework\boot\spring-boot-autoconfigure\3.2.3\spring-boot-autoconfigure-3.2.3.jar;C:\Users\Driti Sai\.m2\repository\org\springframework\boot\spring-boot-starter-logging\3.2.3\spring-boot-starter-logging-3.2.3.jar;C:\Users\Driti Sai\.m2\repository\ch\qos\logback\logback-classic\1.4.14\logback-classic-1.4.14.jar;C:\Users\Driti Sai\.m2\repository\ch\qos\logback\logback-core\1.4.14\logback-core-1.4.14.jar;C:\Users\Driti Sai\.m2\repository\org\apache\logging\log4j\log4j-to-slf4j\2.21.1\log4j-to-slf4j-2.21.1.jar;C:\Users\Driti Sai\.m2\repository\org\apache\logging\log4j\log4j-api\2.21.1\log4j-api-2.21.1.jar;C:\Users\Driti Sai\.m2\repository\org\slf4j\jul-to-slf4j\2.0.12\jul-to-slf4j-2.0.12.jar;C:\Users\Driti Sai\.m2\repository\jakarta\annotation\jakarta.annotation-api\2.1.1\jakarta.annotation-api-2.1.1.jar;C:\Users\Driti Sai\.m2\repository\org\yaml\snakeyaml\2.2\snakeyaml-2.2.jar;C:\Users\Driti Sai\.m2\repository\org\springframework\boot\spring-boot-starter-json\3.2.3\spring-boot-starter-json-3.2.3.jar;C:\Users\Driti Sai\.m2\repository\com\fasterxml\jackson\datatype\jackson-datatype-jdk8\2.15.4\jackson-datatype-jdk8-2.15.4.jar;C:\Users\Driti Sai\.m2\repository\com\fasterxml\jackson\datatype\jackson-datatype-jsr310\2.15.4\jackson-datatype-jsr310-2.15.4.jar;C:\Users\Driti Sai\.m2\repository\com\fasterxml\jackson\module\jackson-module-parameter-names\2.15.4\jackson-module-parameter-names-2.15.4.jar;C:\Users\Driti Sai\.m2\repository\org\springframework\boot\spring-boot-starter-tomcat\3.2.3\spring-boot-starter-tomcat-3.2.3.jar;C:\Users\Driti Sai\.m2\repository\org\apache\tomcat\embed\tomcat-embed-core\10.1.19\tomcat-embed-core-10.1.19.jar;C:\Users\Driti Sai\.m2\repository\org\apache\tomcat\embed\tomcat-embed-websocket\10.1.19\tomcat-embed-websocket-10.1.19.jar;C:\Users\Driti Sai\.m2\repository\org\springframework\spring-web\6.1.4\spring-web-6.1.4.jar;C:\Users\Driti Sai\.m2\repository\org\springframework\spring-beans\6.1.4\spring-beans-6.1.4.jar;C:\Users\Driti Sai\.m2\repository\org\springframework\spring-webmvc\6.1.4\spring-webmvc-6.1.4.jar;C:\Users\Driti Sai\.m2\repository\org\springframework\spring-aop\6.1.4\spring-aop-6.1.4.jar;C:\Users\Driti Sai\.m2\repository\org\springframework\spring-expression\6.1.4\spring-expression-6.1.4.jar;C:\Users\Driti Sai\.m2\repository\org\springframework\boot\spring-boot-starter-data-jpa\3.2.3\spring-boot-starter-data-jpa-3.2.3.jar;C:\Users\Driti Sai\.m2\repository\org\springframework\boot\spring-boot-starter-aop\3.2.3\spring-boot-starter-aop-3.2.3.jar;C:\Users\Driti Sai\.m2\repository\org\aspectj\aspectjweaver\1.9.21\aspectjweaver-1.9.21.jar;C:\Users\Driti Sai\.m2\repository\org\springframework\boot\spring-boot-starter-jdbc\3.2.3\spring-boot-starter-jdbc-3.2.3.jar;C:\Users\Driti Sai\.m2\repository\com\zaxxer\HikariCP\5.0.1\HikariCP-5.0.1.jar;C:\Users\Driti Sai\.m2\repository\org\springframework\spring-jdbc\6.1.4\spring-jdbc-6.1.4.jar;C:\Users\Driti Sai\.m2\repository\org\hibernate\orm\hibernate-core\6.4.4.Final\hibernate-core-6.4.4.Final.jar;C:\Users\Driti Sai\.m2\repository\jakarta\persistence\jakarta.persistence-api\3.1.0\jakarta.persistence-api-3.1.0.jar;C:\Users\Driti Sai\.m2\repository\jakarta\transaction\jakarta.transaction-api\2.0.1\jakarta.transaction-api-2.0.1.jar;C:\Users\Driti Sai\.m2\repository\org\jboss\logging\jboss-logging\3.5.3.Final\jboss-logging-3.5.3.Final.jar;C:\Users\Driti Sai\.m2\repository\org\hibernate\common\hibernate-commons-annotations\6.0.6.Final\hibernate-commons-annotations-6.0.6.Final.jar;C:\Users\Driti Sai\.m2\repository\io\smallrye\jandex\3.1.2\jandex-3.1.2.jar;C:\Users\Driti Sai\.m2\repository\com\fasterxml\classmate\1.6.0\classmate-1.6.0.jar;C:\Users\Driti Sai\.m2\repository\net\bytebuddy\byte-buddy\1.14.12\byte-buddy-1.14.12.jar;C:\Users\Driti Sai\.m2\repository\org\glassfish\jaxb\jaxb-runtime\4.0.4\jaxb-runtime-4.0.4.jar;C:\Users\Driti Sai\.m2\repository\org\glassfish\jaxb\jaxb-core\4.0.4\jaxb-core-4.0.4.jar;C:\Users\Driti Sai\.m2\repository\org\eclipse\angus\angus-activation\2.0.1\angus-activation-2.0.1.jar;C:\Users\Driti Sai\.m2\repository\org\glassfish\jaxb\txw2\4.0.4\txw2-4.0.4.jar;C:\Users\Driti Sai\.m2\repository\com\sun\istack\istack-commons-runtime\4.1.2\istack-commons-runtime-4.1.2.jar;C:\Users\Driti Sai\.m2\repository\jakarta\inject\jakarta.inject-api\2.0.1\jakarta.inject-api-2.0.1.jar;C:\Users\Driti Sai\.m2\repository\org\antlr\antlr4-runtime\4.13.0\antlr4-runtime-4.13.0.jar;C:\Users\Driti Sai\.m2\repository\org\springframework\data\spring-data-jpa\3.2.3\spring-data-jpa-3.2.3.jar;C:\Users\Driti Sai\.m2\repository\org\springframework\data\spring-data-commons\3.2.3\spring-data-commons-3.2.3.jar;C:\Users\Driti Sai\.m2\repository\org\springframework\spring-orm\6.1.4\spring-orm-6.1.4.jar;C:\Users\Driti Sai\.m2\repository\org\slf4j\slf4j-api\2.0.12\slf4j-api-2.0.12.jar;C:\Users\Driti Sai\.m2\repository\org\springframework\spring-aspects\6.1.4\spring-aspects-6.1.4.jar;C:\Users\Driti Sai\.m2\repository\org\springframework\boot\spring-boot-starter-data-redis\3.2.3\spring-boot-starter-data-redis-3.2.3.jar;C:\Users\Driti Sai\.m2\repository\io\lettuce\lettuce-core\6.3.1.RELEASE\lettuce-core-6.3.1.RELEASE.jar;C:\Users\Driti Sai\.m2\repository\io\netty\netty-common\4.1.107.Final\netty-common-4.1.107.Final.jar;C:\Users\Driti Sai\.m2\repository\io\netty\netty-handler\4.1.107.Final\netty-handler-4.1.107.Final.jar;C:\Users\Driti Sai\.m2\repository\io\netty\netty-resolver\4.1.107.Final\netty-resolver-4.1.107.Final.jar;C:\Users\Driti Sai\.m2\repository\io\netty\netty-buffer\4.1.107.Final\netty-buffer-4.1.107.Final.jar;C:\Users\Driti Sai\.m2\repository\io\netty\netty-transport-native-unix-common\4.1.107.Final\netty-transport-native-unix-common-4.1.107.Final.jar;C:\Users\Driti Sai\.m2\repository\io\netty\netty-codec\4.1.107.Final\netty-codec-4.1.107.Final.jar;C:\Users\Driti Sai\.m2\repository\io\netty\netty-transport\4.1.107.Final\netty-transport-4.1.107.Final.jar;C:\Users\Driti Sai\.m2\repository\io\projectreactor\reactor-core\3.6.3\reactor-core-3.6.3.jar;C:\Users\Driti Sai\.m2\repository\org\reactivestreams\reactive-streams\1.0.4\reactive-streams-1.0.4.jar;C:\Users\Driti Sai\.m2\repository\org\springframework\data\spring-data-redis\3.2.3\spring-data-redis-3.2.3.jar;C:\Users\Driti Sai\.m2\repository\org\springframework\data\spring-data-keyvalue\3.2.3\spring-data-keyvalue-3.2.3.jar;C:\Users\Driti Sai\.m2\repository\org\springframework\spring-oxm\6.1.4\spring-oxm-6.1.4.jar;C:\Users\Driti Sai\.m2\repository\org\springframework\spring-context-support\6.1.4\spring-context-support-6.1.4.jar;C:\Users\Driti Sai\.m2\repository\org\springframework\kafka\spring-kafka\3.1.2\spring-kafka-3.1.2.jar;C:\Users\Driti Sai\.m2\repository\org\springframework\spring-context\6.1.4\spring-context-6.1.4.jar;C:\Users\Driti Sai\.m2\repository\org\springframework\spring-messaging\6.1.4\spring-messaging-6.1.4.jar;C:\Users\Driti Sai\.m2\repository\org\springframework\spring-tx\6.1.4\spring-tx-6.1.4.jar;C:\Users\Driti Sai\.m2\repository\org\springframework\retry\spring-retry\2.0.5\spring-retry-2.0.5.jar;C:\Users\Driti Sai\.m2\repository\org\apache\kafka\kafka-clients\3.6.1\kafka-clients-3.6.1.jar;C:\Users\Driti Sai\.m2\repository\com\github\luben\zstd-jni\1.5.5-1\zstd-jni-1.5.5-1.jar;C:\Users\Driti Sai\.m2\repository\org\lz4\lz4-java\1.8.0\lz4-java-1.8.0.jar;C:\Users\Driti Sai\.m2\repository\org\xerial\snappy\snappy-java\1.1.10.5\snappy-java-1.1.10.5.jar;C:\Users\Driti Sai\.m2\repository\io\micrometer\micrometer-observation\1.12.3\micrometer-observation-1.12.3.jar;C:\Users\Driti Sai\.m2\repository\io\micrometer\micrometer-commons\1.12.3\micrometer-commons-1.12.3.jar;C:\Users\Driti Sai\.m2\repository\com\google\code\findbugs\jsr305\3.0.2\jsr305-3.0.2.jar;C:\Users\Driti Sai\.m2\repository\org\springframework\cloud\spring-cloud-starter-netflix-eureka-client\4.1.0\spring-cloud-starter-netflix-eureka-client-4.1.0.jar;C:\Users\Driti Sai\.m2\repository\org\springframework\cloud\spring-cloud-starter\4.1.0\spring-cloud-starter-4.1.0.jar;C:\Users\Driti Sai\.m2\repository\org\springframework\cloud\spring-cloud-context\4.1.0\spring-cloud-context-4.1.0.jar;C:\Users\Driti Sai\.m2\repository\org\springframework\security\spring-security-crypto\6.2.2\spring-security-crypto-6.2.2.jar;C:\Users\Driti Sai\.m2\repository\org\springframework\cloud\spring-cloud-commons\4.1.0\spring-cloud-commons-4.1.0.jar;C:\Users\Driti Sai\.m2\repository\org\springframework\security\spring-security-rsa\1.1.1\spring-security-rsa-1.1.1.jar;C:\Users\Driti Sai\.m2\repository\org\bouncycastle\bcprov-jdk18on\1.74\bcprov-jdk18on-1.74.jar;C:\Users\Driti Sai\.m2\repository\org\springframework\cloud\spring-cloud-netflix-eureka-client\4.1.0\spring-cloud-netflix-eureka-client-4.1.0.jar;C:\Users\Driti Sai\.m2\repository\org\apache\httpcomponents\client5\httpclient5\5.2.3\httpclient5-5.2.3.jar;C:\Users\Driti Sai\.m2\repository\org\apache\httpcomponents\core5\httpcore5\5.2.4\httpcore5-5.2.4.jar;C:\Users\Driti Sai\.m2\repository\org\apache\httpcomponents\core5\httpcore5-h2\5.2.4\httpcore5-h2-5.2.4.jar;C:\Users\Driti Sai\.m2\repository\com\netflix\eureka\eureka-client\2.0.1\eureka-client-2.0.1.jar;C:\Users\Driti Sai\.m2\repository\com\netflix\netflix-commons\netflix-eventbus\0.3.0\netflix-eventbus-0.3.0.jar;C:\Users\Driti Sai\.m2\repository\com\netflix\netflix-commons\netflix-infix\0.3.0\netflix-infix-0.3.0.jar;C:\Users\Driti Sai\.m2\repository\commons-jxpath\commons-jxpath\1.3\commons-jxpath-1.3.jar;C:\Users\Driti Sai\.m2\repository\joda-time\joda-time\2.3\joda-time-2.3.jar;C:\Users\Driti Sai\.m2\repository\org\antlr\antlr-runtime\3.4\antlr-runtime-3.4.jar;C:\Users\Driti Sai\.m2\repository\org\antlr\stringtemplate\3.2.1\stringtemplate-3.2.1.jar;C:\Users\Driti Sai\.m2\repository\antlr\antlr\2.7.7\antlr-2.7.7.jar;C:\Users\Driti Sai\.m2\repository\com\google\code\gson\gson\2.10.1\gson-2.10.1.jar;C:\Users\Driti Sai\.m2\repository\org\apache\commons\commons-math\2.2\commons-math-2.2.jar;C:\Users\Driti Sai\.m2\repository\com\thoughtworks\xstream\xstream\1.4.19\xstream-1.4.19.jar;C:\Users\Driti Sai\.m2\repository\io\github\x-stream\mxparser\1.2.2\mxparser-1.2.2.jar;C:\Users\Driti Sai\.m2\repository\xmlpull\xmlpull\1.1.3.1\xmlpull-1.1.3.1.jar;C:\Users\Driti Sai\.m2\repository\jakarta\ws\rs\jakarta.ws.rs-api\3.1.0\jakarta.ws.rs-api-3.1.0.jar;C:\Users\Driti Sai\.m2\repository\com\netflix\servo\servo-core\0.12.21\servo-core-0.12.21.jar;C:\Users\Driti Sai\.m2\repository\com\google\guava\guava\19.0\guava-19.0.jar;C:\Users\Driti Sai\.m2\repository\org\apache\httpcomponents\httpclient\4.5.3\httpclient-4.5.3.jar;C:\Users\Driti Sai\.m2\repository\org\apache\httpcomponents\httpcore\4.4.16\httpcore-4.4.16.jar;C:\Users\Driti Sai\.m2\repository\commons-codec\commons-codec\1.16.1\commons-codec-1.16.1.jar;C:\Users\Driti Sai\.m2\repository\commons-configuration\commons-configuration\1.10\commons-configuration-1.10.jar;C:\Users\Driti Sai\.m2\repository\commons-lang\commons-lang\2.6\commons-lang-2.6.jar;C:\Users\Driti Sai\.m2\repository\com\fasterxml\jackson\core\jackson-annotations\2.15.4\jackson-annotations-2.15.4.jar;C:\Users\Driti Sai\.m2\repository\com\fasterxml\jackson\core\jackson-core\2.15.4\jackson-core-2.15.4.jar;C:\Users\Driti Sai\.m2\repository\org\codehaus\jettison\jettison\1.4.0\jettison-1.4.0.jar;C:\Users\Driti Sai\.m2\repository\com\netflix\eureka\eureka-core\2.0.1\eureka-core-2.0.1.jar;C:\Users\Driti Sai\.m2\repository\com\fasterxml\woodstox\woodstox-core\6.2.1\woodstox-core-6.2.1.jar;C:\Users\Driti Sai\.m2\repository\org\codehaus\woodstox\stax2-api\4.2.1\stax2-api-4.2.1.jar;C:\Users\Driti Sai\.m2\repository\org\springframework\cloud\spring-cloud-starter-loadbalancer\4.1.0\spring-cloud-starter-loadbalancer-4.1.0.jar;C:\Users\Driti Sai\.m2\repository\org\springframework\cloud\spring-cloud-loadbalancer\4.1.0\spring-cloud-loadbalancer-4.1.0.jar;C:\Users\Driti Sai\.m2\repository\io\projectreactor\addons\reactor-extra\3.5.1\reactor-extra-3.5.1.jar;C:\Users\Driti Sai\.m2\repository\org\springframework\boot\spring-boot-starter-cache\3.2.3\spring-boot-starter-cache-3.2.3.jar;C:\Users\Driti Sai\.m2\repository\com\stoyanr\evictor\1.0.0\evictor-1.0.0.jar;C:\Users\Driti Sai\.m2\repository\org\postgresql\postgresql\42.6.1\postgresql-42.6.1.jar;C:\Users\Driti Sai\.m2\repository\org\checkerframework\checker-qual\3.31.0\checker-qual-3.31.0.jar;C:\Users\Driti Sai\.m2\repository\io\jsonwebtoken\jjwt-api\0.11.5\jjwt-api-0.11.5.jar;C:\Users\Driti Sai\.m2\repository\io\jsonwebtoken\jjwt-impl\0.11.5\jjwt-impl-0.11.5.jar;C:\Users\Driti Sai\.m2\repository\io\jsonwebtoken\jjwt-jackson\0.11.5\jjwt-jackson-0.11.5.jar;C:\Users\Driti Sai\.m2\repository\com\fasterxml\jackson\core\jackson-databind\2.15.4\jackson-databind-2.15.4.jar;C:\Users\Driti Sai\.m2\repository\org\springdoc\springdoc-openapi-starter-webmvc-ui\2.3.0\springdoc-openapi-starter-webmvc-ui-2.3.0.jar;C:\Users\Driti Sai\.m2\repository\org\springdoc\springdoc-openapi-starter-webmvc-api\2.3.0\springdoc-openapi-starter-webmvc-api-2.3.0.jar;C:\Users\Driti Sai\.m2\repository\org\springdoc\springdoc-openapi-starter-common\2.3.0\springdoc-openapi-starter-common-2.3.0.jar;C:\Users\Driti Sai\.m2\repository\io\swagger\core\v3\swagger-core-jakarta\2.2.19\swagger-core-jakarta-2.2.19.jar;C:\Users\Driti Sai\.m2\repository\org\apache\commons\commons-lang3\3.13.0\commons-lang3-3.13.0.jar;C:\Users\Driti Sai\.m2\repository\io\swagger\core\v3\swagger-annotations-jakarta\2.2.19\swagger-annotations-jakarta-2.2.19.jar;C:\Users\Driti Sai\.m2\repository\io\swagger\core\v3\swagger-models-jakarta\2.2.19\swagger-models-jakarta-2.2.19.jar;C:\Users\Driti Sai\.m2\repository\com\fasterxml\jackson\dataformat\jackson-dataformat-yaml\2.15.4\jackson-dataformat-yaml-2.15.4.jar;C:\Users\Driti Sai\.m2\repository\org\webjars\swagger-ui\5.10.3\swagger-ui-5.10.3.jar;C:\Users\Driti Sai\.m2\repository\org\springframework\boot\spring-boot-starter-actuator\3.2.3\spring-boot-starter-actuator-3.2.3.jar;C:\Users\Driti Sai\.m2\repository\org\springframework\boot\spring-boot-actuator-autoconfigure\3.2.3\spring-boot-actuator-autoconfigure-3.2.3.jar;C:\Users\Driti Sai\.m2\repository\org\springframework\boot\spring-boot-actuator\3.2.3\spring-boot-actuator-3.2.3.jar;C:\Users\Driti Sai\.m2\repository\io\micrometer\micrometer-jakarta9\1.12.3\micrometer-jakarta9-1.12.3.jar;C:\Users\Driti Sai\.m2\repository\io\micrometer\micrometer-core\1.12.3\micrometer-core-1.12.3.jar;C:\Users\Driti Sai\.m2\repository\org\hdrhistogram\HdrHistogram\2.1.12\HdrHistogram-2.1.12.jar;C:\Users\Driti Sai\.m2\repository\org\latencyutils\LatencyUtils\2.0.3\LatencyUtils-2.0.3.jar;C:\Users\Driti Sai\.m2\repository\org\springframework\boot\spring-boot-starter-validation\3.2.3\spring-boot-starter-validation-3.2.3.jar;C:\Users\Driti Sai\.m2\repository\org\apache\tomcat\embed\tomcat-embed-el\10.1.19\tomcat-embed-el-10.1.19.jar;C:\Users\Driti Sai\.m2\repository\org\hibernate\validator\hibernate-validator\8.0.1.Final\hibernate-validator-8.0.1.Final.jar;C:\Users\Driti Sai\.m2\repository\jakarta\validation\jakarta.validation-api\3.0.2\jakarta.validation-api-3.0.2.jar;C:\Users\Driti Sai\.m2\repository\jakarta\xml\bind\jakarta.xml.bind-api\4.0.1\jakarta.xml.bind-api-4.0.1.jar;C:\Users\Driti Sai\.m2\repository\jakarta\activation\jakarta.activation-api\2.1.2\jakarta.activation-api-2.1.2.jar;C:\Users\Driti Sai\.m2\repository\org\springframework\spring-core\6.1.4\spring-core-6.1.4.jar;C:\Users\Driti Sai\.m2\repository\org\springframework\spring-jcl\6.1.4\spring-jcl-6.1.4.jar
Launcher Type: SUN_STANDARD

[Global flags]
     intx CICompilerCount                          = 4                                         {product} {ergonomic}
     uint ConcGCThreads                            = 2                                         {product} {ergonomic}
     uint G1ConcRefinementThreads                  = 8                                         {product} {ergonomic}
   size_t G1HeapRegionSize                         = 1048576                                   {product} {ergonomic}
    uintx GCDrainStackTargetSize                   = 64                                        {product} {ergonomic}
   size_t InitialHeapSize                          = 132120576                                 {product} {ergonomic}
   size_t MarkStackSize                            = 4194304                                   {product} {ergonomic}
   size_t MaxHeapSize                              = 2082471936                                {product} {ergonomic}
   size_t MaxNewSize                               = 1248854016                                {product} {ergonomic}
   size_t MinHeapDeltaBytes                        = 1048576                                   {product} {ergonomic}
   size_t MinHeapSize                              = 8388608                                   {product} {ergonomic}
    uintx NonNMethodCodeHeapSize                   = 5839372                                {pd product} {ergonomic}
    uintx NonProfiledCodeHeapSize                  = 122909434                              {pd product} {ergonomic}
    uintx ProfiledCodeHeapSize                     = 122909434                              {pd product} {ergonomic}
    uintx ReservedCodeCacheSize                    = 251658240                              {pd product} {ergonomic}
     bool SegmentedCodeCache                       = true                                      {product} {ergonomic}
     bool ShowCodeDetailsInExceptionMessages       = true                                   {manageable} {command line}
   size_t SoftMaxHeapSize                          = 2082471936                             {manageable} {ergonomic}
     bool UseCompressedOops                        = true                           {product lp64_product} {ergonomic}
     bool UseG1GC                                  = true                                      {product} {ergonomic}
     bool UseLargePagesIndividualAllocation        = false                                  {pd product} {ergonomic}

Logging:
Log output configuration:
 #0: stdout all=warning uptime,level,tags foldmultilines=false
 #1: stderr all=off uptime,level,tags foldmultilines=false

Environment Variables:
JAVA_HOME=C:\Program Files\Eclipse Adoptium\jdk-25.0.2.10-hotspot
PATH=C:/Users/Driti Sai/.p2/pool/plugins/org.eclipse.justj.openjdk.hotspot.jre.full.win32.x86_64_21.0.6.v20250130-0529/jre/bin/server;C:/Users/Driti Sai/.p2/pool/plugins/org.eclipse.justj.openjdk.hotspot.jre.full.win32.x86_64_21.0.6.v20250130-0529/jre/bin;C:\Program Files\Eclipse Adoptium\jdk-25.0.2.10-hotspot\bin;C:\Python314\Scripts\;C:\Python314\;D:\oracle\product\10.2.0\db_1\bin;C:\Program Files (x86)\Common Files\Oracle\Java\java8path;C:\Program Files (x86)\Common Files\Oracle\Java\javapath;C:\Python313\Scripts\;C:\Python313\;C:\oraclexe\app\oracle\product\11.2.0\server\bin;C:\windows\system32;C:\windows;C:\windows\System32\Wbem;C:\windows\System32\WindowsPowerShell\v1.0\;C:\windows\System32\OpenSSH\;C:\Program Files (x86)\NVIDIA Corporation\PhysX\Common;C:\Program Files\NVIDIA Corporation\NVIDIA NvDLISR;C:\Program Files\dotnet\;C:\WINDOWS\system32;C:\WINDOWS;C:\WINDOWS\System32\Wbem;C:\WINDOWS\System32\WindowsPowerShell\v1.0\;C:\WINDOWS\System32\OpenSSH\;C:\Program Files\Eclipse Adoptium\jdk-25.0.2.10-hotspot\bin;C:\hadoopsetup\hadoop-3.2.4\bin;C:\derby\bin;C:\hive\bin;C:\hbase\bin;C:\pig\bin;C:\ProgramData\chocolatey\bin;C:\Program Files\Git\cmd;C:\Program Files\php;C:\Program Files\WireGuard\;C:\spark\bin;C:\winutils\bin\bin;C:\kafka_2.12-3.9.1\bin;C:\Program Files\Redis\;C:\Program Files\nodejs\;C:\apache-maven-3.9.13\bin;;C:\Program Files\Docker\Docker\resources\bin;C:\Program Files\MySQL\MySQL Shell 8.0\bin\;C:\Users\Driti Sai\AppData\Local\Microsoft\WindowsApps;C:\MinGW\bin;C:\Users\Driti Sai\AppData\Local\Programs\Microsoft VS Code\bin;C:\Program Files\PostgreSQL\17\bin;C:\Users\Driti Sai\AppData\Roaming\npm;C:\Users\Driti Sai\AppData\Local\Programs\Antigravity\bin;C:\Users\Driti Sai\Desktop;
USERNAME=Driti Sai
OS=Windows_NT
PROCESSOR_IDENTIFIER=Intel64 Family 6 Model 140 Stepping 1, GenuineIntel
TMP=C:\Users\DRITIS~1\AppData\Local\Temp
TEMP=C:\Users\DRITIS~1\AppData\Local\Temp




Periodic native trim disabled

---------------  S Y S T E M  ---------------

OS:
 Windows 11 , 64 bit Build 26100 (10.0.26100.7920)
OS uptime: 0 days 0:22 hours
Hyper-V role detected

CPU: total 8 (initial active 8) (4 cores per cpu, 2 threads per core) family 6 model 140 stepping 1 microcode 0xa4, cx8, cmov, fxsr, ht, mmx, 3dnowpref, sse, sse2, sse3, ssse3, sse4.1, sse4.2, popcnt, lzcnt, tsc, tscinvbit, avx, avx2, aes, erms, clmul, bmi1, bmi2, adx, avx512f, avx512dq, avx512cd, avx512bw, avx512vl, sha, fma, vzeroupper, avx512_vpopcntdq, avx512_vpclmulqdq, avx512_vaes, avx512_vnni, clflush, clflushopt, clwb, avx512_vbmi2, avx512_vbmi, hv, rdtscp, rdpid, fsrm, gfni, avx512_bitalg, f16c, cet_ibt, cet_ss, avx512_ifma
Processor Information for processor 0
  Max Mhz: 3110, Current Mhz: 3110, Mhz Limit: 3110
Processor Information for processor 1
  Max Mhz: 3110, Current Mhz: 1203, Mhz Limit: 3110
Processor Information for processor 2
  Max Mhz: 3110, Current Mhz: 3110, Mhz Limit: 3110
Processor Information for processor 3
  Max Mhz: 3110, Current Mhz: 3110, Mhz Limit: 3110
Processor Information for processor 4
  Max Mhz: 3110, Current Mhz: 3110, Mhz Limit: 3110
Processor Information for processor 5
  Max Mhz: 3110, Current Mhz: 3110, Mhz Limit: 3110
Processor Information for processor 6
  Max Mhz: 3110, Current Mhz: 3110, Mhz Limit: 3110
Processor Information for processor 7
  Max Mhz: 3110, Current Mhz: 1203, Mhz Limit: 3110

Memory: 4k page, system-wide physical 7937M (474M free)
TotalPageFile size 20004M (AvailPageFile size 5M)
current process WorkingSet (physical memory assigned to process): 159M, peak: 354M
current process commit charge ("private bytes"): 373M, peak: 388M

vm_info: OpenJDK 64-Bit Server VM (21.0.6+7-LTS) for windows-amd64 JRE (21.0.6+7-LTS), built on 2025-01-21T00:00:00Z by "admin" with MS VC++ 17.7 (VS2022)

END.
